error: (Syntax.CannotPromoteLocalProvToAbstract (
          (("unknown_file", (9, 30), (9, 32)), "p1"),
          (("unknown_file", (9, 22), (9, 24)), "a")))
invalid global environment:
 [(Syntax.TupStructDef
     (false, "SomeStruct", [], ["T"],
      [(("unknown_file", (4, 21), (4, 22)), (Syntax.TyVar "T"))]));
   (Syntax.FnDef
      ("annot_reference_named_lifetime_in_closure", [],
       [(("unknown_file", (6, 45), (6, 47)), "a")], [],
       [("",
         (("unknown_file", (6, 52), (6, 59)),
          (Syntax.Ref ((("unknown_file", (6, 53), (6, 55)), "a"),
             Syntax.Shared,
             (("unknown_file", (6, 56), (6, 59)), (Syntax.BaseTy Syntax.U32))
             ))))
         ],
       (("unknown_file", (6, 0), (11, 1)), (Syntax.BaseTy Syntax.Unit)), 
       [],
       (("unknown_file", (7, 4), (10, 6)),
        (Syntax.Let ("_closure",
           (("unknown_file", (7, 4), (7, 7)), Syntax.Infer),
           (("unknown_file", (7, 19), (10, 5)),
            (Syntax.Fun ([], [], [], None,
               (("unknown_file", (8, 8), (8, 19)),
                (Syntax.Let ("c",
                   (("unknown_file", (8, 8), (8, 11)), Syntax.Infer),
                   (("unknown_file", (8, 16), (8, 18)),
                    (Syntax.Prim (Syntax.Num 66))),
                   (("", (0, 0), (0, 0)),
                    (Syntax.Seq (
                       (("unknown_file", (9, 8), (9, 33)),
                        (Syntax.TupStruct ("SomeStruct", [],
                           [(("unknown_file", (9, 21), (9, 28)),
                             (Syntax.Ref (
                                (("unknown_file", (9, 22), (9, 24)), "a"),
                                Syntax.Shared,
                                (("unknown_file", (9, 25), (9, 28)),
                                 (Syntax.BaseTy Syntax.U32))
                                )))
                             ],
                           [(("unknown_file", (9, 30), (9, 32)),
                             (Syntax.Borrow (
                                (("unknown_file", (9, 30), (9, 32)), "p1"),
                                Syntax.Shared,
                                (("unknown_file", (9, 31), (9, 32)),
                                 ("c", []))
                                )))
                             ]
                           ))),
                       (("unknown_file", (9, 33), (9, 34)),
                        (Syntax.Prim Syntax.Unit))
                       )))
                   )))
               ))),
           (("unknown_file", (10, 5), (10, 6)), (Syntax.Prim Syntax.Unit)))))))
   ]
