error: (Syntax.CannotPromoteLocalProvToAbstract (
          (("unknown_file", (8, 31), (8, 33)), "p1"),
          (("unknown_file", (8, 18), (8, 20)), "a")))
invalid global environment:
 [(Syntax.RecStructDef
     (false, "SomeStruct", [], ["T"],
      [("t", (("unknown_file", (4, 26), (4, 27)), (Syntax.TyVar "T")))]));
   (Syntax.FnDef
      ("annot_reference_named_lifetime", [],
       [(("unknown_file", (6, 34), (6, 36)), "a")], [],
       [("_d",
         (("unknown_file", (6, 42), (6, 49)),
          (Syntax.Ref ((("unknown_file", (6, 43), (6, 45)), "a"),
             Syntax.Shared,
             (("unknown_file", (6, 46), (6, 49)), (Syntax.BaseTy Syntax.U32))
             ))))
         ],
       (("unknown_file", (6, 0), (9, 1)), (Syntax.BaseTy Syntax.Unit)), 
       [],
       (("unknown_file", (7, 4), (7, 15)),
        (Syntax.Let ("c", (("unknown_file", (7, 4), (7, 7)), Syntax.Infer),
           (("unknown_file", (7, 12), (7, 14)), (Syntax.Prim (Syntax.Num 66))),
           (("", (0, 0), (0, 0)),
            (Syntax.Seq (
               (("unknown_file", (8, 4), (8, 35)),
                (Syntax.RecStruct ("SomeStruct", [],
                   [(("unknown_file", (8, 17), (8, 24)),
                     (Syntax.Ref ((("unknown_file", (8, 18), (8, 20)), "a"),
                        Syntax.Shared,
                        (("unknown_file", (8, 21), (8, 24)),
                         (Syntax.BaseTy Syntax.U32))
                        )))
                     ],
                   [("t",
                     (("unknown_file", (8, 31), (8, 33)),
                      (Syntax.Borrow (
                         (("unknown_file", (8, 31), (8, 33)), "p1"),
                         Syntax.Shared,
                         (("unknown_file", (8, 32), (8, 33)), ("c", []))))))
                     ]
                   ))),
               (("unknown_file", (8, 35), (8, 36)), (Syntax.Prim Syntax.Unit))
               )))
           )))))
   ]
