error: (Syntax.CannotPromoteLocalProvToAbstract (
          (("unknown_file", (9, 35), (9, 37)), "p1"),
          (("unknown_file", (9, 22), (9, 24)), "a")))
invalid global environment:
 [(Syntax.RecStructDef
     (false, "SomeStruct", [], ["T"],
      [("t", (("unknown_file", (4, 26), (4, 27)), (Syntax.TyVar "T")))]));
   (Syntax.FnDef
      ("annot_reference_named_lifetime_in_closure", [],
       [(("unknown_file", (6, 45), (6, 47)), "a")], [],
       [("",
         (("unknown_file", (6, 52), (6, 59)),
          (Syntax.Ref ((("unknown_file", (6, 53), (6, 55)), "a"),
             Syntax.Shared,
             (("unknown_file", (6, 56), (6, 59)), (Syntax.BaseTy Syntax.U32))
             ))))
         ],
       (("unknown_file", (6, 0), (11, 1)), (Syntax.BaseTy Syntax.Unit)), 
       [],
       (("unknown_file", (7, 4), (10, 6)),
        (Syntax.Let ("_closure",
           (("unknown_file", (7, 4), (7, 7)), Syntax.Infer),
           (("unknown_file", (7, 19), (10, 5)),
            (Syntax.Fun ([], [], [], None,
               (("unknown_file", (8, 8), (8, 19)),
                (Syntax.Let ("c",
                   (("unknown_file", (8, 8), (8, 11)), Syntax.Infer),
                   (("unknown_file", (8, 16), (8, 18)),
                    (Syntax.Prim (Syntax.Num 66))),
                   (("", (0, 0), (0, 0)),
                    (Syntax.Seq (
                       (("unknown_file", (9, 8), (9, 39)),
                        (Syntax.RecStruct ("SomeStruct", [],
                           [(("unknown_file", (9, 21), (9, 28)),
                             (Syntax.Ref (
                                (("unknown_file", (9, 22), (9, 24)), "a"),
                                Syntax.Shared,
                                (("unknown_file", (9, 25), (9, 28)),
                                 (Syntax.BaseTy Syntax.U32))
                                )))
                             ],
                           [("t",
                             (("unknown_file", (9, 35), (9, 37)),
                              (Syntax.Borrow (
                                 (("unknown_file", (9, 35), (9, 37)), "p1"),
                                 Syntax.Shared,
                                 (("unknown_file", (9, 36), (9, 37)),
                                  ("c", []))
                                 ))))
                             ]
                           ))),
                       (("unknown_file", (9, 39), (9, 40)),
                        (Syntax.Prim Syntax.Unit))
                       )))
                   )))
               ))),
           (("unknown_file", (10, 5), (10, 6)), (Syntax.Prim Syntax.Unit)))))))
   ]
