valid global environment:
 [(Syntax.TupStructDef
     (false, "SomeStruct", [], ["T"],
      [(("unknown_file", (4, 21), (4, 22)), (Syntax.TyVar "T"))]));
   (Syntax.FnDef
      ("annot_reference_named_lifetime_ok", [],
       [(("unknown_file", (6, 37), (6, 39)), "a")], [],
       [("c",
         (("unknown_file", (6, 44), (6, 51)),
          (Syntax.Ref ((("unknown_file", (6, 45), (6, 47)), "a"),
             Syntax.Shared,
             (("unknown_file", (6, 48), (6, 51)), (Syntax.BaseTy Syntax.U32))
             ))))
         ],
       (("unknown_file", (6, 0), (8, 1)), (Syntax.BaseTy Syntax.Unit)), 
       [],
       (("", (0, 0), (0, 0)),
        (Syntax.Seq (
           (("unknown_file", (7, 4), (7, 28)),
            (Syntax.TupStruct ("SomeStruct", [],
               [(("unknown_file", (7, 17), (7, 24)),
                 (Syntax.Ref ((("unknown_file", (7, 18), (7, 20)), "a"),
                    Syntax.Shared,
                    (("unknown_file", (7, 21), (7, 24)),
                     (Syntax.BaseTy Syntax.U32))
                    )))
                 ],
               [(("unknown_file", (7, 26), (7, 27)),
                 (Syntax.Move (("unknown_file", (7, 26), (7, 27)), ("c", []))))
                 ]
               ))),
           (("unknown_file", (7, 28), (7, 29)), (Syntax.Prim Syntax.Unit)))))))
   ]
