valid global environment:
 [(Syntax.FnDef
     ("some_fn", [], [], ["T"],
      [("arg", (("unknown_file", (4, 19), (4, 20)), (Syntax.TyVar "T")))],
      (("unknown_file", (4, 0), (4, 25)), (Syntax.BaseTy Syntax.Unit)), 
      [], (("unknown_file", (4, 22), (4, 25)), (Syntax.Prim Syntax.Unit))));
   (Syntax.FnDef
      ("no_annot", [], [], [], [],
       (("unknown_file", (6, 0), (9, 1)), (Syntax.BaseTy Syntax.Unit)), 
       [],
       (("unknown_file", (7, 4), (7, 15)),
        (Syntax.Let ("c", (("unknown_file", (7, 4), (7, 7)), Syntax.Infer),
           (("unknown_file", (7, 12), (7, 14)), (Syntax.Prim (Syntax.Num 66))),
           (("", (0, 0), (0, 0)),
            (Syntax.Seq (
               (("unknown_file", (8, 4), (8, 39)),
                (Syntax.App (
                   (("unknown_file", (8, 4), (8, 22)), (Syntax.Fn "some_fn")),
                   [], [],
                   [(("unknown_file", (8, 14), (8, 21)),
                     (Syntax.Ref ((("unknown_file", (8, 15), (8, 17)), "c"),
                        Syntax.Shared,
                        (("unknown_file", (8, 18), (8, 21)),
                         (Syntax.BaseTy Syntax.U32))
                        )))
                     ],
                   [(("unknown_file", (8, 23), (8, 38)),
                     (Syntax.Borrow (
                        (("unknown_file", (8, 23), (8, 38)), "c"),
                        Syntax.Shared,
                        (("unknown_file", (8, 37), (8, 38)), ("c", [])))))
                     ]
                   ))),
               (("unknown_file", (8, 39), (8, 40)), (Syntax.Prim Syntax.Unit))
               )))
           )))))
   ]
