valid global environment:
 [(Syntax.FnDef
     ("some_fn", [], [], ["T"],
      [("arg", (("unknown_file", (4, 19), (4, 20)), (Syntax.TyVar "T")))],
      (("unknown_file", (4, 0), (4, 25)), (Syntax.BaseTy Syntax.Unit)), 
      [], (("unknown_file", (4, 22), (4, 25)), (Syntax.Prim Syntax.Unit))));
   (Syntax.FnDef
      ("annot_reference_named_lifetime_ok", [],
       [(("unknown_file", (6, 37), (6, 39)), "a")], [],
       [("c",
         (("unknown_file", (6, 44), (6, 51)),
          (Syntax.Ref ((("unknown_file", (6, 45), (6, 47)), "a"),
             Syntax.Shared,
             (("unknown_file", (6, 48), (6, 51)), (Syntax.BaseTy Syntax.U32))
             ))))
         ],
       (("unknown_file", (6, 0), (8, 1)), (Syntax.BaseTy Syntax.Unit)), 
       [],
       (("", (0, 0), (0, 0)),
        (Syntax.Seq (
           (("unknown_file", (7, 4), (7, 25)),
            (Syntax.App (
               (("unknown_file", (7, 4), (7, 22)), (Syntax.Fn "some_fn")),
               [], [],
               [(("unknown_file", (7, 14), (7, 21)),
                 (Syntax.Ref ((("unknown_file", (7, 15), (7, 17)), "a"),
                    Syntax.Shared,
                    (("unknown_file", (7, 18), (7, 21)),
                     (Syntax.BaseTy Syntax.U32))
                    )))
                 ],
               [(("unknown_file", (7, 23), (7, 24)),
                 (Syntax.Move (("unknown_file", (7, 23), (7, 24)), ("c", []))))
                 ]
               ))),
           (("unknown_file", (7, 25), (7, 26)), (Syntax.Prim Syntax.Unit)))))))
   ]
