valid global environment:
 [(Syntax.FnDef
     ("some_fn", [], [], ["T"],
      [("arg", (("unknown_file", (4, 19), (4, 20)), (Syntax.TyVar "T")))],
      (("unknown_file", (4, 0), (4, 25)), (Syntax.BaseTy Syntax.Unit)), 
      [], (("unknown_file", (4, 22), (4, 25)), (Syntax.Prim Syntax.Unit))));
   (Syntax.FnDef
      ("annot_reference_named_lifetime_in_closure_ok", [],
       [(("unknown_file", (6, 48), (6, 50)), "a")], [],
       [("c",
         (("unknown_file", (6, 55), (6, 62)),
          (Syntax.Ref ((("unknown_file", (6, 56), (6, 58)), "a"),
             Syntax.Shared,
             (("unknown_file", (6, 59), (6, 62)), (Syntax.BaseTy Syntax.U32))
             ))))
         ],
       (("unknown_file", (6, 0), (10, 1)), (Syntax.BaseTy Syntax.Unit)), 
       [],
       (("unknown_file", (7, 4), (9, 6)),
        (Syntax.Let ("_closure",
           (("unknown_file", (7, 4), (7, 7)), Syntax.Infer),
           (("unknown_file", (7, 19), (9, 5)),
            (Syntax.Fun ([], [], [], None,
               (("", (0, 0), (0, 0)),
                (Syntax.Seq (
                   (("unknown_file", (8, 8), (8, 29)),
                    (Syntax.App (
                       (("unknown_file", (8, 8), (8, 26)),
                        (Syntax.Fn "some_fn")),
                       [], [],
                       [(("unknown_file", (8, 18), (8, 25)),
                         (Syntax.Ref (
                            (("unknown_file", (8, 19), (8, 21)), "a"),
                            Syntax.Shared,
                            (("unknown_file", (8, 22), (8, 25)),
                             (Syntax.BaseTy Syntax.U32))
                            )))
                         ],
                       [(("unknown_file", (8, 27), (8, 28)),
                         (Syntax.Move
                            (("unknown_file", (8, 27), (8, 28)), ("c", []))))
                         ]
                       ))),
                   (("unknown_file", (8, 29), (8, 30)),
                    (Syntax.Prim Syntax.Unit))
                   )))
               ))),
           (("unknown_file", (9, 5), (9, 6)), (Syntax.Prim Syntax.Unit)))))))
   ]
