error: (Syntax.CannotPromoteLocalProvToAbstract (
          (("unknown_file", (4, 15), (4, 17)), "f"),
          (("unknown_file", (4, 28), (4, 30)), "a")))
invalid global environment:
 [(Syntax.FnDef
     ("test", [], [(("unknown_file", (3, 8), (3, 10)), "a")], [], [],
      (("unknown_file", (3, 0), (6, 1)), (Syntax.BaseTy Syntax.Unit)), 
      [],
      (("unknown_file", (4, 4), (4, 38)),
       (Syntax.Let ("f",
          (("unknown_file", (4, 11), (4, 21)),
           (Syntax.Fun ([], [], [],
              [(("unknown_file", (4, 14), (4, 20)),
                (Syntax.Ref ((("unknown_file", (4, 15), (4, 17)), "f"),
                   Syntax.Shared,
                   (("unknown_file", (4, 18), (4, 20)),
                    (Syntax.BaseTy Syntax.Unit))
                   )))
                ],
              Syntax.Unboxed,
              (("unknown_file", (4, 11), (4, 21)),
               (Syntax.BaseTy Syntax.Unit)),
              []))),
          (("unknown_file", (4, 24), (4, 37)),
           (Syntax.Fun ([], [],
              [("x",
                (("unknown_file", (4, 27), (4, 33)),
                 (Syntax.Ref ((("unknown_file", (4, 28), (4, 30)), "a"),
                    Syntax.Shared,
                    (("unknown_file", (4, 31), (4, 33)),
                     (Syntax.BaseTy Syntax.Unit))
                    ))))
                ],
              None,
              (("unknown_file", (4, 35), (4, 37)), (Syntax.Prim Syntax.Unit))
              ))),
          (("unknown_file", (4, 37), (4, 38)), (Syntax.Prim Syntax.Unit)))))));
   (Syntax.FnDef
      ("main", [], [], [], [],
       (("unknown_file", (8, 0), (10, 1)), (Syntax.BaseTy Syntax.Unit)), 
       [],
       (("", (0, 0), (0, 0)),
        (Syntax.Seq (
           (("unknown_file", (9, 4), (9, 17)),
            (Syntax.App (
               (("unknown_file", (9, 4), (9, 15)), (Syntax.Fn "test")), 
               [], [(("unknown_file", (9, 11), (9, 14)), "t0")], [], 
               []))),
           (("unknown_file", (9, 17), (9, 18)), (Syntax.Prim Syntax.Unit)))))))
   ]
