error: (Syntax.CannotPromoteLocalProvToAbstract (
          (("unknown_file", (11, 56), (11, 58)), "p2"),
          (("unknown_file", (11, 27), (11, 29)), "a")))
invalid global environment:
 [(Syntax.FnDef
     ("method", [], [(("unknown_file", (4, 10), (4, 12)), "a")], ["T"; "U"],
      [("slf",
        (("unknown_file", (4, 25), (4, 30)),
         (Syntax.Ref ((("unknown_file", (4, 26), (4, 28)), "a"),
            Syntax.Shared,
            (("unknown_file", (4, 29), (4, 30)), (Syntax.TyVar "T"))))));
        ("arg", (("unknown_file", (4, 37), (4, 38)), (Syntax.TyVar "T")));
        ("arg2", (("unknown_file", (4, 46), (4, 47)), (Syntax.TyVar "U")))],
      (("unknown_file", (4, 0), (4, 52)), (Syntax.BaseTy Syntax.Unit)), 
      [], (("unknown_file", (4, 49), (4, 52)), (Syntax.Prim Syntax.Unit))));
   (Syntax.FnDef
      ("annot_reference_named_lifetime_in_closure", [],
       [(("unknown_file", (6, 45), (6, 47)), "a")], [],
       [("",
         (("unknown_file", (6, 52), (6, 59)),
          (Syntax.Ref ((("unknown_file", (6, 53), (6, 55)), "a"),
             Syntax.Shared,
             (("unknown_file", (6, 56), (6, 59)), (Syntax.BaseTy Syntax.U32))
             ))))
         ],
       (("unknown_file", (6, 0), (13, 1)), (Syntax.BaseTy Syntax.Unit)), 
       [],
       (("unknown_file", (7, 4), (7, 15)),
        (Syntax.Let ("a", (("unknown_file", (7, 4), (7, 7)), Syntax.Infer),
           (("unknown_file", (7, 12), (7, 14)), (Syntax.Prim (Syntax.Num 22))),
           (("unknown_file", (8, 4), (8, 15)),
            (Syntax.Let ("b",
               (("unknown_file", (8, 4), (8, 7)), Syntax.Infer),
               (("unknown_file", (8, 12), (8, 14)),
                (Syntax.Prim (Syntax.Num 44))),
               (("unknown_file", (9, 4), (12, 6)),
                (Syntax.Let ("_closure",
                   (("unknown_file", (9, 4), (9, 7)), Syntax.Infer),
                   (("unknown_file", (9, 19), (12, 5)),
                    (Syntax.Fun ([], [], [], None,
                       (("unknown_file", (10, 8), (10, 19)),
                        (Syntax.Let ("c",
                           (("unknown_file", (10, 8), (10, 11)), Syntax.Infer),
                           (("unknown_file", (10, 16), (10, 18)),
                            (Syntax.Prim (Syntax.Num 66))),
                           (("", (0, 0), (0, 0)),
                            (Syntax.Seq (
                               (("unknown_file", (11, 8), (11, 59)),
                                (Syntax.App (
                                   (("unknown_file", (11, 8), (11, 34)),
                                    (Syntax.Fn "method")),
                                   [],
                                   [(("unknown_file", (11, 17), (11, 19)),
                                     "t")],
                                   [(("unknown_file", (11, 21), (11, 24)),
                                     (Syntax.BaseTy Syntax.U32));
                                     (("unknown_file", (11, 26), (11, 33)),
                                      (Syntax.Ref (
                                         (("unknown_file", (11, 27), (11, 29)),
                                          "a"),
                                         Syntax.Shared,
                                         (("unknown_file", (11, 30), (11, 33)),
                                          (Syntax.BaseTy Syntax.U32))
                                         )))
                                     ],
                                   [(("unknown_file", (11, 35), (11, 50)),
                                     (Syntax.Borrow (
                                        (("unknown_file", (11, 35), (11, 50)),
                                         "t"),
                                        Syntax.Shared,
                                        (("unknown_file", (11, 49), (11, 50)),
                                         ("a", []))
                                        )));
                                     (("unknown_file", (11, 52), (11, 53)),
                                      (Syntax.Move
                                         (("unknown_file", (11, 52), (11, 53)),
                                          ("b", []))));
                                     (("unknown_file", (11, 56), (11, 58)),
                                      (Syntax.Borrow (
                                         (("unknown_file", (11, 56), (11, 58)),
                                          "p2"),
                                         Syntax.Shared,
                                         (("unknown_file", (11, 57), (11, 58)),
                                          ("c", []))
                                         )))
                                     ]
                                   ))),
                               (("unknown_file", (11, 59), (11, 60)),
                                (Syntax.Prim Syntax.Unit))
                               )))
                           )))
                       ))),
                   (("unknown_file", (12, 5), (12, 6)),
                    (Syntax.Prim Syntax.Unit))
                   )))
               )))
           )))))
   ]
