valid global environment:
 [(Syntax.FnDef
     ("method", [], [(("unknown_file", (4, 10), (4, 12)), "a")], ["T"; "U"],
      [("slf",
        (("unknown_file", (4, 25), (4, 30)),
         (Syntax.Ref ((("unknown_file", (4, 26), (4, 28)), "a"),
            Syntax.Shared,
            (("unknown_file", (4, 29), (4, 30)), (Syntax.TyVar "T"))))));
        ("arg", (("unknown_file", (4, 37), (4, 38)), (Syntax.TyVar "T")));
        ("arg2", (("unknown_file", (4, 46), (4, 47)), (Syntax.TyVar "U")))],
      (("unknown_file", (4, 0), (4, 52)), (Syntax.BaseTy Syntax.Unit)), 
      [], (("unknown_file", (4, 49), (4, 52)), (Syntax.Prim Syntax.Unit))));
   (Syntax.FnDef
      ("annot_reference_named_lifetime_in_closure_ok", [],
       [(("unknown_file", (6, 48), (6, 50)), "a")], [],
       [("c",
         (("unknown_file", (6, 55), (6, 62)),
          (Syntax.Ref ((("unknown_file", (6, 56), (6, 58)), "a"),
             Syntax.Shared,
             (("unknown_file", (6, 59), (6, 62)), (Syntax.BaseTy Syntax.U32))
             ))))
         ],
       (("unknown_file", (6, 0), (12, 1)), (Syntax.BaseTy Syntax.Unit)), 
       [],
       (("unknown_file", (7, 4), (7, 15)),
        (Syntax.Let ("a", (("unknown_file", (7, 4), (7, 7)), Syntax.Infer),
           (("unknown_file", (7, 12), (7, 14)), (Syntax.Prim (Syntax.Num 22))),
           (("unknown_file", (8, 4), (8, 15)),
            (Syntax.Let ("b",
               (("unknown_file", (8, 4), (8, 7)), Syntax.Infer),
               (("unknown_file", (8, 12), (8, 14)),
                (Syntax.Prim (Syntax.Num 44))),
               (("unknown_file", (9, 4), (11, 6)),
                (Syntax.Let ("_closure",
                   (("unknown_file", (9, 4), (9, 7)), Syntax.Infer),
                   (("unknown_file", (9, 19), (11, 5)),
                    (Syntax.Fun ([], [], [], None,
                       (("", (0, 0), (0, 0)),
                        (Syntax.Seq (
                           (("unknown_file", (10, 8), (10, 56)),
                            (Syntax.App (
                               (("unknown_file", (10, 8), (10, 34)),
                                (Syntax.Fn "method")),
                               [],
                               [(("unknown_file", (10, 17), (10, 19)), "t")],
                               [(("unknown_file", (10, 21), (10, 24)),
                                 (Syntax.BaseTy Syntax.U32));
                                 (("unknown_file", (10, 26), (10, 33)),
                                  (Syntax.Ref (
                                     (("unknown_file", (10, 27), (10, 29)),
                                      "a"),
                                     Syntax.Shared,
                                     (("unknown_file", (10, 30), (10, 33)),
                                      (Syntax.BaseTy Syntax.U32))
                                     )))
                                 ],
                               [(("unknown_file", (10, 35), (10, 48)),
                                 (Syntax.Borrow (
                                    (("unknown_file", (10, 35), (10, 48)),
                                     "t"),
                                    Syntax.Shared,
                                    (("unknown_file", (10, 47), (10, 48)),
                                     ("a", []))
                                    )));
                                 (("unknown_file", (10, 50), (10, 51)),
                                  (Syntax.Move
                                     (("unknown_file", (10, 50), (10, 51)),
                                      ("b", []))));
                                 (("unknown_file", (10, 54), (10, 55)),
                                  (Syntax.Move
                                     (("unknown_file", (10, 54), (10, 55)),
                                      ("c", []))))
                                 ]
                               ))),
                           (("unknown_file", (10, 56), (10, 57)),
                            (Syntax.Prim Syntax.Unit))
                           )))
                       ))),
                   (("unknown_file", (11, 5), (11, 6)),
                    (Syntax.Prim Syntax.Unit))
                   )))
               )))
           )))))
   ]
