error: (Syntax.InvalidLoan (Syntax.Shared,
          (("unknown_file", (9, 9), (9, 13)), ("tmp0", []))))
invalid global environment:
 [(Syntax.FnDef
     ("gimme", [], [(("unknown_file", (1, 9), (1, 11)), "a")], [],
      [("x",
        (("unknown_file", (1, 16), (1, 26)),
         (Syntax.Ref ((("unknown_file", (1, 17), (1, 19)), "a"),
            Syntax.Shared,
            (("unknown_file", (1, 20), (1, 26)),
             (Syntax.Tup
                [(("unknown_file", (1, 21), (1, 24)),
                  (Syntax.BaseTy Syntax.U32))]))
            ))))
        ],
      (("unknown_file", (1, 31), (1, 38)),
       (Syntax.Ref ((("unknown_file", (1, 32), (1, 34)), "a"), Syntax.Shared,
          (("unknown_file", (1, 35), (1, 38)), (Syntax.BaseTy Syntax.U32))))),
      [],
      (("unknown_file", (2, 4), (2, 11)),
       (Syntax.Borrow ((("unknown_file", (2, 4), (2, 11)), "p1"),
          Syntax.Shared,
          (("unknown_file", (2, 7), (2, 8)),
           ("x", [Syntax.Deref; (Syntax.Index 0)]))
          )))));
   (Syntax.FnDef
      ("main", [], [], [], [],
       (("unknown_file", (5, 0), (13, 1)), (Syntax.BaseTy Syntax.Unit)), 
       [],
       (("unknown_file", (6, 4), (11, 7)),
        (Syntax.Let ("x",
           (("unknown_file", (6, 11), (6, 18)),
            (Syntax.Ref ((("unknown_file", (6, 12), (6, 14)), "v"),
               Syntax.Shared,
               (("unknown_file", (6, 15), (6, 18)),
                (Syntax.BaseTy Syntax.U32))
               ))),
           (("unknown_file", (6, 21), (11, 6)),
            (Syntax.App (
               (("unknown_file", (6, 21), (6, 32)), (Syntax.Fn "gimme")), 
               [], [(("unknown_file", (6, 29), (6, 31)), "v")], [],
               [(("unknown_file", (7, 8), (7, 24)),
                 (Syntax.Let ("v",
                    (("unknown_file", (7, 15), (7, 18)),
                     (Syntax.BaseTy Syntax.U32)),
                    (("unknown_file", (7, 21), (7, 23)),
                     (Syntax.Prim (Syntax.Num 22))),
                    (("unknown_file", (8, 8), (8, 32)),
                     (Syntax.Let ("tmp0",
                        (("unknown_file", (8, 18), (8, 24)),
                         (Syntax.Tup
                            [(("unknown_file", (8, 19), (8, 22)),
                              (Syntax.BaseTy Syntax.U32))])),
                        (("unknown_file", (8, 27), (8, 31)),
                         (Syntax.Tup
                            [(("unknown_file", (8, 28), (8, 29)),
                              (Syntax.Move
                                 (("unknown_file", (8, 28), (8, 29)),
                                  ("v", []))))
                              ])),
                        (("unknown_file", (9, 8), (9, 13)),
                         (Syntax.Borrow (
                            (("unknown_file", (9, 8), (9, 13)), "p2"),
                            Syntax.Shared,
                            (("unknown_file", (9, 9), (9, 13)), ("tmp0", []))
                            )))
                        )))
                    )))
                 ]
               ))),
           (("unknown_file", (11, 6), (11, 7)), (Syntax.Prim Syntax.Unit)))))))
   ]
