error: (Syntax.InvalidProv (("unknown_file", (3, 4), (3, 6)), "p1"))
invalid global environment:
 [(Syntax.FnDef
     ("foo", [], [(("unknown_file", (1, 7), (1, 9)), "a")], [],
      [("x",
        (("unknown_file", (1, 14), (1, 24)),
         (Syntax.Ref ((("unknown_file", (1, 15), (1, 17)), "a"),
            Syntax.Shared,
            (("unknown_file", (1, 18), (1, 24)),
             (Syntax.Tup
                [(("unknown_file", (1, 19), (1, 22)),
                  (Syntax.BaseTy Syntax.U32))]))
            ))))
        ],
      (("unknown_file", (1, 29), (1, 36)),
       (Syntax.Ref ((("unknown_file", (1, 30), (1, 32)), "a"), Syntax.Shared,
          (("unknown_file", (1, 33), (1, 36)), (Syntax.BaseTy Syntax.U32))))),
      [],
      (("unknown_file", (2, 4), (2, 20)),
       (Syntax.Let ("v",
          (("unknown_file", (2, 11), (2, 14)), (Syntax.BaseTy Syntax.U32)),
          (("unknown_file", (2, 17), (2, 19)), (Syntax.Prim (Syntax.Num 22))),
          (("unknown_file", (3, 4), (3, 6)),
           (Syntax.Borrow ((("unknown_file", (3, 4), (3, 6)), "p1"),
              Syntax.Shared, (("unknown_file", (3, 5), (3, 6)), ("v", [])))))
          )))));
   (Syntax.FnDef
      ("main", [], [], [], [],
       (("unknown_file", (7, 0), (7, 12)), (Syntax.BaseTy Syntax.Unit)), 
       [], (("unknown_file", (7, 10), (7, 12)), (Syntax.Prim Syntax.Unit))))
   ]
