error: (Syntax.SafetyErr (
          (Syntax.Unique, (("unknown_file", (5, 4), (5, 5)), ("x", []))),
          (Syntax.Unique, (("unknown_file", (4, 30), (4, 31)), ("x", [])))))
invalid global environment:
 [(Syntax.FnDef
     ("use_as_borrow_mut_capture", [], [], [],
      [("x", (("unknown_file", (3, 36), (3, 39)), (Syntax.BaseTy Syntax.U32)))
        ],
      (("unknown_file", (3, 0), (8, 1)), (Syntax.BaseTy Syntax.Unit)), 
      [],
      (("unknown_file", (4, 4), (4, 32)),
       (Syntax.Let ("y",
          (("unknown_file", (4, 11), (4, 22)),
           (Syntax.Ref ((("unknown_file", (4, 12), (4, 14)), "y"),
              Syntax.Unique,
              (("unknown_file", (4, 19), (4, 22)), (Syntax.BaseTy Syntax.U32))
              ))),
          (("unknown_file", (4, 25), (4, 31)),
           (Syntax.Borrow ((("unknown_file", (4, 25), (4, 31)), "p2"),
              Syntax.Unique, (("unknown_file", (4, 30), (4, 31)), ("x", []))
              ))),
          (("", (1, 0), (1, 0)),
           (Syntax.Seq (
              (("unknown_file", (5, 4), (5, 9)),
               (Syntax.Assign ((("unknown_file", (5, 4), (5, 5)), ("x", [])),
                  (("unknown_file", (5, 8), (5, 9)),
                   (Syntax.Prim (Syntax.Num 0)))
                  ))),
              (("unknown_file", (6, 4), (6, 44)),
               (Syntax.Let ("tmp0",
                  (("unknown_file", (6, 14), (6, 34)),
                   (Syntax.Ref ((("unknown_file", (6, 15), (6, 18)), "t0"),
                      Syntax.Unique,
                      (("unknown_file", (6, 23), (6, 34)),
                       (Syntax.Ref (
                          (("unknown_file", (6, 24), (6, 26)), "y"),
                          Syntax.Unique,
                          (("unknown_file", (6, 31), (6, 34)),
                           (Syntax.BaseTy Syntax.U32))
                          )))
                      ))),
                  (("unknown_file", (6, 37), (6, 43)),
                   (Syntax.Borrow (
                      (("unknown_file", (6, 37), (6, 43)), "p1"),
                      Syntax.Unique,
                      (("unknown_file", (6, 42), (6, 43)), ("y", []))))),
                  (("", (0, 0), (0, 0)),
                   (Syntax.Seq (
                      (("unknown_file", (7, 4), (7, 17)),
                       (Syntax.Fun ([], [], [], None,
                          (("unknown_file", (7, 7), (7, 17)),
                           (Syntax.Assign (
                              (("unknown_file", (7, 9), (7, 13)),
                               ("tmp0", [Syntax.Deref; Syntax.Deref])),
                              (("unknown_file", (7, 16), (7, 17)),
                               (Syntax.Prim (Syntax.Num 1)))
                              )))
                          ))),
                      (("unknown_file", (7, 17), (7, 18)),
                       (Syntax.Prim Syntax.Unit))
                      )))
                  )))
              )))
          )))));
   (Syntax.FnDef
      ("main", [], [], [], [],
       (("unknown_file", (10, 0), (10, 12)), (Syntax.BaseTy Syntax.Unit)),
       [], (("unknown_file", (10, 10), (10, 12)), (Syntax.Prim Syntax.Unit))))
   ]
