error: (Syntax.UnsatisfiedEnvQualifier (Syntax.Shared,
          (Syntax.Env
             [("tmp0",
               (("unknown_file", (9, 14), (9, 26)),
                (Syntax.Ref ((("unknown_file", (9, 15), (9, 18)), "t0"),
                   Syntax.Unique,
                   (("unknown_file", (9, 23), (9, 26)),
                    (Syntax.BaseTy Syntax.U32))
                   ))))
               ])
          ))
invalid global environment:
 [(Syntax.FnDef
     ("fn_ref", [(Syntax.Shared, "F")], [], [],
      [("f",
        (("unknown_file", (5, 22), (5, 23)),
         (Syntax.Fun ([], [], [], [], (Syntax.EnvVar (Syntax.Shared, "F")),
            (("<inferred>", (-1, -1), (-1, -1)), (Syntax.BaseTy Syntax.Unit))
            ))))
        ],
      (("unknown_file", (5, 28), (5, 29)),
       (Syntax.Fun ([], [], [], [], (Syntax.EnvVar (Syntax.Shared, "F")),
          (("<inferred>", (-1, -1), (-1, -1)), (Syntax.BaseTy Syntax.Unit))))),
      [],
      (("unknown_file", (5, 32), (5, 33)),
       (Syntax.Move (("unknown_file", (5, 32), (5, 33)), ("f", []))))));
   (Syntax.FnDef
      ("two_closures_ref", [], [], [],
       [("x",
         (("unknown_file", (8, 23), (8, 26)), (Syntax.BaseTy Syntax.U32)))],
       (("unknown_file", (8, 0), (19, 1)), (Syntax.BaseTy Syntax.Unit)), 
       [],
       (("unknown_file", (9, 4), (9, 36)),
        (Syntax.Let ("tmp0",
           (("unknown_file", (9, 14), (9, 26)),
            (Syntax.Ref ((("unknown_file", (9, 15), (9, 18)), "t0"),
               Syntax.Unique,
               (("unknown_file", (9, 23), (9, 26)),
                (Syntax.BaseTy Syntax.U32))
               ))),
           (("unknown_file", (9, 29), (9, 35)),
            (Syntax.Borrow ((("unknown_file", (9, 29), (9, 35)), "p2"),
               Syntax.Unique, (("unknown_file", (9, 34), (9, 35)), ("x", []))
               ))),
           (("unknown_file", (10, 4), (12, 6)),
            (Syntax.Let ("c0",
               (("unknown_file", (10, 12), (10, 16)),
                (Syntax.Fun ([], [], [], [], Syntax.Unboxed,
                   (("unknown_file", (10, 12), (10, 16)),
                    (Syntax.BaseTy Syntax.Unit))
                   ))),
               (("unknown_file", (10, 19), (12, 5)),
                (Syntax.Fun ([], [], [], None,
                   (("", (3, 0), (3, 0)),
                    (Syntax.Seq (
                       (("unknown_file", (11, 8), (11, 20)),
                        (Syntax.Fun ([], [], [], None,
                           (("unknown_file", (11, 11), (11, 20)),
                            (Syntax.Assign (
                               (("unknown_file", (11, 12), (11, 16)),
                                ("tmp0", [Syntax.Deref])),
                               (("unknown_file", (11, 19), (11, 20)),
                                (Syntax.Prim (Syntax.Num 1)))
                               )))
                           ))),
                       (("unknown_file", (11, 20), (11, 21)),
                        (Syntax.Prim Syntax.Unit))
                       )))
                   ))),
               (("", (2, 0), (2, 0)),
                (Syntax.Seq (
                   (("unknown_file", (13, 4), (13, 26)),
                    (Syntax.App (
                       (("unknown_file", (13, 16), (13, 22)),
                        (Syntax.Fn "fn_ref")),
                       [(Syntax.EnvOf "c0")], [], [],
                       [(("unknown_file", (13, 23), (13, 25)),
                         (Syntax.Move
                            (("unknown_file", (13, 23), (13, 25)), ("c0", []))))
                         ]
                       ))),
                   (("unknown_file", (14, 4), (17, 6)),
                    (Syntax.Let ("c1",
                       (("unknown_file", (14, 12), (14, 16)),
                        (Syntax.Fun ([], [], [], [], Syntax.Unboxed,
                           (("unknown_file", (14, 12), (14, 16)),
                            (Syntax.BaseTy Syntax.Unit))
                           ))),
                       (("unknown_file", (14, 19), (17, 5)),
                        (Syntax.Fun ([], [], [], None,
                           (("unknown_file", (15, 8), (15, 40)),
                            (Syntax.Let ("tmp1",
                               (("unknown_file", (15, 18), (15, 30)),
                                (Syntax.Ref (
                                   (("unknown_file", (15, 19), (15, 22)),
                                    "t1"),
                                   Syntax.Unique,
                                   (("unknown_file", (15, 27), (15, 30)),
                                    (Syntax.BaseTy Syntax.U32))
                                   ))),
                               (("unknown_file", (15, 33), (15, 39)),
                                (Syntax.Borrow (
                                   (("unknown_file", (15, 33), (15, 39)),
                                    "p1"),
                                   Syntax.Unique,
                                   (("unknown_file", (15, 38), (15, 39)),
                                    ("x", []))
                                   ))),
                               (("", (1, 0), (1, 0)),
                                (Syntax.Seq (
                                   (("unknown_file", (16, 8), (16, 20)),
                                    (Syntax.Fun ([], [], [], None,
                                       (("unknown_file", (16, 11), (16, 20)),
                                        (Syntax.Assign (
                                           (("unknown_file", (16, 12),
                                             (16, 16)),
                                            ("tmp1", [Syntax.Deref])),
                                           (("unknown_file", (16, 19),
                                             (16, 20)),
                                            (Syntax.Prim (Syntax.Num 1)))
                                           )))
                                       ))),
                                   (("unknown_file", (16, 20), (16, 21)),
                                    (Syntax.Prim Syntax.Unit))
                                   )))
                               )))
                           ))),
                       (("", (0, 0), (0, 0)),
                        (Syntax.Seq (
                           (("unknown_file", (18, 4), (18, 26)),
                            (Syntax.App (
                               (("unknown_file", (18, 16), (18, 22)),
                                (Syntax.Fn "fn_ref")),
                               [(Syntax.EnvOf "c1")], [], [],
                               [(("unknown_file", (18, 23), (18, 25)),
                                 (Syntax.Move
                                    (("unknown_file", (18, 23), (18, 25)),
                                     ("c1", []))))
                                 ]
                               ))),
                           (("unknown_file", (18, 26), (18, 27)),
                            (Syntax.Prim Syntax.Unit))
                           )))
                       )))
                   )))
               )))
           )))));
   (Syntax.FnDef
      ("main", [], [], [], [],
       (("unknown_file", (21, 0), (21, 12)), (Syntax.BaseTy Syntax.Unit)),
       [], (("unknown_file", (21, 10), (21, 12)), (Syntax.Prim Syntax.Unit))))
   ]
