error: (Syntax.UnsatisfiedEnvQualifier (Syntax.Shared,
          (Syntax.Env
             [("tmp0",
               (("unknown_file", (8, 14), (8, 34)),
                (Syntax.Ref ((("unknown_file", (8, 15), (8, 18)), "t0"),
                   Syntax.Unique,
                   (("unknown_file", (8, 23), (8, 34)),
                    (Syntax.Ref ((("unknown_file", (8, 24), (8, 26)), "a"),
                       Syntax.Unique,
                       (("unknown_file", (8, 31), (8, 34)),
                        (Syntax.BaseTy Syntax.U32))
                       )))
                   ))))
               ])
          ))
invalid global environment:
 [(Syntax.FnDef
     ("fn_ref", [(Syntax.Shared, "F")], [], [],
      [("f",
        (("unknown_file", (5, 22), (5, 23)),
         (Syntax.Fun ([], [], [], [], (Syntax.EnvVar (Syntax.Shared, "F")),
            (("<inferred>", (-1, -1), (-1, -1)), (Syntax.BaseTy Syntax.Unit)),
            []))))
        ],
      (("unknown_file", (5, 28), (5, 29)),
       (Syntax.Fun ([], [], [], [], (Syntax.EnvVar (Syntax.Shared, "F")),
          (("<inferred>", (-1, -1), (-1, -1)), (Syntax.BaseTy Syntax.Unit)),
          []))),
      [],
      (("unknown_file", (5, 32), (5, 33)),
       (Syntax.Move (("unknown_file", (5, 32), (5, 33)), ("f", []))))));
   (Syntax.FnDef
      ("two_closures_two_refs", [],
       [(("unknown_file", (7, 25), (7, 27)), "a")], [],
       [("x",
         (("unknown_file", (7, 32), (7, 43)),
          (Syntax.Ref ((("unknown_file", (7, 33), (7, 35)), "a"),
             Syntax.Unique,
             (("unknown_file", (7, 40), (7, 43)), (Syntax.BaseTy Syntax.U32))
             ))))
         ],
       (("unknown_file", (7, 0), (18, 1)), (Syntax.BaseTy Syntax.Unit)), 
       [],
       (("unknown_file", (8, 4), (8, 44)),
        (Syntax.Let ("tmp0",
           (("unknown_file", (8, 14), (8, 34)),
            (Syntax.Ref ((("unknown_file", (8, 15), (8, 18)), "t0"),
               Syntax.Unique,
               (("unknown_file", (8, 23), (8, 34)),
                (Syntax.Ref ((("unknown_file", (8, 24), (8, 26)), "a"),
                   Syntax.Unique,
                   (("unknown_file", (8, 31), (8, 34)),
                    (Syntax.BaseTy Syntax.U32))
                   )))
               ))),
           (("unknown_file", (8, 37), (8, 43)),
            (Syntax.Borrow ((("unknown_file", (8, 37), (8, 43)), "p2"),
               Syntax.Unique, (("unknown_file", (8, 42), (8, 43)), ("x", []))
               ))),
           (("unknown_file", (9, 4), (11, 6)),
            (Syntax.Let ("c0",
               (("unknown_file", (9, 12), (9, 16)),
                (Syntax.Fun ([], [], [], [], Syntax.Unboxed,
                   (("unknown_file", (9, 12), (9, 16)),
                    (Syntax.BaseTy Syntax.Unit)),
                   []))),
               (("unknown_file", (9, 19), (11, 5)),
                (Syntax.Fun ([], [], [], None,
                   (("", (3, 0), (3, 0)),
                    (Syntax.Seq (
                       (("unknown_file", (10, 8), (10, 21)),
                        (Syntax.Fun ([], [], [], None,
                           (("unknown_file", (10, 11), (10, 21)),
                            (Syntax.Assign (
                               (("unknown_file", (10, 13), (10, 17)),
                                ("tmp0", [Syntax.Deref; Syntax.Deref])),
                               (("unknown_file", (10, 20), (10, 21)),
                                (Syntax.Prim (Syntax.Num 1)))
                               )))
                           ))),
                       (("unknown_file", (10, 21), (10, 22)),
                        (Syntax.Prim Syntax.Unit))
                       )))
                   ))),
               (("", (2, 0), (2, 0)),
                (Syntax.Seq (
                   (("unknown_file", (12, 4), (12, 26)),
                    (Syntax.App (
                       (("unknown_file", (12, 16), (12, 22)),
                        (Syntax.Fn "fn_ref")),
                       [(Syntax.EnvOf "c0")], [], [],
                       [(("unknown_file", (12, 23), (12, 25)),
                         (Syntax.Move
                            (("unknown_file", (12, 23), (12, 25)), ("c0", []))))
                         ]
                       ))),
                   (("unknown_file", (13, 4), (16, 6)),
                    (Syntax.Let ("c1",
                       (("unknown_file", (13, 12), (13, 16)),
                        (Syntax.Fun ([], [], [], [], Syntax.Unboxed,
                           (("unknown_file", (13, 12), (13, 16)),
                            (Syntax.BaseTy Syntax.Unit)),
                           []))),
                       (("unknown_file", (13, 19), (16, 5)),
                        (Syntax.Fun ([], [], [], None,
                           (("unknown_file", (14, 8), (14, 48)),
                            (Syntax.Let ("tmp1",
                               (("unknown_file", (14, 18), (14, 38)),
                                (Syntax.Ref (
                                   (("unknown_file", (14, 19), (14, 22)),
                                    "t1"),
                                   Syntax.Unique,
                                   (("unknown_file", (14, 27), (14, 38)),
                                    (Syntax.Ref (
                                       (("unknown_file", (14, 28), (14, 30)),
                                        "a"),
                                       Syntax.Unique,
                                       (("unknown_file", (14, 35), (14, 38)),
                                        (Syntax.BaseTy Syntax.U32))
                                       )))
                                   ))),
                               (("unknown_file", (14, 41), (14, 47)),
                                (Syntax.Borrow (
                                   (("unknown_file", (14, 41), (14, 47)),
                                    "p1"),
                                   Syntax.Unique,
                                   (("unknown_file", (14, 46), (14, 47)),
                                    ("x", []))
                                   ))),
                               (("", (1, 0), (1, 0)),
                                (Syntax.Seq (
                                   (("unknown_file", (15, 8), (15, 21)),
                                    (Syntax.Fun ([], [], [], None,
                                       (("unknown_file", (15, 11), (15, 21)),
                                        (Syntax.Assign (
                                           (("unknown_file", (15, 13),
                                             (15, 17)),
                                            ("tmp1",
                                             [Syntax.Deref; Syntax.Deref])),
                                           (("unknown_file", (15, 20),
                                             (15, 21)),
                                            (Syntax.Prim (Syntax.Num 1)))
                                           )))
                                       ))),
                                   (("unknown_file", (15, 21), (15, 22)),
                                    (Syntax.Prim Syntax.Unit))
                                   )))
                               )))
                           ))),
                       (("", (0, 0), (0, 0)),
                        (Syntax.Seq (
                           (("unknown_file", (17, 4), (17, 26)),
                            (Syntax.App (
                               (("unknown_file", (17, 16), (17, 22)),
                                (Syntax.Fn "fn_ref")),
                               [(Syntax.EnvOf "c1")], [], [],
                               [(("unknown_file", (17, 23), (17, 25)),
                                 (Syntax.Move
                                    (("unknown_file", (17, 23), (17, 25)),
                                     ("c1", []))))
                                 ]
                               ))),
                           (("unknown_file", (17, 26), (17, 27)),
                            (Syntax.Prim Syntax.Unit))
                           )))
                       )))
                   )))
               )))
           )))));
   (Syntax.FnDef
      ("main", [], [], [], [],
       (("unknown_file", (20, 0), (20, 12)), (Syntax.BaseTy Syntax.Unit)),
       [], (("unknown_file", (20, 10), (20, 12)), (Syntax.Prim Syntax.Unit))))
   ]
