error: (Syntax.SafetyErr (
          (Syntax.Shared,
           (("unknown_file", (6, 14), (6, 15)), ("x", [Syntax.Deref]))),
          (Syntax.Unique, (("unknown_file", (4, 20), (4, 21)), ("x", [])))))
invalid global environment:
 [(Syntax.FnDef
     ("borrow_while_borrowed_unique", [],
      [(("unknown_file", (3, 32), (3, 34)), "a")], [],
      [("x",
        (("unknown_file", (3, 39), (3, 50)),
         (Syntax.Ref ((("unknown_file", (3, 40), (3, 42)), "a"),
            Syntax.Unique,
            (("unknown_file", (3, 47), (3, 50)), (Syntax.BaseTy Syntax.U32))
            ))))
        ],
      (("unknown_file", (3, 0), (9, 1)), (Syntax.BaseTy Syntax.Unit)), 
      [],
      (("unknown_file", (4, 4), (4, 22)),
       (Syntax.Let ("tmp0", (("unknown_file", (4, 4), (4, 7)), Syntax.Infer),
          (("unknown_file", (4, 15), (4, 21)),
           (Syntax.Borrow ((("unknown_file", (4, 15), (4, 21)), "p3"),
              Syntax.Unique, (("unknown_file", (4, 20), (4, 21)), ("x", []))
              ))),
          (("unknown_file", (5, 4), (5, 26)),
           (Syntax.Let ("f",
              (("unknown_file", (5, 4), (5, 7)), Syntax.Infer),
              (("unknown_file", (5, 12), (5, 25)),
               (Syntax.Fun ([], [], [], None,
                  (("unknown_file", (5, 15), (5, 25)),
                   (Syntax.Assign (
                      (("unknown_file", (5, 17), (5, 21)),
                       ("tmp0", [Syntax.Deref; Syntax.Deref])),
                      (("unknown_file", (5, 24), (5, 25)),
                       (Syntax.Prim (Syntax.Num 0)))
                      )))
                  ))),
              (("unknown_file", (6, 4), (6, 16)),
               (Syntax.Let ("y",
                  (("unknown_file", (6, 4), (6, 7)), Syntax.Infer),
                  (("unknown_file", (6, 12), (6, 15)),
                   (Syntax.Borrow (
                      (("unknown_file", (6, 12), (6, 15)), "p2"),
                      Syntax.Shared,
                      (("unknown_file", (6, 14), (6, 15)),
                       ("x", [Syntax.Deref]))
                      ))),
                  (("unknown_file", (7, 4), (7, 30)),
                   (Syntax.Let ("tmp1",
                      (("unknown_file", (7, 4), (7, 7)), Syntax.Infer),
                      (("unknown_file", (7, 15), (7, 29)),
                       (Syntax.Borrow (
                          (("unknown_file", (7, 15), (7, 29)), "t1"),
                          Syntax.Shared,
                          (("unknown_file", (7, 28), (7, 29)), ("f", []))))),
                      (("", (0, 0), (0, 0)),
                       (Syntax.Seq (
                          (("unknown_file", (8, 4), (8, 30)),
                           (Syntax.App (
                              (("unknown_file", (8, 4), (8, 24)),
                               (Syntax.Fn "use_ref")),
                              [],
                              [(("unknown_file", (8, 14), (8, 17)), "t1")],
                              [(("unknown_file", (8, 19), (8, 23)),
                                (Syntax.Fun ([], [], [], [], Syntax.Unboxed,
                                   (("unknown_file", (8, 19), (8, 23)),
                                    (Syntax.BaseTy Syntax.Unit)),
                                   [])))
                                ],
                              [(("unknown_file", (8, 25), (8, 29)),
                                (Syntax.Move
                                   (("unknown_file", (8, 25), (8, 29)),
                                    ("tmp1", []))))
                                ]
                              ))),
                          (("unknown_file", (8, 30), (8, 31)),
                           (Syntax.Prim Syntax.Unit))
                          )))
                      )))
                  )))
              )))
          )))));
   (Syntax.FnDef
      ("main", [], [], [], [],
       (("unknown_file", (11, 0), (11, 12)), (Syntax.BaseTy Syntax.Unit)),
       [], (("unknown_file", (11, 10), (11, 12)), (Syntax.Prim Syntax.Unit))));
   (Syntax.FnDef
      ("use_mut", [], [(("unknown_file", (13, 11), (13, 13)), "a")], 
       ["T"],
       [("x",
         (("unknown_file", (13, 21), (13, 30)),
          (Syntax.Ref ((("unknown_file", (13, 22), (13, 24)), "a"),
             Syntax.Unique,
             (("unknown_file", (13, 29), (13, 30)), (Syntax.TyVar "T"))))))
         ],
       (("unknown_file", (13, 0), (13, 35)), (Syntax.BaseTy Syntax.Unit)),
       [], (("unknown_file", (13, 32), (13, 35)), (Syntax.Prim Syntax.Unit))));
   (Syntax.FnDef
      ("use_ref", [], [(("unknown_file", (13, 47), (13, 49)), "a")], 
       ["T"],
       [("x",
         (("unknown_file", (13, 57), (13, 62)),
          (Syntax.Ref ((("unknown_file", (13, 58), (13, 60)), "a"),
             Syntax.Shared,
             (("unknown_file", (13, 61), (13, 62)), (Syntax.TyVar "T"))))))
         ],
       (("unknown_file", (13, 36), (13, 67)), (Syntax.BaseTy Syntax.Unit)),
       [], (("unknown_file", (13, 64), (13, 67)), (Syntax.Prim Syntax.Unit))))
   ]
