error: (Syntax.UnsatisfiedEnvQualifier (Syntax.Shared,
          (Syntax.Env
             [("tmp0",
               (("unknown_file", (8, 14), (8, 26)),
                (Syntax.Ref ((("unknown_file", (8, 15), (8, 18)), "t0"),
                   Syntax.Unique,
                   (("unknown_file", (8, 23), (8, 26)),
                    (Syntax.BaseTy Syntax.U32))
                   ))))
               ])
          ))
invalid global environment:
 [(Syntax.FnDef
     ("fn_ref", [(Syntax.Shared, "F")], [], [],
      [("f",
        (("unknown_file", (5, 22), (5, 23)),
         (Syntax.Fun ([], [], [], [], (Syntax.EnvVar (Syntax.Shared, "F")),
            (("<inferred>", (-1, -1), (-1, -1)), (Syntax.BaseTy Syntax.Unit))
            ))))
        ],
      (("unknown_file", (5, 28), (5, 29)),
       (Syntax.Fun ([], [], [], [], (Syntax.EnvVar (Syntax.Shared, "F")),
          (("<inferred>", (-1, -1), (-1, -1)), (Syntax.BaseTy Syntax.Unit))))),
      [],
      (("unknown_file", (5, 32), (5, 33)),
       (Syntax.Move (("unknown_file", (5, 32), (5, 33)), ("f", []))))));
   (Syntax.FnDef
      ("two_closures_ref_mut", [], [], [],
       [("x",
         (("unknown_file", (7, 31), (7, 34)), (Syntax.BaseTy Syntax.U32)))],
       (("unknown_file", (7, 0), (18, 1)), (Syntax.BaseTy Syntax.Unit)), 
       [],
       (("unknown_file", (8, 4), (8, 36)),
        (Syntax.Let ("tmp0",
           (("unknown_file", (8, 14), (8, 26)),
            (Syntax.Ref ((("unknown_file", (8, 15), (8, 18)), "t0"),
               Syntax.Unique,
               (("unknown_file", (8, 23), (8, 26)),
                (Syntax.BaseTy Syntax.U32))
               ))),
           (("unknown_file", (8, 29), (8, 35)),
            (Syntax.Borrow ((("unknown_file", (8, 29), (8, 35)), "p2"),
               Syntax.Unique, (("unknown_file", (8, 34), (8, 35)), ("x", []))
               ))),
           (("unknown_file", (9, 4), (11, 6)),
            (Syntax.Let ("c0",
               (("unknown_file", (9, 12), (9, 16)),
                (Syntax.Fun ([], [], [], [], Syntax.Unboxed,
                   (("unknown_file", (9, 12), (9, 16)),
                    (Syntax.BaseTy Syntax.Unit))
                   ))),
               (("unknown_file", (9, 19), (11, 5)),
                (Syntax.Fun ([], [], [], None,
                   (("", (3, 0), (3, 0)),
                    (Syntax.Seq (
                       (("unknown_file", (10, 8), (10, 20)),
                        (Syntax.Fun ([], [], [], None,
                           (("unknown_file", (10, 11), (10, 20)),
                            (Syntax.Assign (
                               (("unknown_file", (10, 12), (10, 16)),
                                ("tmp0", [Syntax.Deref])),
                               (("unknown_file", (10, 19), (10, 20)),
                                (Syntax.Prim (Syntax.Num 1)))
                               )))
                           ))),
                       (("unknown_file", (10, 20), (10, 21)),
                        (Syntax.Prim Syntax.Unit))
                       )))
                   ))),
               (("", (2, 0), (2, 0)),
                (Syntax.Seq (
                   (("unknown_file", (12, 4), (12, 26)),
                    (Syntax.App (
                       (("unknown_file", (12, 16), (12, 22)),
                        (Syntax.Fn "fn_ref")),
                       [(Syntax.EnvOf "c0")], [], [],
                       [(("unknown_file", (12, 23), (12, 25)),
                         (Syntax.Move
                            (("unknown_file", (12, 23), (12, 25)), ("c0", []))))
                         ]
                       ))),
                   (("unknown_file", (13, 4), (16, 6)),
                    (Syntax.Let ("c1",
                       (("unknown_file", (13, 12), (13, 16)),
                        (Syntax.Fun ([], [], [], [], Syntax.Unboxed,
                           (("unknown_file", (13, 12), (13, 16)),
                            (Syntax.BaseTy Syntax.Unit))
                           ))),
                       (("unknown_file", (13, 19), (16, 5)),
                        (Syntax.Fun ([], [], [], None,
                           (("unknown_file", (14, 8), (14, 40)),
                            (Syntax.Let ("tmp1",
                               (("unknown_file", (14, 18), (14, 30)),
                                (Syntax.Ref (
                                   (("unknown_file", (14, 19), (14, 22)),
                                    "t1"),
                                   Syntax.Unique,
                                   (("unknown_file", (14, 27), (14, 30)),
                                    (Syntax.BaseTy Syntax.U32))
                                   ))),
                               (("unknown_file", (14, 33), (14, 39)),
                                (Syntax.Borrow (
                                   (("unknown_file", (14, 33), (14, 39)),
                                    "p1"),
                                   Syntax.Unique,
                                   (("unknown_file", (14, 38), (14, 39)),
                                    ("x", []))
                                   ))),
                               (("", (1, 0), (1, 0)),
                                (Syntax.Seq (
                                   (("unknown_file", (15, 8), (15, 20)),
                                    (Syntax.Fun ([], [], [], None,
                                       (("unknown_file", (15, 11), (15, 20)),
                                        (Syntax.Assign (
                                           (("unknown_file", (15, 12),
                                             (15, 16)),
                                            ("tmp1", [Syntax.Deref])),
                                           (("unknown_file", (15, 19),
                                             (15, 20)),
                                            (Syntax.Prim (Syntax.Num 1)))
                                           )))
                                       ))),
                                   (("unknown_file", (15, 20), (15, 21)),
                                    (Syntax.Prim Syntax.Unit))
                                   )))
                               )))
                           ))),
                       (("", (0, 0), (0, 0)),
                        (Syntax.Seq (
                           (("unknown_file", (17, 4), (17, 26)),
                            (Syntax.App (
                               (("unknown_file", (17, 16), (17, 22)),
                                (Syntax.Fn "fn_ref")),
                               [(Syntax.EnvOf "c1")], [], [],
                               [(("unknown_file", (17, 23), (17, 25)),
                                 (Syntax.Move
                                    (("unknown_file", (17, 23), (17, 25)),
                                     ("c1", []))))
                                 ]
                               ))),
                           (("unknown_file", (17, 26), (17, 27)),
                            (Syntax.Prim Syntax.Unit))
                           )))
                       )))
                   )))
               )))
           )))));
   (Syntax.FnDef
      ("main", [], [], [], [],
       (("unknown_file", (20, 0), (20, 12)), (Syntax.BaseTy Syntax.Unit)),
       [], (("unknown_file", (20, 10), (20, 12)), (Syntax.Prim Syntax.Unit))))
   ]
