error: (Syntax.PartiallyMovedTypes (
          (("unknown_file", (6, 32), (6, 38)),
           (Syntax.Uninit
              (("unknown_file", (6, 32), (6, 38)),
               (Syntax.Struct ("String", [], [],
                  (Some (("<inferred>", (-1, -1), (-1, -1)), (Syntax.Tup [])))
                  ))))),
          (("unknown_file", (8, 19), (8, 25)),
           (Syntax.Struct ("String", [], [],
              (Some (("<inferred>", (-1, -1), (-1, -1)), (Syntax.Tup []))))))
          ))
invalid global environment:
 [(Syntax.TupStructDef (false, "String", [], [], []));
   (Syntax.FnDef
      ("borrow_mut_after_move", [], [], [],
       [("x",
         (("unknown_file", (6, 32), (6, 38)),
          (Syntax.Struct ("String", [], [], None))))
         ],
       (("unknown_file", (6, 0), (9, 1)), (Syntax.BaseTy Syntax.Unit)), 
       [],
       (("", (0, 0), (0, 0)),
        (Syntax.Seq (
           (("unknown_file", (7, 4), (7, 8)),
            (Syntax.Fun ([], [], [], None,
               (("unknown_file", (7, 7), (7, 8)),
                (Syntax.Move (("unknown_file", (7, 7), (7, 8)), ("x", []))))
               ))),
           (("unknown_file", (8, 4), (8, 35)),
            (Syntax.Let ("y",
               (("unknown_file", (8, 11), (8, 25)),
                (Syntax.Ref ((("unknown_file", (8, 12), (8, 14)), "y"),
                   Syntax.Unique,
                   (("unknown_file", (8, 19), (8, 25)),
                    (Syntax.Struct ("String", [], [], None)))
                   ))),
               (("unknown_file", (8, 28), (8, 34)),
                (Syntax.Borrow ((("unknown_file", (8, 28), (8, 34)), "p1"),
                   Syntax.Unique,
                   (("unknown_file", (8, 33), (8, 34)), ("x", []))))),
               (("unknown_file", (8, 34), (8, 35)), (Syntax.Prim Syntax.Unit))
               )))
           )))));
   (Syntax.FnDef
      ("main", [], [], [], [],
       (("unknown_file", (11, 0), (11, 12)), (Syntax.BaseTy Syntax.Unit)),
       [], (("unknown_file", (11, 10), (11, 12)), (Syntax.Prim Syntax.Unit))))
   ]
