error: (Syntax.SafetyErr (
          (Syntax.Unique, (("unknown_file", (5, 7), (5, 8)), ("x", []))),
          (Syntax.Unique, (("unknown_file", (4, 30), (4, 31)), ("x", [])))))
invalid global environment:
 [(Syntax.FnDef
     ("closure_mut_capture_conflict", [], [], [],
      [("x", (("unknown_file", (3, 39), (3, 42)), (Syntax.BaseTy Syntax.U32)))
        ],
      (("unknown_file", (3, 0), (7, 1)), (Syntax.BaseTy Syntax.Unit)), 
      [],
      (("unknown_file", (4, 4), (4, 32)),
       (Syntax.Let ("r",
          (("unknown_file", (4, 11), (4, 22)),
           (Syntax.Ref ((("unknown_file", (4, 12), (4, 14)), "r"),
              Syntax.Unique,
              (("unknown_file", (4, 19), (4, 22)), (Syntax.BaseTy Syntax.U32))
              ))),
          (("unknown_file", (4, 25), (4, 31)),
           (Syntax.Borrow ((("unknown_file", (4, 25), (4, 31)), "p1"),
              Syntax.Unique, (("unknown_file", (4, 30), (4, 31)), ("x", []))
              ))),
          (("", (1, 0), (1, 0)),
           (Syntax.Seq (
              (("unknown_file", (5, 4), (5, 12)),
               (Syntax.Fun ([], [], [], None,
                  (("unknown_file", (5, 7), (5, 12)),
                   (Syntax.Assign (
                      (("unknown_file", (5, 7), (5, 8)), ("x", [])),
                      (("unknown_file", (5, 11), (5, 12)),
                       (Syntax.Prim (Syntax.Num 2)))
                      )))
                  ))),
              (("", (0, 0), (0, 0)),
               (Syntax.Seq (
                  (("unknown_file", (6, 4), (6, 25)),
                   (Syntax.App (
                      (("unknown_file", (6, 4), (6, 22)),
                       (Syntax.Fn "use_mut")),
                      [], [(("unknown_file", (6, 14), (6, 16)), "r")],
                      [(("unknown_file", (6, 18), (6, 21)),
                        (Syntax.BaseTy Syntax.U32))],
                      [(("unknown_file", (6, 23), (6, 24)),
                        (Syntax.Move
                           (("unknown_file", (6, 23), (6, 24)), ("r", []))))
                        ]
                      ))),
                  (("unknown_file", (6, 25), (6, 26)),
                   (Syntax.Prim Syntax.Unit))
                  )))
              )))
          )))));
   (Syntax.FnDef
      ("main", [], [], [], [],
       (("unknown_file", (9, 0), (9, 12)), (Syntax.BaseTy Syntax.Unit)), 
       [], (("unknown_file", (9, 10), (9, 12)), (Syntax.Prim Syntax.Unit))));
   (Syntax.FnDef
      ("use_mut", [], [(("unknown_file", (11, 11), (11, 13)), "a")], 
       ["T"],
       [("x",
         (("unknown_file", (11, 21), (11, 30)),
          (Syntax.Ref ((("unknown_file", (11, 22), (11, 24)), "a"),
             Syntax.Unique,
             (("unknown_file", (11, 29), (11, 30)), (Syntax.TyVar "T"))))))
         ],
       (("unknown_file", (11, 0), (11, 35)), (Syntax.BaseTy Syntax.Unit)),
       [], (("unknown_file", (11, 32), (11, 35)), (Syntax.Prim Syntax.Unit))));
   (Syntax.FnDef
      ("use_ref", [], [(("unknown_file", (11, 47), (11, 49)), "a")], 
       ["T"],
       [("x",
         (("unknown_file", (11, 57), (11, 62)),
          (Syntax.Ref ((("unknown_file", (11, 58), (11, 60)), "a"),
             Syntax.Shared,
             (("unknown_file", (11, 61), (11, 62)), (Syntax.TyVar "T"))))))
         ],
       (("unknown_file", (11, 36), (11, 67)), (Syntax.BaseTy Syntax.Unit)),
       [], (("unknown_file", (11, 64), (11, 67)), (Syntax.Prim Syntax.Unit))))
   ]
