error: (Syntax.SafetyErr (
          (Syntax.Unique, (("unknown_file", (6, 30), (6, 31)), ("x", []))),
          (Syntax.Shared, (("unknown_file", (4, 26), (4, 27)), ("x", [])))))
invalid global environment:
 [(Syntax.FnDef
     ("borrow_mut_while_borrowed", [], [], [],
      [("x", (("unknown_file", (3, 36), (3, 39)), (Syntax.BaseTy Syntax.U32)))
        ],
      (("unknown_file", (3, 0), (9, 1)), (Syntax.BaseTy Syntax.Unit)), 
      [],
      (("unknown_file", (4, 4), (4, 28)),
       (Syntax.Let ("tmp0",
          (("unknown_file", (4, 14), (4, 22)),
           (Syntax.Ref ((("unknown_file", (4, 15), (4, 18)), "t0"),
              Syntax.Shared,
              (("unknown_file", (4, 19), (4, 22)), (Syntax.BaseTy Syntax.U32))
              ))),
          (("unknown_file", (4, 25), (4, 27)),
           (Syntax.Borrow ((("unknown_file", (4, 25), (4, 27)), "p3"),
              Syntax.Shared, (("unknown_file", (4, 26), (4, 27)), ("x", []))
              ))),
          (("unknown_file", (5, 4), (5, 34)),
           (Syntax.Let ("f",
              (("unknown_file", (5, 11), (5, 22)),
               (Syntax.Fun ([], [], [], [], Syntax.Unboxed,
                  (("unknown_file", (5, 19), (5, 22)),
                   (Syntax.BaseTy Syntax.U32))
                  ))),
              (("unknown_file", (5, 25), (5, 33)),
               (Syntax.Fun ([], [], [], None,
                  (("unknown_file", (5, 28), (5, 33)),
                   (Syntax.Move
                      (("unknown_file", (5, 29), (5, 33)),
                       ("tmp0", [Syntax.Deref]))))
                  ))),
              (("unknown_file", (6, 4), (6, 32)),
               (Syntax.Let ("y",
                  (("unknown_file", (6, 11), (6, 22)),
                   (Syntax.Ref ((("unknown_file", (6, 12), (6, 14)), "y"),
                      Syntax.Unique,
                      (("unknown_file", (6, 19), (6, 22)),
                       (Syntax.BaseTy Syntax.U32))
                      ))),
                  (("unknown_file", (6, 25), (6, 31)),
                   (Syntax.Borrow (
                      (("unknown_file", (6, 25), (6, 31)), "p2"),
                      Syntax.Unique,
                      (("unknown_file", (6, 30), (6, 31)), ("x", []))))),
                  (("unknown_file", (7, 4), (7, 36)),
                   (Syntax.Let ("tmp1",
                      (("unknown_file", (7, 14), (7, 30)),
                       (Syntax.Ref (
                          (("unknown_file", (7, 15), (7, 18)), "t1"),
                          Syntax.Shared,
                          (("unknown_file", (7, 19), (7, 30)),
                           (Syntax.Fun ([], [], [], [], Syntax.Unboxed,
                              (("unknown_file", (7, 27), (7, 30)),
                               (Syntax.BaseTy Syntax.U32))
                              )))
                          ))),
                      (("unknown_file", (7, 33), (7, 35)),
                       (Syntax.Borrow (
                          (("unknown_file", (7, 33), (7, 35)), "p1"),
                          Syntax.Shared,
                          (("unknown_file", (7, 34), (7, 35)), ("f", []))))),
                      (("", (0, 0), (0, 0)),
                       (Syntax.Seq (
                          (("unknown_file", (8, 4), (8, 37)),
                           (Syntax.App (
                              (("unknown_file", (8, 4), (8, 31)),
                               (Syntax.Fn "use_ref")),
                              [],
                              [(("unknown_file", (8, 14), (8, 17)), "t1")],
                              [(("unknown_file", (8, 19), (8, 30)),
                                (Syntax.Fun ([], [], [], [], Syntax.Unboxed,
                                   (("unknown_file", (8, 27), (8, 30)),
                                    (Syntax.BaseTy Syntax.U32))
                                   )))
                                ],
                              [(("unknown_file", (8, 32), (8, 36)),
                                (Syntax.Move
                                   (("unknown_file", (8, 32), (8, 36)),
                                    ("tmp1", []))))
                                ]
                              ))),
                          (("unknown_file", (8, 37), (8, 38)),
                           (Syntax.Prim Syntax.Unit))
                          )))
                      )))
                  )))
              )))
          )))));
   (Syntax.FnDef
      ("main", [], [], [], [],
       (("unknown_file", (11, 0), (11, 12)), (Syntax.BaseTy Syntax.Unit)),
       [], (("unknown_file", (11, 10), (11, 12)), (Syntax.Prim Syntax.Unit))));
   (Syntax.FnDef
      ("use_mut", [], [(("unknown_file", (13, 11), (13, 13)), "a")], 
       ["T"],
       [("x",
         (("unknown_file", (13, 21), (13, 30)),
          (Syntax.Ref ((("unknown_file", (13, 22), (13, 24)), "a"),
             Syntax.Unique,
             (("unknown_file", (13, 29), (13, 30)), (Syntax.TyVar "T"))))))
         ],
       (("unknown_file", (13, 0), (13, 35)), (Syntax.BaseTy Syntax.Unit)),
       [], (("unknown_file", (13, 32), (13, 35)), (Syntax.Prim Syntax.Unit))));
   (Syntax.FnDef
      ("use_ref", [], [(("unknown_file", (13, 47), (13, 49)), "a")], 
       ["T"],
       [("x",
         (("unknown_file", (13, 57), (13, 62)),
          (Syntax.Ref ((("unknown_file", (13, 58), (13, 60)), "a"),
             Syntax.Shared,
             (("unknown_file", (13, 61), (13, 62)), (Syntax.TyVar "T"))))))
         ],
       (("unknown_file", (13, 36), (13, 67)), (Syntax.BaseTy Syntax.Unit)),
       [], (("unknown_file", (13, 64), (13, 67)), (Syntax.Prim Syntax.Unit))))
   ]
