error: (Syntax.PartiallyMovedTypes (
          (("<inferred>", (-1, -1), (-1, -1)),
           (Syntax.Uninit
              (("unknown_file", (6, 24), (6, 30)),
               (Syntax.Struct ("String", [], [],
                  (Some (("<inferred>", (-1, -1), (-1, -1)), (Syntax.Tup [])))
                  ))))),
          (("unknown_file", (8, 15), (8, 21)),
           (Syntax.Struct ("String", [], [],
              (Some (("<inferred>", (-1, -1), (-1, -1)), (Syntax.Tup []))))))
          ))
invalid global environment:
 [(Syntax.TupStructDef (false, "String", [], [], []));
   (Syntax.FnDef
      ("borrow_after_move", [], [], [],
       [("x",
         (("unknown_file", (6, 24), (6, 30)),
          (Syntax.Struct ("String", [], [], None))))
         ],
       (("unknown_file", (6, 0), (9, 1)), (Syntax.BaseTy Syntax.Unit)), 
       [],
       (("", (0, 0), (0, 0)),
        (Syntax.Seq (
           (("unknown_file", (7, 4), (7, 8)),
            (Syntax.Fun ([], [], [], None,
               (("unknown_file", (7, 7), (7, 8)),
                (Syntax.Move (("unknown_file", (7, 7), (7, 8)), ("x", []))))
               ))),
           (("unknown_file", (8, 4), (8, 27)),
            (Syntax.Let ("y",
               (("unknown_file", (8, 11), (8, 21)),
                (Syntax.Ref ((("unknown_file", (8, 12), (8, 14)), "y"),
                   Syntax.Shared,
                   (("unknown_file", (8, 15), (8, 21)),
                    (Syntax.Struct ("String", [], [], None)))
                   ))),
               (("unknown_file", (8, 24), (8, 26)),
                (Syntax.Borrow ((("unknown_file", (8, 24), (8, 26)), "p1"),
                   Syntax.Shared,
                   (("unknown_file", (8, 25), (8, 26)), ("x", []))))),
               (("unknown_file", (8, 26), (8, 27)), (Syntax.Prim Syntax.Unit))
               )))
           )))));
   (Syntax.FnDef
      ("main", [], [], [], [],
       (("unknown_file", (11, 0), (11, 12)), (Syntax.BaseTy Syntax.Unit)),
       [], (("unknown_file", (11, 10), (11, 12)), (Syntax.Prim Syntax.Unit))))
   ]
