error: (Syntax.SafetyErr (
          (Syntax.Unique, (("unknown_file", (5, 4), (5, 5)), ("x", []))),
          (Syntax.Shared, (("unknown_file", (4, 22), (4, 23)), ("x", [])))))
invalid global environment:
 [(Syntax.FnDef
     ("use_as_borrow_capture", [], [], [],
      [("x", (("unknown_file", (3, 32), (3, 35)), (Syntax.BaseTy Syntax.U32)))
        ],
      (("unknown_file", (3, 0), (8, 1)), (Syntax.BaseTy Syntax.Unit)), 
      [],
      (("unknown_file", (4, 4), (4, 24)),
       (Syntax.Let ("y",
          (("unknown_file", (4, 11), (4, 18)),
           (Syntax.Ref ((("unknown_file", (4, 12), (4, 14)), "y"),
              Syntax.Shared,
              (("unknown_file", (4, 15), (4, 18)), (Syntax.BaseTy Syntax.U32))
              ))),
          (("unknown_file", (4, 21), (4, 23)),
           (Syntax.Borrow ((("unknown_file", (4, 21), (4, 23)), "p2"),
              Syntax.Shared, (("unknown_file", (4, 22), (4, 23)), ("x", []))
              ))),
          (("", (1, 0), (1, 0)),
           (Syntax.Seq (
              (("unknown_file", (5, 4), (5, 9)),
               (Syntax.Assign ((("unknown_file", (5, 4), (5, 5)), ("x", [])),
                  (("unknown_file", (5, 8), (5, 9)),
                   (Syntax.Prim (Syntax.Num 0)))
                  ))),
              (("unknown_file", (6, 4), (6, 32)),
               (Syntax.Let ("tmp0",
                  (("unknown_file", (6, 14), (6, 26)),
                   (Syntax.Ref ((("unknown_file", (6, 15), (6, 18)), "t0"),
                      Syntax.Shared,
                      (("unknown_file", (6, 19), (6, 26)),
                       (Syntax.Ref (
                          (("unknown_file", (6, 20), (6, 22)), "y"),
                          Syntax.Shared,
                          (("unknown_file", (6, 23), (6, 26)),
                           (Syntax.BaseTy Syntax.U32))
                          )))
                      ))),
                  (("unknown_file", (6, 29), (6, 31)),
                   (Syntax.Borrow (
                      (("unknown_file", (6, 29), (6, 31)), "p1"),
                      Syntax.Shared,
                      (("unknown_file", (6, 30), (6, 31)), ("y", []))))),
                  (("", (0, 0), (0, 0)),
                   (Syntax.Seq (
                      (("unknown_file", (7, 4), (7, 13)),
                       (Syntax.Fun ([], [], [], None,
                          (("unknown_file", (7, 7), (7, 13)),
                           (Syntax.Move
                              (("unknown_file", (7, 9), (7, 13)),
                               ("tmp0", [Syntax.Deref; Syntax.Deref]))))
                          ))),
                      (("unknown_file", (7, 13), (7, 14)),
                       (Syntax.Prim Syntax.Unit))
                      )))
                  )))
              )))
          )))));
   (Syntax.FnDef
      ("main", [], [], [], [],
       (("unknown_file", (10, 0), (10, 12)), (Syntax.BaseTy Syntax.Unit)),
       [], (("unknown_file", (10, 10), (10, 12)), (Syntax.Prim Syntax.Unit))))
   ]
