error: (Syntax.SafetyErr (
          (Syntax.Shared, (("unknown_file", (6, 17), (6, 18)), ("x", []))),
          (Syntax.Unique, (("unknown_file", (4, 34), (4, 35)), ("x", [])))))
invalid global environment:
 [(Syntax.FnDef
     ("copy_while_borrowed_mut", [], [], [],
      [("x", (("unknown_file", (3, 34), (3, 37)), (Syntax.BaseTy Syntax.U32)))
        ],
      (("unknown_file", (3, 0), (9, 1)), (Syntax.BaseTy Syntax.Unit)), 
      [],
      (("unknown_file", (4, 4), (4, 36)),
       (Syntax.Let ("tmp0",
          (("unknown_file", (4, 14), (4, 26)),
           (Syntax.Ref ((("unknown_file", (4, 15), (4, 18)), "t0"),
              Syntax.Unique,
              (("unknown_file", (4, 23), (4, 26)), (Syntax.BaseTy Syntax.U32))
              ))),
          (("unknown_file", (4, 29), (4, 35)),
           (Syntax.Borrow ((("unknown_file", (4, 29), (4, 35)), "p2"),
              Syntax.Unique, (("unknown_file", (4, 34), (4, 35)), ("x", []))
              ))),
          (("unknown_file", (5, 4), (5, 31)),
           (Syntax.Let ("f",
              (("unknown_file", (5, 11), (5, 15)),
               (Syntax.Fun ([], [], [], [], (Syntax.Env []),
                  (("unknown_file", (5, 11), (5, 15)),
                   (Syntax.BaseTy Syntax.Unit))
                  ))),
              (("unknown_file", (5, 18), (5, 30)),
               (Syntax.Fun ([], [], [], None,
                  (("unknown_file", (5, 21), (5, 30)),
                   (Syntax.Assign (
                      (("unknown_file", (5, 22), (5, 26)),
                       ("tmp0", [Syntax.Deref])),
                      (("unknown_file", (5, 29), (5, 30)),
                       (Syntax.Prim (Syntax.Num 0)))
                      )))
                  ))),
              (("unknown_file", (6, 4), (6, 19)),
               (Syntax.Let ("y",
                  (("unknown_file", (6, 11), (6, 14)),
                   (Syntax.BaseTy Syntax.U32)),
                  (("unknown_file", (6, 17), (6, 18)),
                   (Syntax.Move
                      (("unknown_file", (6, 17), (6, 18)), ("x", [])))),
                  (("unknown_file", (7, 4), (7, 29)),
                   (Syntax.Let ("tmp1",
                      (("unknown_file", (7, 14), (7, 23)),
                       (Syntax.Ref (
                          (("unknown_file", (7, 15), (7, 18)), "t1"),
                          Syntax.Shared,
                          (("unknown_file", (7, 19), (7, 23)),
                           (Syntax.Fun ([], [], [], [], (Syntax.Env []),
                              (("unknown_file", (7, 19), (7, 23)),
                               (Syntax.BaseTy Syntax.Unit))
                              )))
                          ))),
                      (("unknown_file", (7, 26), (7, 28)),
                       (Syntax.Borrow (
                          (("unknown_file", (7, 26), (7, 28)), "p1"),
                          Syntax.Shared,
                          (("unknown_file", (7, 27), (7, 28)), ("f", []))))),
                      (("", (0, 0), (0, 0)),
                       (Syntax.Seq (
                          (("unknown_file", (8, 4), (8, 27)),
                           (Syntax.App (
                              (("unknown_file", (8, 4), (8, 24)),
                               (Syntax.Fn "use_ref")),
                              [],
                              [(("unknown_file", (8, 14), (8, 17)), "t1")],
                              [(("unknown_file", (8, 19), (8, 23)),
                                (Syntax.Fun ([], [], [], [], (Syntax.Env []),
                                   (("unknown_file", (8, 19), (8, 23)),
                                    (Syntax.BaseTy Syntax.Unit))
                                   )))
                                ],
                              [(("unknown_file", (8, 25), (8, 26)),
                                (Syntax.Move
                                   (("unknown_file", (8, 25), (8, 26)),
                                    ("f", []))))
                                ]
                              ))),
                          (("unknown_file", (8, 27), (8, 28)),
                           (Syntax.Prim Syntax.Unit))
                          )))
                      )))
                  )))
              )))
          )))));
   (Syntax.FnDef
      ("main", [], [], [], [],
       (("unknown_file", (11, 0), (11, 12)), (Syntax.BaseTy Syntax.Unit)),
       [], (("unknown_file", (11, 10), (11, 12)), (Syntax.Prim Syntax.Unit))));
   (Syntax.FnDef
      ("use_mut", [], [(("unknown_file", (13, 11), (13, 13)), "a")], 
       ["T"],
       [("x",
         (("unknown_file", (13, 21), (13, 30)),
          (Syntax.Ref ((("unknown_file", (13, 22), (13, 24)), "a"),
             Syntax.Unique,
             (("unknown_file", (13, 29), (13, 30)), (Syntax.TyVar "T"))))))
         ],
       (("unknown_file", (13, 0), (13, 35)), (Syntax.BaseTy Syntax.Unit)),
       [], (("unknown_file", (13, 32), (13, 35)), (Syntax.Prim Syntax.Unit))));
   (Syntax.FnDef
      ("use_ref", [], [(("unknown_file", (13, 47), (13, 49)), "a")], 
       ["T"],
       [("x",
         (("unknown_file", (13, 57), (13, 62)),
          (Syntax.Ref ((("unknown_file", (13, 58), (13, 60)), "a"),
             Syntax.Shared,
             (("unknown_file", (13, 61), (13, 62)), (Syntax.TyVar "T"))))))
         ],
       (("unknown_file", (13, 36), (13, 67)), (Syntax.BaseTy Syntax.Unit)),
       [], (("unknown_file", (13, 64), (13, 67)), (Syntax.Prim Syntax.Unit))))
   ]
