error: (Syntax.PartiallyMovedPath (
          (("unknown_file", (14, 14), (14, 16)),
           (Syntax.Struct ("AA", [], [],
              (Some (("<inferred>", (-1, -1), (-1, -1)),
                     (Syntax.Rec
                        [("b",
                          (("<inferred>", (-1, -1), (-1, -1)),
                           (Syntax.Struct ("BB", [], [],
                              (Some (("<inferred>", (-1, -1), (-1, -1)),
                                     (Syntax.Tup [])))
                              ))))
                          ])))
              ))),
          [(Syntax.Field "b")]))
invalid global environment:
 [(Syntax.RecStructDef
     (false, "AA", [], [],
      [("b",
        (("unknown_file", (2, 7), (2, 9)),
         (Syntax.Struct ("BB", [], [], None))))
        ]));
   (Syntax.TupStructDef (true, "BB", [], [], []));
   (Syntax.FnDef
      ("clone", [], [(("unknown_file", (8, 9), (8, 11)), "a")], [],
       [("b",
         (("unknown_file", (8, 16), (8, 22)),
          (Syntax.Ref ((("unknown_file", (8, 17), (8, 19)), "a"),
             Syntax.Shared,
             (("unknown_file", (8, 20), (8, 22)),
              (Syntax.Struct ("BB", [], [], None)))
             ))))
         ],
       (("unknown_file", (8, 27), (8, 29)),
        (Syntax.Struct ("BB", [], [], None))),
       [],
       (("unknown_file", (9, 4), (9, 6)),
        (Syntax.Move
           (("unknown_file", (9, 5), (9, 6)), ("b", [Syntax.Deref]))))));
   (Syntax.FnDef
      ("foo", [], [], [],
       [("a",
         (("unknown_file", (12, 10), (12, 12)),
          (Syntax.Struct ("AA", [], [], None))))
         ],
       (("unknown_file", (12, 0), (12, 16)), (Syntax.BaseTy Syntax.Unit)),
       [], (("unknown_file", (12, 14), (12, 16)), (Syntax.Prim Syntax.Unit))));
   (Syntax.FnDef
      ("bar", [], [], [],
       [("a",
         (("unknown_file", (14, 14), (14, 16)),
          (Syntax.Struct ("AA", [], [], None))))
         ],
       (("unknown_file", (14, 21), (14, 23)),
        (Syntax.Struct ("BB", [], [], None))),
       [],
       (("", (1, 0), (1, 0)),
        (Syntax.Seq (
           (("unknown_file", (15, 4), (15, 14)),
            (Syntax.Assign (
               (("unknown_file", (15, 4), (15, 5)),
                ("a", [(Syntax.Field "b")])),
               (("unknown_file", (15, 10), (15, 14)),
                (Syntax.TupStruct ("BB", [], [], [])))
               ))),
           (("", (0, 0), (0, 0)),
            (Syntax.Seq (
               (("unknown_file", (16, 4), (16, 10)),
                (Syntax.App (
                   (("unknown_file", (16, 4), (16, 7)), (Syntax.Fn "foo")),
                   [], [], [],
                   [(("unknown_file", (16, 8), (16, 9)),
                     (Syntax.Move
                        (("unknown_file", (16, 8), (16, 9)), ("a", []))))
                     ]
                   ))),
               (("unknown_file", (17, 4), (17, 29)),
                (Syntax.Let ("tmp0",
                   (("unknown_file", (17, 14), (17, 21)),
                    (Syntax.Ref (
                       (("unknown_file", (17, 15), (17, 18)), "t0"),
                       Syntax.Shared,
                       (("unknown_file", (17, 19), (17, 21)),
                        (Syntax.Struct ("BB", [], [], None)))
                       ))),
                   (("unknown_file", (17, 24), (17, 28)),
                    (Syntax.Borrow (
                       (("unknown_file", (17, 24), (17, 28)), "p1"),
                       Syntax.Shared,
                       (("unknown_file", (17, 25), (17, 26)),
                        ("a", [(Syntax.Field "b")]))
                       ))),
                   (("unknown_file", (18, 4), (18, 22)),
                    (Syntax.App (
                       (("unknown_file", (18, 4), (18, 16)),
                        (Syntax.Fn "clone")),
                       [], [(("unknown_file", (18, 12), (18, 15)), "t0")],
                       [],
                       [(("unknown_file", (18, 17), (18, 21)),
                         (Syntax.Move
                            (("unknown_file", (18, 17), (18, 21)),
                             ("tmp0", []))))
                         ]
                       )))
                   )))
               )))
           )))));
   (Syntax.FnDef
      ("main", [], [], [], [],
       (("unknown_file", (22, 0), (22, 12)), (Syntax.BaseTy Syntax.Unit)),
       [], (("unknown_file", (22, 10), (22, 12)), (Syntax.Prim Syntax.Unit))))
   ]
