error: (Syntax.UnboundLoanInProv (
          (("unknown_file", (4, 5), (4, 9)), ("tmp0", [])),
          (("unknown_file", (4, 4), (4, 9)), "p1")))
invalid global environment:
 [(Syntax.FnDef
     ("baz", [], [(("unknown_file", (1, 7), (1, 9)), "a")], [],
      [("x",
        (("unknown_file", (1, 14), (1, 21)),
         (Syntax.Ref ((("unknown_file", (1, 15), (1, 17)), "a"),
            Syntax.Shared,
            (("unknown_file", (1, 18), (1, 21)), (Syntax.BaseTy Syntax.U32))
            ))))
        ],
      (("unknown_file", (1, 26), (1, 37)),
       (Syntax.Ref ((("unknown_file", (1, 27), (1, 29)), "a"), Syntax.Shared,
          (("unknown_file", (1, 30), (1, 37)),
           (Syntax.Ref ((("unknown_file", (1, 31), (1, 33)), "a"),
              Syntax.Shared,
              (("unknown_file", (1, 34), (1, 37)), (Syntax.BaseTy Syntax.U32))
              )))
          ))),
      [],
      (("unknown_file", (2, 4), (2, 20)),
       (Syntax.Let ("y",
          (("unknown_file", (2, 11), (2, 14)), (Syntax.BaseTy Syntax.U32)),
          (("unknown_file", (2, 17), (2, 19)), (Syntax.Prim (Syntax.Num 22))),
          (("unknown_file", (3, 4), (3, 28)),
           (Syntax.Let ("tmp0",
              (("unknown_file", (3, 14), (3, 22)),
               (Syntax.Ref ((("unknown_file", (3, 15), (3, 18)), "t0"),
                  Syntax.Shared,
                  (("unknown_file", (3, 19), (3, 22)),
                   (Syntax.BaseTy Syntax.U32))
                  ))),
              (("unknown_file", (3, 25), (3, 27)),
               (Syntax.Borrow ((("unknown_file", (3, 25), (3, 27)), "p2"),
                  Syntax.Shared,
                  (("unknown_file", (3, 26), (3, 27)), ("y", []))))),
              (("unknown_file", (4, 4), (4, 9)),
               (Syntax.Borrow ((("unknown_file", (4, 4), (4, 9)), "p1"),
                  Syntax.Shared,
                  (("unknown_file", (4, 5), (4, 9)), ("tmp0", [])))))
              )))
          )))));
   (Syntax.FnDef
      ("main", [], [], [], [],
       (("unknown_file", (9, 0), (9, 13)), (Syntax.BaseTy Syntax.Unit)), 
       [], (("unknown_file", (9, 10), (9, 13)), (Syntax.Prim Syntax.Unit))))
   ]
