error: (Syntax.SafetyErr (
          (Syntax.Unique,
           (("unknown_file", (26, 36), (26, 43)), ("counter", []))),
          (Syntax.Shared,
           (("unknown_file", (22, 28), (22, 35)), ("counter", [])))
          ))
invalid global environment:
 [(Syntax.TupStructDef (false, "Mutex", [], [], []));
   (Syntax.TupStructDef
      (false, "MutexGuard", [(("unknown_file", (10, 18), (10, 20)), "a")],
       [],
       [(("unknown_file", (10, 22), (10, 31)),
         (Syntax.Ref ((("unknown_file", (10, 23), (10, 25)), "a"),
            Syntax.Shared,
            (("unknown_file", (10, 26), (10, 31)),
             (Syntax.Struct ("Mutex", [], [], None)))
            )))
         ]));
   (Syntax.FnDef
      ("drop_mutex", [], [(("unknown_file", (12, 14), (12, 16)), "a")], 
       [],
       [("mutex",
         (("unknown_file", (12, 25), (12, 38)),
          (Syntax.Ref ((("unknown_file", (12, 26), (12, 28)), "a"),
             Syntax.Unique,
             (("unknown_file", (12, 33), (12, 38)),
              (Syntax.Struct ("Mutex", [], [], None)))
             ))))
         ],
       (("unknown_file", (12, 0), (12, 43)), (Syntax.BaseTy Syntax.Unit)),
       [], (("unknown_file", (12, 40), (12, 43)), (Syntax.Prim Syntax.Unit))));
   (Syntax.FnDef
      ("drop_guard", [], [(("unknown_file", (13, 14), (13, 16)), "a")], 
       [],
       [("guard",
         (("unknown_file", (13, 25), (13, 47)),
          (Syntax.Ref ((("unknown_file", (13, 26), (13, 28)), "a"),
             Syntax.Unique,
             (("unknown_file", (13, 33), (13, 47)),
              (Syntax.Struct ("MutexGuard",
                 [(("unknown_file", (13, 44), (13, 46)), "a")], [], None)))
             ))))
         ],
       (("unknown_file", (13, 0), (13, 52)), (Syntax.BaseTy Syntax.Unit)),
       [], (("unknown_file", (13, 49), (13, 52)), (Syntax.Prim Syntax.Unit))));
   (Syntax.FnDef
      ("lock", [], [(("unknown_file", (15, 8), (15, 10)), "a")], [],
       [("mutex",
         (("unknown_file", (15, 19), (15, 28)),
          (Syntax.Ref ((("unknown_file", (15, 20), (15, 22)), "a"),
             Syntax.Shared,
             (("unknown_file", (15, 23), (15, 28)),
              (Syntax.Struct ("Mutex", [], [], None)))
             ))))
         ],
       (("unknown_file", (15, 33), (15, 47)),
        (Syntax.Struct ("MutexGuard",
           [(("unknown_file", (15, 44), (15, 46)), "a")], [], None))),
       [],
       (("unknown_file", (16, 4), (16, 27)),
        (Syntax.TupStruct ("MutexGuard",
           [(("unknown_file", (16, 17), (16, 19)), "a")], [],
           [(("unknown_file", (16, 21), (16, 26)),
             (Syntax.Move
                (("unknown_file", (16, 21), (16, 26)), ("mutex", []))))
             ]
           )))));
   (Syntax.FnDef
      ("main", [], [], [], [],
       (("unknown_file", (19, 0), (38, 1)), (Syntax.BaseTy Syntax.Unit)), 
       [],
       (("unknown_file", (20, 4), (20, 33)),
        (Syntax.Let ("counter",
           (("unknown_file", (20, 17), (20, 22)),
            (Syntax.Struct ("Mutex", [], [], None))),
           (("unknown_file", (20, 25), (20, 32)),
            (Syntax.TupStruct ("Mutex", [], [], []))),
           (("unknown_file", (22, 4), (22, 36)),
            (Syntax.Let ("tmp0",
               (("unknown_file", (22, 14), (22, 24)),
                (Syntax.Ref ((("unknown_file", (22, 15), (22, 18)), "t0"),
                   Syntax.Shared,
                   (("unknown_file", (22, 19), (22, 24)),
                    (Syntax.Struct ("Mutex", [], [], None)))
                   ))),
               (("unknown_file", (22, 27), (22, 35)),
                (Syntax.Borrow ((("unknown_file", (22, 27), (22, 35)), "p3"),
                   Syntax.Shared,
                   (("unknown_file", (22, 28), (22, 35)), ("counter", []))))),
               (("unknown_file", (23, 4), (23, 51)),
                (Syntax.Let ("guard",
                   (("unknown_file", (23, 15), (23, 30)),
                    (Syntax.Struct ("MutexGuard",
                       [(("unknown_file", (23, 26), (23, 29)), "t0")], 
                       [], None))),
                   (("unknown_file", (23, 33), (23, 50)),
                    (Syntax.App (
                       (("unknown_file", (23, 33), (23, 44)),
                        (Syntax.Fn "lock")),
                       [], [(("unknown_file", (23, 40), (23, 43)), "t0")],
                       [],
                       [(("unknown_file", (23, 45), (23, 49)),
                         (Syntax.Move
                            (("unknown_file", (23, 45), (23, 49)),
                             ("tmp0", []))))
                         ]
                       ))),
                   (("", (1, 0), (1, 0)),
                    (Syntax.Seq (
                       (("unknown_file", (24, 4), (24, 16)),
                        (Syntax.Drop
                           (("unknown_file", (24, 4), (24, 16)), ("tmp0", [])))),
                       (("unknown_file", (26, 4), (26, 44)),
                        (Syntax.Let ("tmp1",
                           (("unknown_file", (26, 14), (26, 28)),
                            (Syntax.Ref (
                               (("unknown_file", (26, 15), (26, 18)), "t1"),
                               Syntax.Unique,
                               (("unknown_file", (26, 23), (26, 28)),
                                (Syntax.Struct ("Mutex", [], [], None)))
                               ))),
                           (("unknown_file", (26, 31), (26, 43)),
                            (Syntax.Borrow (
                               (("unknown_file", (26, 31), (26, 43)), "p2"),
                               Syntax.Unique,
                               (("unknown_file", (26, 36), (26, 43)),
                                ("counter", []))
                               ))),
                           (("", (0, 0), (0, 0)),
                            (Syntax.Seq (
                               (("unknown_file", (27, 4), (27, 27)),
                                (Syntax.App (
                                   (("unknown_file", (27, 4), (27, 21)),
                                    (Syntax.Fn "drop_mutex")),
                                   [],
                                   [(("unknown_file", (27, 17), (27, 20)),
                                     "t1")],
                                   [],
                                   [(("unknown_file", (27, 22), (27, 26)),
                                     (Syntax.Move
                                        (("unknown_file", (27, 22), (27, 26)),
                                         ("tmp1", []))))
                                     ]
                                   ))),
                               (("unknown_file", (28, 4), (28, 54)),
                                (Syntax.Let ("tmp2",
                                   (("unknown_file", (28, 14), (28, 38)),
                                    (Syntax.Ref (
                                       (("unknown_file", (28, 15), (28, 18)),
                                        "t2"),
                                       Syntax.Unique,
                                       (("unknown_file", (28, 23), (28, 38)),
                                        (Syntax.Struct ("MutexGuard",
                                           [(("unknown_file", (28, 34),
                                              (28, 37)),
                                             "t0")],
                                           [], None)))
                                       ))),
                                   (("unknown_file", (28, 41), (28, 53)),
                                    (Syntax.Borrow (
                                       (("unknown_file", (28, 41), (28, 53)),
                                        "p1"),
                                       Syntax.Unique,
                                       (("unknown_file", (28, 46), (28, 53)),
                                        ("counter", []))
                                       ))),
                                   (("unknown_file", (29, 4), (29, 20)),
                                    (Syntax.App (
                                       (("unknown_file", (29, 4), (29, 14)),
                                        (Syntax.Fn "drop_guard")),
                                       [], [], [],
                                       [(("unknown_file", (29, 15), (29, 19)),
                                         (Syntax.Move
                                            (("unknown_file", (29, 15),
                                              (29, 19)),
                                             ("tmp2", []))))
                                         ]
                                       )))
                                   )))
                               )))
                           )))
                       )))
                   )))
               )))
           )))))
   ]
