error: (Syntax.UnboundLoanInProv (
          (("unknown_file", (5, 5), (5, 6)), ("y", [])),
          (("unknown_file", (5, 4), (5, 6)), "p1")))
invalid global environment:
 [(Syntax.TupStructDef (false, "Test", [], [], []));
   (Syntax.FnDef
      ("bar", [], [(("unknown_file", (3, 7), (3, 9)), "a")], [],
       [("test",
         (("unknown_file", (3, 17), (3, 25)),
          (Syntax.Ref ((("unknown_file", (3, 18), (3, 20)), "a"),
             Syntax.Shared,
             (("unknown_file", (3, 21), (3, 25)),
              (Syntax.Struct ("Test", [], [], None)))
             ))));
         ("x",
          (("unknown_file", (3, 30), (3, 37)),
           (Syntax.Ref ((("unknown_file", (3, 31), (3, 33)), "a"),
              Syntax.Shared,
              (("unknown_file", (3, 34), (3, 37)), (Syntax.BaseTy Syntax.U32))
              ))))
         ],
       (("unknown_file", (3, 42), (3, 49)),
        (Syntax.Ref ((("unknown_file", (3, 43), (3, 45)), "a"),
           Syntax.Shared,
           (("unknown_file", (3, 46), (3, 49)), (Syntax.BaseTy Syntax.U32))))),
       [],
       (("unknown_file", (4, 4), (4, 20)),
        (Syntax.Let ("y",
           (("unknown_file", (4, 11), (4, 14)), (Syntax.BaseTy Syntax.U32)),
           (("unknown_file", (4, 17), (4, 19)), (Syntax.Prim (Syntax.Num 22))),
           (("unknown_file", (5, 4), (5, 6)),
            (Syntax.Borrow ((("unknown_file", (5, 4), (5, 6)), "p1"),
               Syntax.Shared, (("unknown_file", (5, 5), (5, 6)), ("y", [])))))
           )))));
   (Syntax.FnDef
      ("main", [], [], [], [],
       (("unknown_file", (9, 0), (9, 13)), (Syntax.BaseTy Syntax.Unit)), 
       [], (("unknown_file", (9, 10), (9, 13)), (Syntax.Prim Syntax.Unit))))
   ]
