valid global environment:
 [(Syntax.FnDef
     ("creash", [], [(("unknown_file", (11, 10), (11, 12)), "a")], [], 
      [], (("unknown_file", (11, 0), (14, 1)), (Syntax.BaseTy Syntax.Unit)),
      [],
      (("unknown_file", (12, 4), (12, 22)),
       (Syntax.Let ("unit",
          (("unknown_file", (12, 14), (12, 16)), (Syntax.BaseTy Syntax.Unit)),
          (("unknown_file", (12, 19), (12, 21)), (Syntax.Prim Syntax.Unit)),
          (("unknown_file", (13, 4), (13, 26)),
           (Syntax.Let ("x",
              (("unknown_file", (13, 11), (13, 17)),
               (Syntax.Ref ((("unknown_file", (13, 12), (13, 14)), "a"),
                  Syntax.Shared,
                  (("unknown_file", (13, 15), (13, 17)),
                   (Syntax.BaseTy Syntax.Unit))
                  ))),
              (("unknown_file", (13, 20), (13, 25)),
               (Syntax.Borrow ((("unknown_file", (13, 20), (13, 25)), "p1"),
                  Syntax.Shared,
                  (("unknown_file", (13, 21), (13, 25)), ("unit", []))))),
              (("unknown_file", (13, 25), (13, 26)),
               (Syntax.Prim Syntax.Unit))
              )))
          )))));
   (Syntax.FnDef
      ("main", [], [], [], [],
       (("unknown_file", (16, 0), (16, 12)), (Syntax.BaseTy Syntax.Unit)),
       [], (("unknown_file", (16, 10), (16, 12)), (Syntax.Prim Syntax.Unit))))
   ]
