error: (Syntax.UnboundLoanInProv (
          (Syntax.Shared, (("unknown_file", (3, 5), (3, 6)), ("y", []))),
          (("unknown_file", (3, 4), (3, 6)), "p1")))
invalid global environment:
 [(Syntax.FnDef
     ("foobar", [], [(("unknown_file", (1, 10), (1, 12)), "a")], [],
      [("x",
        (("unknown_file", (1, 17), (1, 24)),
         (Syntax.Ref ((("unknown_file", (1, 18), (1, 20)), "a"),
            Syntax.Shared,
            (("unknown_file", (1, 21), (1, 24)), (Syntax.BaseTy Syntax.U32))
            ))))
        ],
      (("unknown_file", (1, 29), (1, 36)),
       (Syntax.Ref ((("unknown_file", (1, 30), (1, 32)), "a"), Syntax.Shared,
          (("unknown_file", (1, 33), (1, 36)), (Syntax.BaseTy Syntax.U32))))),
      [],
      (("unknown_file", (2, 4), (2, 15)),
       (Syntax.Let ("y", (("unknown_file", (2, 4), (2, 7)), Syntax.Infer),
          (("unknown_file", (2, 12), (2, 14)), (Syntax.Prim (Syntax.Num 22))),
          (("unknown_file", (3, 4), (3, 6)),
           (Syntax.Borrow ((("unknown_file", (3, 4), (3, 6)), "p1"),
              Syntax.Shared, (("unknown_file", (3, 5), (3, 6)), ("y", [])))))
          )))));
   (Syntax.FnDef
      ("main", [], [], [], [],
       (("unknown_file", (7, 0), (7, 13)), (Syntax.BaseTy Syntax.Unit)), 
       [], (("unknown_file", (7, 10), (7, 13)), (Syntax.Prim Syntax.Unit))))
   ]
