error: (Syntax.InvalidProv (("unknown_file", (16, 34), (16, 36)), "a"))
invalid global environment:
 [(Syntax.TupStructDef
     (false, "Box", [], ["T"],
      [(("unknown_file", (7, 14), (7, 15)), (Syntax.TyVar "T"))]));
   (Syntax.TupStructDef
      (false, "VecWrapper", [(("unknown_file", (9, 18), (9, 20)), "a")], 
       [],
       [(("unknown_file", (9, 22), (9, 32)),
         (Syntax.Ref ((("unknown_file", (9, 23), (9, 25)), "a"),
            Syntax.Unique,
            (("unknown_file", (9, 30), (9, 32)),
             (Syntax.Struct ("SS", [], [], None)))
            )))
         ]));
   (Syntax.TupStructDef
      (false, "SS", [], [],
       [(("unknown_file", (11, 10), (11, 18)),
         (Syntax.Struct ("Box", [],
            [(("unknown_file", (11, 14), (11, 17)),
              (Syntax.BaseTy Syntax.U32))],
            None)))
         ]));
   (Syntax.FnDef
      ("get_dangling", [], [(("unknown_file", (13, 16), (13, 18)), "a")], 
       [],
       [("v",
         (("unknown_file", (13, 23), (13, 37)),
          (Syntax.Struct ("VecWrapper",
             [(("unknown_file", (13, 34), (13, 36)), "a")], [], None))))
         ],
       (("unknown_file", (13, 42), (13, 49)),
        (Syntax.Ref ((("unknown_file", (13, 43), (13, 45)), "a"),
           Syntax.Shared,
           (("unknown_file", (13, 46), (13, 49)), (Syntax.BaseTy Syntax.U32))
           ))),
       [],
       (("unknown_file", (14, 4), (14, 32)),
        (Syntax.Let ("s_inner",
           (("unknown_file", (14, 17), (14, 23)),
            (Syntax.Ref ((("unknown_file", (14, 18), (14, 20)), "a"),
               Syntax.Shared,
               (("unknown_file", (14, 21), (14, 23)),
                (Syntax.Struct ("SS", [], [], None)))
               ))),
           (("unknown_file", (14, 26), (14, 31)),
            (Syntax.Borrow ((("unknown_file", (14, 26), (14, 31)), "p3"),
               Syntax.Shared,
               (("unknown_file", (14, 28), (14, 29)),
                ("v", [(Syntax.Index 0); Syntax.Deref]))
               ))),
           (("unknown_file", (15, 4), (15, 41)),
            (Syntax.Let ("res",
               (("unknown_file", (15, 13), (15, 20)),
                (Syntax.Ref ((("unknown_file", (15, 14), (15, 16)), "a"),
                   Syntax.Shared,
                   (("unknown_file", (15, 17), (15, 20)),
                    (Syntax.BaseTy Syntax.U32))
                   ))),
               (("unknown_file", (15, 23), (15, 40)),
                (Syntax.Borrow ((("unknown_file", (15, 23), (15, 40)), "p2"),
                   Syntax.Shared,
                   (("unknown_file", (15, 27), (15, 34)),
                    ("s_inner",
                     [Syntax.Deref; (Syntax.Index 0); (Syntax.Index 0)]))
                   ))),
               (("unknown_file", (16, 4), (16, 47)),
                (Syntax.Let ("tmp0",
                   (("unknown_file", (16, 14), (16, 37)),
                    (Syntax.Ref (
                       (("unknown_file", (16, 15), (16, 18)), "t0"),
                       Syntax.Unique,
                       (("unknown_file", (16, 23), (16, 37)),
                        (Syntax.Struct ("VecWrapper",
                           [(("unknown_file", (16, 34), (16, 36)), "a")], 
                           [], None)))
                       ))),
                   (("unknown_file", (16, 40), (16, 46)),
                    (Syntax.Borrow (
                       (("unknown_file", (16, 40), (16, 46)), "p1"),
                       Syntax.Unique,
                       (("unknown_file", (16, 45), (16, 46)), ("v", []))))),
                   (("", (1, 0), (1, 0)),
                    (Syntax.Seq (
                       (("unknown_file", (17, 4), (17, 29)),
                        (Syntax.App (
                           (("unknown_file", (17, 4), (17, 23)),
                            (Syntax.Fn "drop_wrapper")),
                           [],
                           [(("unknown_file", (17, 19), (17, 22)), "t0")],
                           [],
                           [(("unknown_file", (17, 24), (17, 28)),
                             (Syntax.Move
                                (("unknown_file", (17, 24), (17, 28)),
                                 ("tmp0", []))))
                             ]
                           ))),
                       (("unknown_file", (18, 4), (18, 7)),
                        (Syntax.Move
                           (("unknown_file", (18, 4), (18, 7)), ("res", []))))
                       )))
                   )))
               )))
           )))));
   (Syntax.FnDef
      ("drop_wrapper", [], [(("unknown_file", (21, 16), (21, 18)), "a")], 
       [],
       [("wrapper",
         (("unknown_file", (21, 29), (21, 51)),
          (Syntax.Ref ((("unknown_file", (21, 30), (21, 32)), "a"),
             Syntax.Unique,
             (("unknown_file", (21, 37), (21, 51)),
              (Syntax.Struct ("VecWrapper",
                 [(("unknown_file", (21, 48), (21, 50)), "a")], [], None)))
             ))))
         ],
       (("unknown_file", (21, 0), (23, 1)), (Syntax.BaseTy Syntax.Unit)), 
       [],
       (("", (0, 0), (0, 0)),
        (Syntax.Seq (
           (("unknown_file", (22, 4), (22, 24)),
            (Syntax.Assign (
               (("unknown_file", (22, 5), (22, 9)),
                ("self", [(Syntax.Index 0); Syntax.Deref])),
               (("unknown_file", (22, 14), (22, 24)),
                (Syntax.TupStruct ("SS", [], [],
                   [(("unknown_file", (22, 17), (22, 23)),
                     (Syntax.TupStruct ("Box", [], [],
                        [(("unknown_file", (22, 21), (22, 22)),
                          (Syntax.Prim (Syntax.Num 0)))]
                        )))
                     ]
                   )))
               ))),
           (("unknown_file", (22, 24), (22, 25)), (Syntax.Prim Syntax.Unit))
           )))));
   (Syntax.FnDef
      ("main", [], [], [], [],
       (("unknown_file", (25, 0), (30, 1)), (Syntax.BaseTy Syntax.Unit)), 
       [],
       (("unknown_file", (26, 4), (26, 32)),
        (Syntax.Let ("s",
           (("unknown_file", (26, 15), (26, 17)),
            (Syntax.Struct ("SS", [], [], None))),
           (("unknown_file", (26, 20), (26, 31)),
            (Syntax.TupStruct ("SS", [], [],
               [(("unknown_file", (26, 23), (26, 30)),
                 (Syntax.TupStruct ("Box", [], [],
                    [(("unknown_file", (26, 27), (26, 29)),
                      (Syntax.Prim (Syntax.Num 11)))]
                    )))
                 ]
               ))),
           (("unknown_file", (27, 4), (27, 35)),
            (Syntax.Let ("tmp0",
               (("unknown_file", (27, 14), (27, 25)),
                (Syntax.Ref ((("unknown_file", (27, 15), (27, 18)), "t0"),
                   Syntax.Unique,
                   (("unknown_file", (27, 23), (27, 25)),
                    (Syntax.Struct ("SS", [], [], None)))
                   ))),
               (("unknown_file", (27, 28), (27, 34)),
                (Syntax.Borrow ((("unknown_file", (27, 28), (27, 34)), "p4"),
                   Syntax.Unique,
                   (("unknown_file", (27, 33), (27, 34)), ("s", []))))),
               (("unknown_file", (28, 4), (28, 47)),
                (Syntax.Let ("vw",
                   (("unknown_file", (28, 12), (28, 27)),
                    (Syntax.Struct ("VecWrapper",
                       [(("unknown_file", (28, 23), (28, 26)), "t0")], 
                       [], None))),
                   (("unknown_file", (28, 30), (28, 46)),
                    (Syntax.TupStruct ("VecWrapper", [], [],
                       [(("unknown_file", (28, 41), (28, 45)),
                         (Syntax.Move
                            (("unknown_file", (28, 41), (28, 45)),
                             ("tmp0", []))))
                         ]
                       ))),
                   (("unknown_file", (29, 4), (29, 53)),
                    (Syntax.Let ("dangling",
                       (("unknown_file", (29, 18), (29, 26)),
                        (Syntax.Ref (
                           (("unknown_file", (29, 19), (29, 22)), "t0"),
                           Syntax.Shared,
                           (("unknown_file", (29, 23), (29, 26)),
                            (Syntax.BaseTy Syntax.U32))
                           ))),
                       (("unknown_file", (29, 29), (29, 52)),
                        (Syntax.App (
                           (("unknown_file", (29, 29), (29, 48)),
                            (Syntax.Fn "get_dangling")),
                           [],
                           [(("unknown_file", (29, 44), (29, 47)), "t0")],
                           [],
                           [(("unknown_file", (29, 49), (29, 51)),
                             (Syntax.Move
                                (("unknown_file", (29, 49), (29, 51)),
                                 ("vw", []))))
                             ]
                           ))),
                       (("unknown_file", (29, 52), (29, 53)),
                        (Syntax.Prim Syntax.Unit))
                       )))
                   )))
               )))
           )))))
   ]
