error: (Syntax.AbsProvsNotSubtype (
          (("unknown_file", (12, 49), (12, 51)), "c"),
          (("unknown_file", (12, 37), (12, 39)), "b")))
invalid global environment:
 [(Syntax.RecStructDef
     (false, "Foo",
      [(("unknown_file", (3, 11), (3, 13)), "a");
        (("unknown_file", (3, 15), (3, 17)), "b")],
      [],
      [("x",
        (("unknown_file", (4, 7), (4, 14)),
         (Syntax.Ref ((("unknown_file", (4, 8), (4, 10)), "a"),
            Syntax.Shared,
            (("unknown_file", (4, 11), (4, 14)), (Syntax.BaseTy Syntax.U32))
            ))));
        ("y",
         (("unknown_file", (5, 7), (5, 14)),
          (Syntax.Ref ((("unknown_file", (5, 8), (5, 10)), "b"),
             Syntax.Shared,
             (("unknown_file", (5, 11), (5, 14)), (Syntax.BaseTy Syntax.U32))
             ))))
        ]));
   (Syntax.RecStructDef
      (false, "Bar", [(("unknown_file", (8, 11), (8, 13)), "b")], [],
       [("z",
         (("unknown_file", (9, 7), (9, 14)),
          (Syntax.Ref ((("unknown_file", (9, 8), (9, 10)), "b"),
             Syntax.Shared,
             (("unknown_file", (9, 11), (9, 14)), (Syntax.BaseTy Syntax.U32))
             ))))
         ]));
   (Syntax.FnDef
      ("take_bar", [],
       [(("unknown_file", (12, 12), (12, 14)), "a");
         (("unknown_file", (12, 16), (12, 18)), "b");
         (("unknown_file", (12, 20), (12, 22)), "c")],
       [],
       [("foo",
         (("unknown_file", (12, 29), (12, 40)),
          (Syntax.Struct ("Foo",
             [(("unknown_file", (12, 33), (12, 35)), "a");
               (("unknown_file", (12, 37), (12, 39)), "b")],
             [], None))));
         ("b",
          (("unknown_file", (12, 45), (12, 52)),
           (Syntax.Struct ("Bar",
              [(("unknown_file", (12, 49), (12, 51)), "c")], [], None))))
         ],
       (("unknown_file", (12, 0), (15, 1)), (Syntax.BaseTy Syntax.Unit)), 
       [],
       (("unknown_file", (13, 4), (13, 15)),
        (Syntax.Assign (
           (("unknown_file", (13, 4), (13, 7)), ("foo", [(Syntax.Field "y")])),
           (("unknown_file", (13, 12), (13, 15)),
            (Syntax.Move
               (("unknown_file", (13, 12), (13, 13)),
                ("b", [(Syntax.Field "z")]))))
           )))));
   (Syntax.FnDef
      ("main", [], [], [], [],
       (("unknown_file", (17, 0), (17, 12)), (Syntax.BaseTy Syntax.Unit)),
       [], (("unknown_file", (17, 10), (17, 12)), (Syntax.Prim Syntax.Unit))))
   ]
