error: (Syntax.PermissionErr (
          (("unknown_file", (3, 12), (3, 19)),
           (Syntax.Ref ((("unknown_file", (3, 13), (3, 15)), "a"),
              Syntax.Shared,
              (("unknown_file", (3, 16), (3, 19)), (Syntax.BaseTy Syntax.U32))
              ))),
          [Syntax.Deref], Syntax.Unique))
invalid global environment:
 [(Syntax.FnDef
     ("f", [], [(("unknown_file", (3, 5), (3, 7)), "a")], [],
      [("x",
        (("unknown_file", (3, 12), (3, 19)),
         (Syntax.Ref ((("unknown_file", (3, 13), (3, 15)), "a"),
            Syntax.Shared,
            (("unknown_file", (3, 16), (3, 19)), (Syntax.BaseTy Syntax.U32))
            ))))
        ],
      (("unknown_file", (3, 0), (8, 1)), (Syntax.BaseTy Syntax.Unit)), 
      [],
      (("unknown_file", (4, 4), (4, 28)),
       (Syntax.Let ("g",
          (("unknown_file", (4, 11), (4, 22)),
           (Syntax.Ref ((("unknown_file", (4, 12), (4, 14)), "g"),
              Syntax.Shared,
              (("unknown_file", (4, 15), (4, 22)),
               (Syntax.Ref ((("unknown_file", (4, 16), (4, 18)), "a"),
                  Syntax.Shared,
                  (("unknown_file", (4, 19), (4, 22)),
                   (Syntax.BaseTy Syntax.U32))
                  )))
              ))),
          (("unknown_file", (4, 25), (4, 27)),
           (Syntax.Borrow ((("unknown_file", (4, 25), (4, 27)), "p1"),
              Syntax.Shared, (("unknown_file", (4, 26), (4, 27)), ("x", []))
              ))),
          (("", (1, 0), (1, 0)),
           (Syntax.Seq (
              (("unknown_file", (5, 4), (5, 10)),
               (Syntax.Assign (
                  (("unknown_file", (5, 5), (5, 6)), ("x", [Syntax.Deref])),
                  (("unknown_file", (5, 9), (5, 10)),
                   (Syntax.Prim (Syntax.Num 0)))
                  ))),
              (("", (0, 0), (0, 0)),
               (Syntax.Seq (
                  (("unknown_file", (7, 4), (7, 5)),
                   (Syntax.Move (("unknown_file", (7, 4), (7, 5)), ("g", [])))),
                  (("unknown_file", (7, 5), (7, 6)),
                   (Syntax.Prim Syntax.Unit))
                  )))
              )))
          )))));
   (Syntax.FnDef
      ("main", [], [], [], [],
       (("unknown_file", (10, 0), (10, 12)), (Syntax.BaseTy Syntax.Unit)),
       [], (("unknown_file", (10, 10), (10, 12)), (Syntax.Prim Syntax.Unit))))
   ]
