error: (Syntax.NoReferenceToCaptured
          (("unknown_file", (8, 12), (8, 13)), ("v", [])))
invalid global environment:
 [(Syntax.TupStructDef
     (false, "Vec", [], ["T"],
      [(("unknown_file", (4, 14), (4, 15)), (Syntax.TyVar "T"))]));
   (Syntax.FnDef
      ("main", [], [], [], [],
       (("unknown_file", (6, 0), (10, 1)), (Syntax.BaseTy Syntax.Unit)), 
       [],
       (("unknown_file", (7, 4), (7, 39)),
        (Syntax.Let ("v",
           (("unknown_file", (7, 15), (7, 22)),
            (Syntax.Struct ("Vec", [],
               [(("unknown_file", (7, 19), (7, 21)),
                 (Syntax.BaseTy Syntax.Unit))],
               None))),
           (("unknown_file", (7, 25), (7, 38)),
            (Syntax.TupStruct ("Vec", [],
               [(("unknown_file", (7, 31), (7, 33)),
                 (Syntax.BaseTy Syntax.Unit))],
               [(("unknown_file", (7, 35), (7, 37)),
                 (Syntax.Prim Syntax.Unit))]
               ))),
           (("", (0, 0), (0, 0)),
            (Syntax.Seq (
               (("unknown_file", (8, 4), (8, 13)),
                (Syntax.Fun ([], [], [], None,
                   (("unknown_file", (8, 7), (8, 13)),
                    (Syntax.Borrow (
                       (("unknown_file", (8, 7), (8, 13)), "p1"),
                       Syntax.Unique,
                       (("unknown_file", (8, 12), (8, 13)), ("v", [])))))
                   ))),
               (("unknown_file", (8, 13), (8, 14)), (Syntax.Prim Syntax.Unit))
               )))
           )))))
   ]
