error: (Syntax.InvalidProv (("unknown_file", (13, 18), (13, 21)), "t0"))
invalid global environment:
 [(Syntax.FnDef
     ("use_val", [], [(("unknown_file", (5, 11), (5, 13)), "a")], [],
      [("val",
        (("unknown_file", (5, 20), (5, 26)),
         (Syntax.Ref ((("unknown_file", (5, 21), (5, 23)), "a"),
            Syntax.Shared,
            (("unknown_file", (5, 24), (5, 26)), (Syntax.BaseTy Syntax.U32))
            ))))
        ],
      (("unknown_file", (5, 31), (5, 37)),
       (Syntax.Ref ((("unknown_file", (5, 32), (5, 34)), "a"), Syntax.Shared,
          (("unknown_file", (5, 35), (5, 37)), (Syntax.BaseTy Syntax.U32))))),
      [],
      (("unknown_file", (6, 4), (6, 7)),
       (Syntax.Move (("unknown_file", (6, 4), (6, 7)), ("val", []))))));
   (Syntax.FnDef
      ("main", [], [], [], [],
       (("unknown_file", (9, 0), (15, 1)), (Syntax.BaseTy Syntax.Unit)), 
       [],
       (("unknown_file", (10, 4), (10, 21)),
        (Syntax.Let ("orig",
           (("unknown_file", (10, 14), (10, 16)), (Syntax.BaseTy Syntax.U32)),
           (("unknown_file", (10, 19), (10, 20)),
            (Syntax.Prim (Syntax.Num 5))),
           (("", (0, 0), (0, 0)),
            (Syntax.Seq (
               (("unknown_file", (11, 4), (14, 5)),
                (Syntax.Fun ([], [], [], None,
                   (("unknown_file", (12, 8), (12, 34)),
                    (Syntax.Let ("tmp0",
                       (("unknown_file", (12, 18), (12, 25)),
                        (Syntax.Ref (
                           (("unknown_file", (12, 19), (12, 22)), "t0"),
                           Syntax.Shared,
                           (("unknown_file", (12, 23), (12, 25)),
                            (Syntax.BaseTy Syntax.U32))
                           ))),
                       (("unknown_file", (12, 28), (12, 33)),
                        (Syntax.Borrow (
                           (("unknown_file", (12, 28), (12, 33)), "p1"),
                           Syntax.Shared,
                           (("unknown_file", (12, 29), (12, 33)),
                            ("orig", []))
                           ))),
                       (("unknown_file", (13, 8), (13, 28)),
                        (Syntax.App (
                           (("unknown_file", (13, 8), (13, 22)),
                            (Syntax.Fn "use_val")),
                           [],
                           [(("unknown_file", (13, 18), (13, 21)), "t0")],
                           [],
                           [(("unknown_file", (13, 23), (13, 27)),
                             (Syntax.Move
                                (("unknown_file", (13, 23), (13, 27)),
                                 ("tmp0", []))))
                             ]
                           )))
                       )))
                   ))),
               (("unknown_file", (14, 5), (14, 6)), (Syntax.Prim Syntax.Unit))
               )))
           )))))
   ]
