error: (Syntax.InvalidProv (("unknown_file", (3, 4), (3, 6)), "p1"))
invalid global environment:
 [(Syntax.FnDef
     ("foobarbaz", [],
      [(("unknown_file", (1, 13), (1, 15)), "a");
        (("unknown_file", (1, 17), (1, 19)), "b")],
      [],
      [("x",
        (("unknown_file", (1, 24), (1, 31)),
         (Syntax.Ref ((("unknown_file", (1, 25), (1, 27)), "a"),
            Syntax.Shared,
            (("unknown_file", (1, 28), (1, 31)), (Syntax.BaseTy Syntax.U32))
            ))));
        ("y",
         (("unknown_file", (1, 36), (1, 43)),
          (Syntax.Ref ((("unknown_file", (1, 37), (1, 39)), "b"),
             Syntax.Shared,
             (("unknown_file", (1, 40), (1, 43)), (Syntax.BaseTy Syntax.U32))
             ))));
        ("z",
         (("unknown_file", (1, 48), (1, 55)),
          (Syntax.Ref ((("unknown_file", (1, 49), (1, 51)), "a"),
             Syntax.Shared,
             (("unknown_file", (1, 52), (1, 55)), (Syntax.BaseTy Syntax.U32))
             ))))
        ],
      (("unknown_file", (1, 60), (1, 67)),
       (Syntax.Ref ((("unknown_file", (1, 61), (1, 63)), "a"), Syntax.Shared,
          (("unknown_file", (1, 64), (1, 67)), (Syntax.BaseTy Syntax.U32))))),
      [],
      (("unknown_file", (2, 4), (2, 20)),
       (Syntax.Let ("w",
          (("unknown_file", (2, 11), (2, 14)), (Syntax.BaseTy Syntax.U32)),
          (("unknown_file", (2, 17), (2, 19)), (Syntax.Prim (Syntax.Num 22))),
          (("unknown_file", (3, 4), (3, 6)),
           (Syntax.Borrow ((("unknown_file", (3, 4), (3, 6)), "p1"),
              Syntax.Shared, (("unknown_file", (3, 5), (3, 6)), ("w", [])))))
          )))));
   (Syntax.FnDef
      ("main", [], [], [], [],
       (("unknown_file", (7, 0), (7, 13)), (Syntax.BaseTy Syntax.Unit)), 
       [], (("unknown_file", (7, 10), (7, 13)), (Syntax.Prim Syntax.Unit))))
   ]
