error: (Syntax.PartiallyMoved (
          (("unknown_file", (16, 21), (16, 22)), ("c", [])),
          (("unknown_file", (10, 11), (10, 22)),
           (Syntax.Uninit
              (("unknown_file", (10, 11), (10, 22)),
               (Syntax.Ref ((("unknown_file", (10, 12), (10, 14)), "c"),
                  Syntax.Unique,
                  (("unknown_file", (10, 19), (10, 22)),
                   (Syntax.BaseTy Syntax.U32))
                  )))))
          ))
invalid global environment:
 [(Syntax.FnDef
     ("main", [], [], [], [],
      (("unknown_file", (5, 0), (6, 1)), (Syntax.BaseTy Syntax.Unit)), 
      [], (("unknown_file", (5, 10), (6, 1)), (Syntax.Prim Syntax.Unit))));
   (Syntax.FnDef
      ("nll_fail", [], [], [], [],
       (("unknown_file", (8, 0), (17, 1)), (Syntax.BaseTy Syntax.Unit)), 
       [],
       (("unknown_file", (9, 4), (9, 46)),
        (Syntax.Let ("data",
           (("unknown_file", (9, 18), (9, 33)),
            (Syntax.Tup
               [(("unknown_file", (9, 19), (9, 22)),
                 (Syntax.BaseTy Syntax.U32));
                 (("unknown_file", (9, 24), (9, 27)),
                  (Syntax.BaseTy Syntax.U32));
                 (("unknown_file", (9, 29), (9, 32)),
                  (Syntax.BaseTy Syntax.U32))
                 ])),
           (("unknown_file", (9, 36), (9, 45)),
            (Syntax.Tup
               [(("unknown_file", (9, 37), (9, 38)),
                 (Syntax.Prim (Syntax.Num 0)));
                 (("unknown_file", (9, 40), (9, 41)),
                  (Syntax.Prim (Syntax.Num 1)));
                 (("unknown_file", (9, 43), (9, 44)),
                  (Syntax.Prim (Syntax.Num 2)))
                 ])),
           (("unknown_file", (10, 4), (10, 37)),
            (Syntax.Let ("c",
               (("unknown_file", (10, 11), (10, 22)),
                (Syntax.Ref ((("unknown_file", (10, 12), (10, 14)), "c"),
                   Syntax.Unique,
                   (("unknown_file", (10, 19), (10, 22)),
                    (Syntax.BaseTy Syntax.U32))
                   ))),
               (("unknown_file", (10, 25), (10, 36)),
                (Syntax.Borrow ((("unknown_file", (10, 25), (10, 36)), "p1"),
                   Syntax.Unique,
                   (("unknown_file", (10, 30), (10, 34)),
                    ("data", [(Syntax.Index 0)]))
                   ))),
               (("", (4, 0), (4, 0)),
                (Syntax.Seq (
                   (("unknown_file", (11, 4), (11, 23)),
                    (Syntax.App (
                       (("unknown_file", (11, 4), (11, 20)),
                        (Syntax.Fn "capitalize")),
                       [], [(("unknown_file", (11, 17), (11, 19)), "c")], 
                       [],
                       [(("unknown_file", (11, 21), (11, 22)),
                         (Syntax.Move
                            (("unknown_file", (11, 21), (11, 22)), ("c", []))))
                         ]
                       ))),
                   (("", (3, 0), (3, 0)),
                    (Syntax.Seq (
                       (("unknown_file", (12, 4), (12, 14)),
                        (Syntax.Assign (
                           (("unknown_file", (12, 4), (12, 8)),
                            ("data", [(Syntax.Index 0)])),
                           (("unknown_file", (12, 13), (12, 14)),
                            (Syntax.Prim (Syntax.Num 3)))
                           ))),
                       (("", (2, 0), (2, 0)),
                        (Syntax.Seq (
                           (("unknown_file", (14, 4), (14, 14)),
                            (Syntax.Assign (
                               (("unknown_file", (14, 4), (14, 8)),
                                ("data", [(Syntax.Index 0)])),
                               (("unknown_file", (14, 13), (14, 14)),
                                (Syntax.Prim (Syntax.Num 4)))
                               ))),
                           (("", (1, 0), (1, 0)),
                            (Syntax.Seq (
                               (("unknown_file", (15, 4), (15, 14)),
                                (Syntax.Assign (
                                   (("unknown_file", (15, 4), (15, 8)),
                                    ("data", [(Syntax.Index 0)])),
                                   (("unknown_file", (15, 13), (15, 14)),
                                    (Syntax.Prim (Syntax.Num 5)))
                                   ))),
                               (("", (0, 0), (0, 0)),
                                (Syntax.Seq (
                                   (("unknown_file", (16, 4), (16, 23)),
                                    (Syntax.App (
                                       (("unknown_file", (16, 4), (16, 20)),
                                        (Syntax.Fn "capitalize")),
                                       [],
                                       [(("unknown_file", (16, 17), (16, 19)),
                                         "c")],
                                       [],
                                       [(("unknown_file", (16, 21), (16, 22)),
                                         (Syntax.Move
                                            (("unknown_file", (16, 21),
                                              (16, 22)),
                                             ("c", []))))
                                         ]
                                       ))),
                                   (("unknown_file", (16, 23), (16, 24)),
                                    (Syntax.Prim Syntax.Unit))
                                   )))
                               )))
                           )))
                       )))
                   )))
               )))
           )))));
   (Syntax.FnDef
      ("capitalize", [], [(("unknown_file", (19, 14), (19, 16)), "a")], 
       [],
       [("",
         (("unknown_file", (19, 21), (19, 32)),
          (Syntax.Ref ((("unknown_file", (19, 22), (19, 24)), "a"),
             Syntax.Unique,
             (("unknown_file", (19, 29), (19, 32)),
              (Syntax.BaseTy Syntax.U32))
             ))))
         ],
       (("unknown_file", (19, 0), (20, 1)), (Syntax.BaseTy Syntax.Unit)), 
       [], (("unknown_file", (19, 34), (20, 1)), (Syntax.Prim Syntax.Unit))))
   ]
