error: (Syntax.PermissionErr (
          (("unknown_file", (7, 11), (7, 26)),
           (Syntax.Ref ((("unknown_file", (7, 12), (7, 14)), "r"),
              Syntax.Shared,
              (("unknown_file", (7, 15), (7, 26)),
               (Syntax.Ref ((("unknown_file", (7, 16), (7, 19)), "t0"),
                  Syntax.Unique,
                  (("unknown_file", (7, 24), (7, 26)),
                   (Syntax.Struct ("AA", [], [],
                      (Some (("<inferred>", (-1, -1), (-1, -1)),
                             (Syntax.Tup
                                [(("unknown_file", (2, 10), (2, 16)),
                                  (Syntax.Struct ("String", [], [],
                                     (Some (("<inferred>", (-1, -1), (-1, -1)),
                                            (Syntax.Tup [])))
                                     )))
                                  ])))
                      )))
                  )))
              ))),
          [Syntax.Deref; Syntax.Deref], Syntax.Unique))
invalid global environment:
 [(Syntax.TupStructDef (false, "String", [], [], []));
   (Syntax.TupStructDef
      (false, "AA", [], [],
       [(("unknown_file", (2, 10), (2, 16)),
         (Syntax.Struct ("String", [], [], None)))]));
   (Syntax.FnDef
      ("suggest_borrow2", [], [], [], [],
       (("unknown_file", (4, 0), (10, 1)), (Syntax.BaseTy Syntax.Unit)), 
       [],
       (("unknown_file", (5, 4), (5, 33)),
        (Syntax.Let ("a",
           (("unknown_file", (5, 15), (5, 17)),
            (Syntax.Struct ("AA", [], [], None))),
           (("unknown_file", (5, 20), (5, 32)),
            (Syntax.TupStruct ("AA", [], [],
               [(("unknown_file", (5, 23), (5, 31)),
                 (Syntax.TupStruct ("String", [], [], [])))]
               ))),
           (("unknown_file", (6, 4), (6, 35)),
            (Syntax.Let ("tmp0",
               (("unknown_file", (6, 14), (6, 25)),
                (Syntax.Ref ((("unknown_file", (6, 15), (6, 18)), "t0"),
                   Syntax.Unique,
                   (("unknown_file", (6, 23), (6, 25)),
                    (Syntax.Struct ("AA", [], [], None)))
                   ))),
               (("unknown_file", (6, 28), (6, 34)),
                (Syntax.Borrow ((("unknown_file", (6, 28), (6, 34)), "p2"),
                   Syntax.Unique,
                   (("unknown_file", (6, 33), (6, 34)), ("a", []))))),
               (("unknown_file", (7, 4), (7, 35)),
                (Syntax.Let ("r",
                   (("unknown_file", (7, 11), (7, 26)),
                    (Syntax.Ref ((("unknown_file", (7, 12), (7, 14)), "r"),
                       Syntax.Shared,
                       (("unknown_file", (7, 15), (7, 26)),
                        (Syntax.Ref (
                           (("unknown_file", (7, 16), (7, 19)), "t0"),
                           Syntax.Unique,
                           (("unknown_file", (7, 24), (7, 26)),
                            (Syntax.Struct ("AA", [], [], None)))
                           )))
                       ))),
                   (("unknown_file", (7, 29), (7, 34)),
                    (Syntax.Borrow (
                       (("unknown_file", (7, 29), (7, 34)), "p1"),
                       Syntax.Shared,
                       (("unknown_file", (7, 30), (7, 34)), ("tmp0", []))))),
                   (("unknown_file", (8, 4), (8, 20)),
                    (Syntax.Let ("s",
                       (("unknown_file", (8, 11), (8, 13)),
                        (Syntax.Struct ("AA", [], [], None))),
                       (("unknown_file", (8, 16), (8, 19)),
                        (Syntax.Move
                           (("unknown_file", (8, 18), (8, 19)),
                            ("r", [Syntax.Deref; Syntax.Deref])))),
                       (("unknown_file", (8, 19), (8, 20)),
                        (Syntax.Prim Syntax.Unit))
                       )))
                   )))
               )))
           )))))
   ]
