error: (Syntax.PermissionErr (
          (("unknown_file", (6, 11), (6, 17)),
           (Syntax.Ref ((("unknown_file", (6, 12), (6, 14)), "a"),
              Syntax.Shared,
              (("unknown_file", (6, 15), (6, 17)),
               (Syntax.Struct ("AA", [], [],
                  (Some (("<inferred>", (-1, -1), (-1, -1)),
                         (Syntax.Tup
                            [(("unknown_file", (2, 10), (2, 16)),
                              (Syntax.Struct ("String", [], [],
                                 (Some (("<inferred>", (-1, -1), (-1, -1)),
                                        (Syntax.Tup [])))
                                 )))
                              ])))
                  )))
              ))),
          [Syntax.Deref; (Syntax.Index 0)], Syntax.Unique))
invalid global environment:
 [(Syntax.TupStructDef (false, "String", [], [], []));
   (Syntax.TupStructDef
      (false, "AA", [], [],
       [(("unknown_file", (2, 10), (2, 16)),
         (Syntax.Struct ("String", [], [], None)))]));
   (Syntax.FnDef
      ("suggest_borrow5", [], [], [], [],
       (("unknown_file", (4, 0), (9, 1)), (Syntax.BaseTy Syntax.Unit)), 
       [],
       (("unknown_file", (5, 4), (5, 32)),
        (Syntax.Let ("tmp0",
           (("unknown_file", (5, 14), (5, 16)),
            (Syntax.Struct ("AA", [], [], None))),
           (("unknown_file", (5, 19), (5, 31)),
            (Syntax.TupStruct ("AA", [], [],
               [(("unknown_file", (5, 22), (5, 30)),
                 (Syntax.TupStruct ("String", [], [], [])))]
               ))),
           (("unknown_file", (6, 4), (6, 26)),
            (Syntax.Let ("a",
               (("unknown_file", (6, 11), (6, 17)),
                (Syntax.Ref ((("unknown_file", (6, 12), (6, 14)), "a"),
                   Syntax.Shared,
                   (("unknown_file", (6, 15), (6, 17)),
                    (Syntax.Struct ("AA", [], [], None)))
                   ))),
               (("unknown_file", (6, 20), (6, 25)),
                (Syntax.Borrow ((("unknown_file", (6, 20), (6, 25)), "p1"),
                   Syntax.Shared,
                   (("unknown_file", (6, 21), (6, 25)), ("tmp0", []))))),
               (("unknown_file", (7, 4), (7, 27)),
                (Syntax.Let ("s",
                   (("unknown_file", (7, 11), (7, 17)),
                    (Syntax.Struct ("String", [], [], None))),
                   (("unknown_file", (7, 20), (7, 26)),
                    (Syntax.Move
                       (("unknown_file", (7, 22), (7, 23)),
                        ("a", [Syntax.Deref; (Syntax.Index 0)])))),
                   (("unknown_file", (7, 26), (7, 27)),
                    (Syntax.Prim Syntax.Unit))
                   )))
               )))
           )))))
   ]
