error: (Syntax.SafetyErr (
          (Syntax.Unique,
           (("unknown_file", (17, 8), (17, 17)),
            ("my_struct", [(Syntax.Field "field")]))),
          (Syntax.Shared,
           (("unknown_file", (15, 17), (15, 26)),
            ("my_struct", [(Syntax.Field "field")])))
          ))
invalid global environment:
 [(Syntax.RecStructDef
     (false, "MyStruct", [], [],
      [("field",
        (("unknown_file", (9, 11), (9, 15)), (Syntax.BaseTy Syntax.Bool)))]));
   (Syntax.FnDef
      ("foo2", [], [], [], [],
       (("unknown_file", (12, 0), (21, 1)), (Syntax.BaseTy Syntax.Unit)), 
       [],
       (("unknown_file", (13, 4), (13, 50)),
        (Syntax.Let ("my_struct",
           (("unknown_file", (13, 4), (13, 7)), Syntax.Infer),
           (("unknown_file", (13, 24), (13, 49)),
            (Syntax.RecStruct ("MyStruct", [], [],
               [("field",
                 (("unknown_file", (13, 42), (13, 47)),
                  (Syntax.Prim Syntax.False)))
                 ]
               ))),
           (("unknown_file", (15, 4), (15, 33)),
            (Syntax.Let ("value",
               (("unknown_file", (15, 4), (15, 7)), Syntax.Infer),
               (("unknown_file", (15, 16), (15, 32)),
                (Syntax.Borrow ((("unknown_file", (15, 16), (15, 32)), "p1"),
                   Syntax.Shared,
                   (("unknown_file", (15, 17), (15, 26)),
                    ("my_struct", [(Syntax.Field "field")]))
                   ))),
               (("", (2, 0), (2, 0)),
                (Syntax.Seq (
                   (("unknown_file", (16, 4), (19, 5)),
                    (Syntax.Branch (
                       (("unknown_file", (16, 7), (16, 13)),
                        (Syntax.Move
                           (("unknown_file", (16, 8), (16, 13)),
                            ("value", [Syntax.Deref])))),
                       (("", (1, 0), (1, 0)),
                        (Syntax.Seq (
                           (("unknown_file", (17, 8), (17, 31)),
                            (Syntax.Assign (
                               (("unknown_file", (17, 8), (17, 17)),
                                ("my_struct", [(Syntax.Field "field")])),
                               (("unknown_file", (17, 26), (17, 31)),
                                (Syntax.Prim Syntax.False))
                               ))),
                           (("unknown_file", (17, 31), (17, 32)),
                            (Syntax.Prim Syntax.Unit))
                           ))),
                       (("unknown_file", (16, 4), (16, 6)),
                        (Syntax.Prim Syntax.Unit))
                       ))),
                   (("", (0, 0), (0, 0)),
                    (Syntax.Seq (
                       (("unknown_file", (20, 4), (20, 15)),
                        (Syntax.App (
                           (("unknown_file", (20, 4), (20, 8)),
                            (Syntax.Fn "drop")),
                           [], [], [],
                           [(("unknown_file", (20, 9), (20, 14)),
                             (Syntax.Move
                                (("unknown_file", (20, 9), (20, 14)),
                                 ("value", []))))
                             ]
                           ))),
                       (("unknown_file", (20, 15), (20, 16)),
                        (Syntax.Prim Syntax.Unit))
                       )))
                   )))
               )))
           )))));
   (Syntax.FnDef
      ("main", [], [], [], [],
       (("unknown_file", (23, 0), (23, 13)), (Syntax.BaseTy Syntax.Unit)),
       [], (("unknown_file", (23, 10), (23, 13)), (Syntax.Prim Syntax.Unit))))
   ]
