error: (Syntax.AbsProvsNotSubtype (
          (("unknown_file", (13, 14), (13, 16)), "b"),
          (("unknown_file", (13, 10), (13, 12)), "a")))
invalid global environment:
 [(Syntax.FnDef
     ("foo", [],
      [(("unknown_file", (5, 7), (5, 9)), "a");
        (("unknown_file", (5, 11), (5, 13)), "b")],
      [],
      [("x",
        (("unknown_file", (5, 18), (5, 25)),
         (Syntax.Ref ((("unknown_file", (5, 19), (5, 21)), "a"),
            Syntax.Shared,
            (("unknown_file", (5, 22), (5, 25)), (Syntax.BaseTy Syntax.U32))
            ))));
        ("y",
         (("unknown_file", (5, 30), (5, 37)),
          (Syntax.Ref ((("unknown_file", (5, 31), (5, 33)), "b"),
             Syntax.Shared,
             (("unknown_file", (5, 34), (5, 37)), (Syntax.BaseTy Syntax.U32))
             ))))
        ],
      (("unknown_file", (5, 42), (5, 60)),
       (Syntax.Tup
          [(("unknown_file", (5, 43), (5, 50)),
            (Syntax.Ref ((("unknown_file", (5, 44), (5, 46)), "a"),
               Syntax.Shared,
               (("unknown_file", (5, 47), (5, 50)),
                (Syntax.BaseTy Syntax.U32))
               )));
            (("unknown_file", (5, 52), (5, 59)),
             (Syntax.Ref ((("unknown_file", (5, 53), (5, 55)), "b"),
                Syntax.Shared,
                (("unknown_file", (5, 56), (5, 59)),
                 (Syntax.BaseTy Syntax.U32))
                )))
            ])),
      [((("unknown_file", (7, 8), (7, 10)), "b"),
        (("unknown_file", (7, 4), (7, 6)), "a"))],
      (("unknown_file", (9, 4), (9, 10)),
       (Syntax.Tup
          [(("unknown_file", (9, 5), (9, 6)),
            (Syntax.Move (("unknown_file", (9, 5), (9, 6)), ("x", []))));
            (("unknown_file", (9, 8), (9, 9)),
             (Syntax.Move (("unknown_file", (9, 8), (9, 9)), ("y", []))))
            ]))));
   (Syntax.FnDef
      ("bar", [],
       [(("unknown_file", (12, 7), (12, 9)), "a");
         (("unknown_file", (12, 11), (12, 13)), "b")],
       [],
       [("x",
         (("unknown_file", (12, 18), (12, 25)),
          (Syntax.Ref ((("unknown_file", (12, 19), (12, 21)), "a"),
             Syntax.Shared,
             (("unknown_file", (12, 22), (12, 25)),
              (Syntax.BaseTy Syntax.U32))
             ))));
         ("y",
          (("unknown_file", (12, 30), (12, 37)),
           (Syntax.Ref ((("unknown_file", (12, 31), (12, 33)), "b"),
              Syntax.Shared,
              (("unknown_file", (12, 34), (12, 37)),
               (Syntax.BaseTy Syntax.U32))
              ))))
         ],
       (("unknown_file", (12, 42), (12, 60)),
        (Syntax.Tup
           [(("unknown_file", (12, 43), (12, 50)),
             (Syntax.Ref ((("unknown_file", (12, 44), (12, 46)), "a"),
                Syntax.Shared,
                (("unknown_file", (12, 47), (12, 50)),
                 (Syntax.BaseTy Syntax.U32))
                )));
             (("unknown_file", (12, 52), (12, 59)),
              (Syntax.Ref ((("unknown_file", (12, 53), (12, 55)), "b"),
                 Syntax.Shared,
                 (("unknown_file", (12, 56), (12, 59)),
                  (Syntax.BaseTy Syntax.U32))
                 )))
             ])),
       [],
       (("unknown_file", (13, 4), (13, 23)),
        (Syntax.App (
           (("unknown_file", (13, 4), (13, 17)), (Syntax.Fn "foo")), 
           [],
           [(("unknown_file", (13, 10), (13, 12)), "a");
             (("unknown_file", (13, 14), (13, 16)), "b")],
           [],
           [(("unknown_file", (13, 18), (13, 19)),
             (Syntax.Move (("unknown_file", (13, 18), (13, 19)), ("x", []))));
             (("unknown_file", (13, 21), (13, 22)),
              (Syntax.Move (("unknown_file", (13, 21), (13, 22)), ("y", []))))
             ]
           )))));
   (Syntax.FnDef
      ("main", [], [], [], [],
       (("unknown_file", (17, 0), (17, 12)), (Syntax.BaseTy Syntax.Unit)),
       [], (("unknown_file", (17, 10), (17, 12)), (Syntax.Prim Syntax.Unit))))
   ]
