valid global environment:
 [(Syntax.FnDef
     ("unnest", [],
      [(("unknown_file", (1, 10), (1, 12)), "a");
        (("unknown_file", (1, 14), (1, 16)), "b")],
      [],
      [("pt",
        (("unknown_file", (1, 22), (1, 41)),
         (Syntax.Ref ((("unknown_file", (1, 23), (1, 25)), "a"),
            Syntax.Unique,
            (("unknown_file", (1, 30), (1, 41)),
             (Syntax.Ref ((("unknown_file", (1, 31), (1, 33)), "b"),
                Syntax.Unique,
                (("unknown_file", (1, 38), (1, 41)),
                 (Syntax.BaseTy Syntax.U32))
                )))
            ))))
        ],
      (("unknown_file", (1, 46), (1, 57)),
       (Syntax.Ref ((("unknown_file", (1, 47), (1, 49)), "a"), Syntax.Unique,
          (("unknown_file", (1, 54), (1, 57)), (Syntax.BaseTy Syntax.U32))))),
      [((("unknown_file", (1, 68), (1, 70)), "a"),
        (("unknown_file", (1, 64), (1, 66)), "b"))],
      (("unknown_file", (2, 4), (2, 13)),
       (Syntax.Borrow ((("unknown_file", (2, 4), (2, 13)), "p1"),
          Syntax.Unique,
          (("unknown_file", (2, 11), (2, 13)),
           ("pt", [Syntax.Deref; Syntax.Deref]))
          )))))
   ]
