error: (Syntax.SafetyErr (
          (Syntax.Unique, (("unknown_file", (3, 4), (3, 5)), ("f", []))),
          (Syntax.Unique, (("unknown_file", (2, 52), (2, 53)), ("f", [])))))
invalid global environment:
 [(Syntax.FnDef
     ("a", [], [], [],
      [("f",
        (("unknown_file", (1, 12), (1, 14)),
         (Syntax.Fun ([], [], [],
            [(("unknown_file", (1, 15), (1, 20)), (Syntax.BaseTy Syntax.U32));
              (("unknown_file", (1, 22), (1, 27)), (Syntax.BaseTy Syntax.U32))
              ],
            (Syntax.Env []),
            (("unknown_file", (1, 32), (1, 37)), (Syntax.BaseTy Syntax.U32))
            ))))
        ],
      (("unknown_file", (1, 0), (1, 2)), (Syntax.BaseTy Syntax.Unit)), 
      [],
      (("unknown_file", (2, 4), (2, 7)),
       (Syntax.Let ("g",
          (("unknown_file", (2, 11), (2, 12)),
           (Syntax.Ref ((("unknown_file", (2, 12), (2, 13)), "a"),
              Syntax.Unique,
              (("unknown_file", (2, 19), (2, 21)),
               (Syntax.Fun ([], [], [],
                  [(("unknown_file", (2, 22), (2, 27)),
                    (Syntax.BaseTy Syntax.U32));
                    (("unknown_file", (2, 29), (2, 34)),
                     (Syntax.BaseTy Syntax.U32))
                    ],
                  (Syntax.Env []),
                  (("unknown_file", (2, 39), (2, 44)),
                   (Syntax.BaseTy Syntax.U32))
                  )))
              ))),
          (("unknown_file", (2, 47), (2, 48)),
           (Syntax.Borrow ((("unknown_file", (2, 47), (2, 48)), "p1"),
              Syntax.Unique, (("unknown_file", (2, 52), (2, 53)), ("f", []))
              ))),
          (("", (1, 0), (1, 0)),
           (Syntax.Seq (
              (("unknown_file", (3, 4), (3, 5)),
               (Syntax.App (
                  (("unknown_file", (3, 4), (3, 5)), (Syntax.Fn "f")), 
                  [], [],
                  [(("unknown_file", (3, 6), (3, 7)),
                    (Syntax.Prim (Syntax.Num 1)));
                    (("unknown_file", (3, 9), (3, 10)),
                     (Syntax.Prim (Syntax.Num 2)))
                    ]
                  ))),
              (("", (0, 0), (0, 0)),
               (Syntax.Seq (
                  (("unknown_file", (4, 4), (4, 11)),
                   (Syntax.App (
                      (("unknown_file", (4, 4), (4, 11)),
                       (Syntax.Fn "use_mut")),
                      [(("unknown_file", (4, 14), (4, 15)), "a")],
                      [(("unknown_file", (4, 18), (4, 20)),
                        (Syntax.Fun ([], [], [],
                           [(("unknown_file", (4, 21), (4, 26)),
                             (Syntax.BaseTy Syntax.U32));
                             (("unknown_file", (4, 28), (4, 33)),
                              (Syntax.BaseTy Syntax.U32))
                             ],
                           (Syntax.Env []),
                           (("unknown_file", (4, 38), (4, 43)),
                            (Syntax.BaseTy Syntax.U32))
                           )))
                        ],
                      [(("unknown_file", (4, 45), (4, 46)),
                        (Syntax.Move
                           (("unknown_file", (4, 45), (4, 46)), ("g", []))))
                        ]
                      ))),
                  (("unknown_file", (4, 47), (4, 48)),
                   (Syntax.Prim Syntax.Unit))
                  )))
              )))
          )))));
   (Syntax.FnDef
      ("main", [], [], [], [],
       (("unknown_file", (7, 0), (7, 2)), (Syntax.BaseTy Syntax.Unit)), 
       [], (("unknown_file", (7, 10), (7, 12)), (Syntax.Prim Syntax.Unit))));
   (Syntax.FnDef
      ("use_mut", [], [(("unknown_file", (9, 11), (9, 12)), "a")], ["T"],
       [("",
         (("unknown_file", (9, 21), (9, 22)),
          (Syntax.Ref ((("unknown_file", (9, 22), (9, 23)), "a"),
             Syntax.Unique,
             (("unknown_file", (9, 29), (9, 30)), (Syntax.TyVar "T"))))))
         ],
       (("unknown_file", (9, 0), (9, 2)), (Syntax.BaseTy Syntax.Unit)), 
       [], (("unknown_file", (9, 32), (9, 35)), (Syntax.Prim Syntax.Unit))))
   ]
