error: (Syntax.PartiallyMovedExprPath (
          (("unknown_file", (10, 15), (10, 20)),
           (Syntax.Struct ("Test2", [], [],
              (Some (("<inferred>", (-1, -1), (-1, -1)),
                     (Syntax.Rec
                        [("b",
                          (("unknown_file", (4, 7), (4, 11)),
                           (Syntax.Struct ("Test", [], [],
                              (Some (("<inferred>", (-1, -1), (-1, -1)),
                                     (Syntax.Tup
                                        [(("unknown_file", (1, 12), (1, 17)),
                                          (Syntax.BaseTy Syntax.U32))])))
                              ))))
                          ])))
              ))),
          [(Syntax.Field "b")]))
invalid global environment:
 [(Syntax.TupStructDef
     (false, "Test", [], [],
      [(("unknown_file", (1, 12), (1, 17)), (Syntax.BaseTy Syntax.U32))]));
   (Syntax.RecStructDef
      (false, "Test2", [], [],
       [("b",
         (("unknown_file", (4, 7), (4, 11)),
          (Syntax.Struct ("Test", [], [], None))))
         ]));
   (Syntax.TupStructDef
      (false, "Test3", [], [],
       [(("unknown_file", (7, 13), (7, 17)),
         (Syntax.Struct ("Test", [], [], None)))]));
   (Syntax.FnDef
      ("stuff", [], [], [], [],
       (("unknown_file", (9, 0), (9, 2)), (Syntax.BaseTy Syntax.Unit)), 
       [],
       (("unknown_file", (10, 4), (10, 7)),
        (Syntax.Let ("t",
           (("unknown_file", (10, 15), (10, 20)),
            (Syntax.Struct ("Test2", [], [], None))),
           (("unknown_file", (10, 23), (10, 28)),
            (Syntax.RecStruct ("Test2", [], [],
               [("b",
                 (("unknown_file", (10, 34), (10, 38)),
                  (Syntax.TupStruct ("Test", [], [],
                     [(("unknown_file", (10, 39), (10, 40)),
                       (Syntax.Prim (Syntax.Num 0)))]
                     ))))
                 ]
               ))),
           (("unknown_file", (11, 4), (11, 7)),
            (Syntax.Let ("u",
               (("unknown_file", (11, 11), (11, 15)),
                (Syntax.Struct ("Test", [], [], None))),
               (("unknown_file", (11, 18), (11, 22)),
                (Syntax.TupStruct ("Test", [], [],
                   [(("unknown_file", (11, 23), (11, 24)),
                     (Syntax.Prim (Syntax.Num 1)))]
                   ))),
               (("", (1, 0), (1, 0)),
                (Syntax.Seq (
                   (("unknown_file", (12, 4), (12, 8)),
                    (Syntax.App (
                       (("unknown_file", (12, 4), (12, 8)),
                        (Syntax.Fn "drop")),
                       [],
                       [(("unknown_file", (12, 11), (12, 16)),
                         (Syntax.Struct ("Test2", [], [], None)))],
                       [(("unknown_file", (12, 18), (12, 19)),
                         (Syntax.Move
                            (("unknown_file", (12, 18), (12, 19)), ("t", []))))
                         ]
                       ))),
                   (("", (0, 0), (0, 0)),
                    (Syntax.Seq (
                       (("unknown_file", (13, 4), (13, 5)),
                        (Syntax.Assign (
                           (("unknown_file", (13, 4), (13, 5)),
                            ("t", [(Syntax.Field "b")])),
                           (("unknown_file", (13, 10), (13, 11)),
                            (Syntax.Move
                               (("unknown_file", (13, 10), (13, 11)),
                                ("u", []))))
                           ))),
                       (("unknown_file", (13, 11), (13, 12)),
                        (Syntax.Prim Syntax.Unit))
                       )))
                   )))
               )))
           )))));
   (Syntax.FnDef
      ("main", [], [], [], [],
       (("unknown_file", (17, 0), (17, 2)), (Syntax.BaseTy Syntax.Unit)), 
       [],
       (("unknown_file", (18, 4), (18, 9)),
        (Syntax.App (
           (("unknown_file", (18, 4), (18, 9)), (Syntax.Fn "stuff")), 
           [], [], [])))))
   ]
