valid global environment:
 [(Syntax.RecStructDef
     (true, "Foo", [], [],
      [("bar1",
        (("unknown_file", (3, 8), (3, 11)),
         (Syntax.Struct ("Bar", [], [], None))));
        ("bar2",
         (("unknown_file", (4, 8), (4, 11)),
          (Syntax.Struct ("Bar", [], [], None))))
        ]));
   (Syntax.RecStructDef
      (true, "Bar", [], [],
       [("int1",
         (("unknown_file", (9, 8), (9, 13)), (Syntax.BaseTy Syntax.U32)));
         ("int2",
          (("unknown_file", (10, 8), (10, 13)), (Syntax.BaseTy Syntax.U32)))
         ]));
   (Syntax.FnDef
      ("make_foo", [], [], [], [],
       (("unknown_file", (13, 17), (13, 20)),
        (Syntax.Struct ("Foo", [], [], None))),
       [],
       (("unknown_file", (13, 23), (13, 31)),
        (Syntax.Abort "abort: no message provided"))));
   (Syntax.FnDef
      ("borrow_long_path_both_mut", [], [], [], [],
       (("unknown_file", (15, 0), (20, 1)), (Syntax.BaseTy Syntax.Unit)), 
       [],
       (("unknown_file", (16, 4), (16, 29)),
        (Syntax.Let ("foo",
           (("unknown_file", (16, 4), (16, 7)), Syntax.Infer),
           (("unknown_file", (16, 18), (16, 28)),
            (Syntax.App (
               (("unknown_file", (16, 18), (16, 26)), (Syntax.Fn "make_foo")),
               [], [], [], []))),
           (("unknown_file", (17, 4), (17, 34)),
            (Syntax.Let ("bar1",
               (("unknown_file", (17, 4), (17, 7)), Syntax.Infer),
               (("unknown_file", (17, 15), (17, 33)),
                (Syntax.Borrow ((("unknown_file", (17, 15), (17, 33)), "p2"),
                   Syntax.Unique,
                   (("unknown_file", (17, 20), (17, 23)),
                    ("foo", [(Syntax.Field "bar1"); (Syntax.Field "int1")]))
                   ))),
               (("unknown_file", (18, 4), (18, 35)),
                (Syntax.Let ("_foo1",
                   (("unknown_file", (18, 4), (18, 7)), Syntax.Infer),
                   (("unknown_file", (18, 16), (18, 34)),
                    (Syntax.Borrow (
                       (("unknown_file", (18, 16), (18, 34)), "p1"),
                       Syntax.Unique,
                       (("unknown_file", (18, 21), (18, 24)),
                        ("foo",
                         [(Syntax.Field "bar2"); (Syntax.Field "int2")]))
                       ))),
                   (("", (0, 0), (0, 0)),
                    (Syntax.Seq (
                       (("unknown_file", (19, 4), (19, 9)),
                        (Syntax.Move
                           (("unknown_file", (19, 5), (19, 9)),
                            ("bar1", [Syntax.Deref])))),
                       (("unknown_file", (19, 9), (19, 10)),
                        (Syntax.Prim Syntax.Unit))
                       )))
                   )))
               )))
           )))));
   (Syntax.FnDef
      ("main", [], [], [], [],
       (("unknown_file", (22, 0), (22, 12)), (Syntax.BaseTy Syntax.Unit)),
       [], (("unknown_file", (22, 10), (22, 12)), (Syntax.Prim Syntax.Unit))))
   ]
