error: (Syntax.SafetyErr (
          (Syntax.Unique,
           (("unknown_file", (12, 32), (12, 33)), ("x", [(Syntax.Index 0)]))),
          (Syntax.Shared,
           (("unknown_file", (11, 24), (11, 25)), ("x", [(Syntax.Index 0)])))
          ))
invalid global environment:
 [(Syntax.TupStructDef
     (false, "Bar", [], [],
      [(("unknown_file", (7, 11), (7, 16)), (Syntax.BaseTy Syntax.U32));
        (("unknown_file", (7, 18), (7, 23)), (Syntax.BaseTy Syntax.U32))]));
   (Syntax.FnDef
      ("main", [], [], [], [],
       (("unknown_file", (9, 0), (9, 2)), (Syntax.BaseTy Syntax.Unit)), 
       [],
       (("unknown_file", (10, 4), (10, 7)),
        (Syntax.Let ("x",
           (("unknown_file", (10, 15), (10, 18)),
            (Syntax.Struct ("Bar", [], [], None))),
           (("unknown_file", (10, 21), (10, 24)),
            (Syntax.TupStruct ("Bar", [], [],
               [(("unknown_file", (10, 25), (10, 26)),
                 (Syntax.Prim (Syntax.Num 1)));
                 (("unknown_file", (10, 28), (10, 29)),
                  (Syntax.Prim (Syntax.Num 2)))
                 ]
               ))),
           (("unknown_file", (11, 4), (11, 7)),
            (Syntax.Let ("a",
               (("unknown_file", (11, 11), (11, 12)),
                (Syntax.Ref ((("unknown_file", (11, 12), (11, 13)), "a"),
                   Syntax.Shared,
                   (("unknown_file", (11, 15), (11, 20)),
                    (Syntax.BaseTy Syntax.U32))
                   ))),
               (("unknown_file", (11, 23), (11, 24)),
                (Syntax.Borrow ((("unknown_file", (11, 23), (11, 24)), "p2"),
                   Syntax.Shared,
                   (("unknown_file", (11, 24), (11, 25)),
                    ("x", [(Syntax.Index 0)]))
                   ))),
               (("unknown_file", (12, 4), (12, 7)),
                (Syntax.Let ("b",
                   (("unknown_file", (12, 11), (12, 12)),
                    (Syntax.Ref ((("unknown_file", (12, 12), (12, 13)), "b"),
                       Syntax.Unique,
                       (("unknown_file", (12, 19), (12, 24)),
                        (Syntax.BaseTy Syntax.U32))
                       ))),
                   (("unknown_file", (12, 27), (12, 28)),
                    (Syntax.Borrow (
                       (("unknown_file", (12, 27), (12, 28)), "p1"),
                       Syntax.Unique,
                       (("unknown_file", (12, 32), (12, 33)),
                        ("x", [(Syntax.Index 0)]))
                       ))),
                   (("", (0, 0), (0, 0)),
                    (Syntax.Seq (
                       (("unknown_file", (13, 4), (13, 11)),
                        (Syntax.App (
                           (("unknown_file", (13, 4), (13, 11)),
                            (Syntax.Fn "use_ref")),
                           [], [],
                           [(("unknown_file", (13, 12), (13, 13)),
                             (Syntax.Move
                                (("unknown_file", (13, 12), (13, 13)),
                                 ("a", []))))
                             ]
                           ))),
                       (("unknown_file", (13, 14), (13, 15)),
                        (Syntax.Prim Syntax.Unit))
                       )))
                   )))
               )))
           )))));
   (Syntax.FnDef
      ("use_mut", [], [(("unknown_file", (16, 11), (16, 12)), "a")], 
       ["T"],
       [("x",
         (("unknown_file", (16, 21), (16, 22)),
          (Syntax.Ref ((("unknown_file", (16, 22), (16, 23)), "a"),
             Syntax.Unique,
             (("unknown_file", (16, 29), (16, 30)), (Syntax.TyVar "T"))))))
         ],
       (("unknown_file", (16, 0), (16, 2)), (Syntax.BaseTy Syntax.Unit)), 
       [], (("unknown_file", (16, 32), (16, 35)), (Syntax.Prim Syntax.Unit))));
   (Syntax.FnDef
      ("use_ref", [], [(("unknown_file", (16, 47), (16, 48)), "a")], 
       ["T"],
       [("x",
         (("unknown_file", (16, 57), (16, 58)),
          (Syntax.Ref ((("unknown_file", (16, 58), (16, 59)), "a"),
             Syntax.Shared,
             (("unknown_file", (16, 61), (16, 62)), (Syntax.TyVar "T"))))))
         ],
       (("unknown_file", (16, 36), (16, 38)), (Syntax.BaseTy Syntax.Unit)),
       [], (("unknown_file", (16, 64), (16, 67)), (Syntax.Prim Syntax.Unit))))
   ]
