error: (Syntax.SafetyErr (
          (Syntax.Unique,
           (("unknown_file", (12, 30), (12, 31)), ("x", [(Syntax.Index 0)]))),
          (Syntax.Unique,
           (("unknown_file", (11, 30), (11, 31)), ("x", [(Syntax.Index 0)])))
          ))
invalid global environment:
 [(Syntax.TupStructDef
     (false, "Bar", [], [],
      [(("unknown_file", (7, 11), (7, 16)), (Syntax.BaseTy Syntax.U32));
        (("unknown_file", (7, 18), (7, 23)), (Syntax.BaseTy Syntax.U32))]));
   (Syntax.FnDef
      ("main", [], [], [], [],
       (("unknown_file", (9, 0), (14, 1)), (Syntax.BaseTy Syntax.Unit)), 
       [],
       (("unknown_file", (10, 4), (10, 35)),
        (Syntax.Let ("x",
           (("unknown_file", (10, 15), (10, 25)),
            (Syntax.Tup
               [(("unknown_file", (10, 16), (10, 19)),
                 (Syntax.BaseTy Syntax.U32));
                 (("unknown_file", (10, 21), (10, 24)),
                  (Syntax.BaseTy Syntax.U32))
                 ])),
           (("unknown_file", (10, 28), (10, 34)),
            (Syntax.Tup
               [(("unknown_file", (10, 29), (10, 30)),
                 (Syntax.Prim (Syntax.Num 1)));
                 (("unknown_file", (10, 32), (10, 33)),
                  (Syntax.Prim (Syntax.Num 2)))
                 ])),
           (("unknown_file", (11, 4), (11, 34)),
            (Syntax.Let ("a",
               (("unknown_file", (11, 11), (11, 22)),
                (Syntax.Ref ((("unknown_file", (11, 12), (11, 14)), "a"),
                   Syntax.Unique,
                   (("unknown_file", (11, 19), (11, 22)),
                    (Syntax.BaseTy Syntax.U32))
                   ))),
               (("unknown_file", (11, 25), (11, 33)),
                (Syntax.Borrow ((("unknown_file", (11, 25), (11, 33)), "p2"),
                   Syntax.Unique,
                   (("unknown_file", (11, 30), (11, 31)),
                    ("x", [(Syntax.Index 0)]))
                   ))),
               (("unknown_file", (12, 4), (12, 34)),
                (Syntax.Let ("b",
                   (("unknown_file", (12, 11), (12, 22)),
                    (Syntax.Ref ((("unknown_file", (12, 12), (12, 14)), "b"),
                       Syntax.Unique,
                       (("unknown_file", (12, 19), (12, 22)),
                        (Syntax.BaseTy Syntax.U32))
                       ))),
                   (("unknown_file", (12, 25), (12, 33)),
                    (Syntax.Borrow (
                       (("unknown_file", (12, 25), (12, 33)), "p1"),
                       Syntax.Unique,
                       (("unknown_file", (12, 30), (12, 31)),
                        ("x", [(Syntax.Index 0)]))
                       ))),
                   (("", (0, 0), (0, 0)),
                    (Syntax.Seq (
                       (("unknown_file", (13, 4), (13, 25)),
                        (Syntax.App (
                           (("unknown_file", (13, 4), (13, 22)),
                            (Syntax.Fn "use_ref")),
                           [(("unknown_file", (13, 14), (13, 16)), "a")],
                           [(("unknown_file", (13, 18), (13, 21)),
                             (Syntax.BaseTy Syntax.U32))],
                           [(("unknown_file", (13, 23), (13, 24)),
                             (Syntax.Move
                                (("unknown_file", (13, 23), (13, 24)),
                                 ("a", []))))
                             ]
                           ))),
                       (("unknown_file", (13, 25), (13, 26)),
                        (Syntax.Prim Syntax.Unit))
                       )))
                   )))
               )))
           )))));
   (Syntax.FnDef
      ("use_mut", [], [(("unknown_file", (16, 11), (16, 13)), "a")], 
       ["T"],
       [("x",
         (("unknown_file", (16, 21), (16, 30)),
          (Syntax.Ref ((("unknown_file", (16, 22), (16, 24)), "a"),
             Syntax.Unique,
             (("unknown_file", (16, 29), (16, 30)), (Syntax.TyVar "T"))))))
         ],
       (("unknown_file", (16, 0), (16, 35)), (Syntax.BaseTy Syntax.Unit)),
       [], (("unknown_file", (16, 32), (16, 35)), (Syntax.Prim Syntax.Unit))));
   (Syntax.FnDef
      ("use_ref", [], [(("unknown_file", (16, 47), (16, 49)), "a")], 
       ["T"],
       [("x",
         (("unknown_file", (16, 57), (16, 62)),
          (Syntax.Ref ((("unknown_file", (16, 58), (16, 60)), "a"),
             Syntax.Shared,
             (("unknown_file", (16, 61), (16, 62)), (Syntax.TyVar "T"))))))
         ],
       (("unknown_file", (16, 36), (16, 67)), (Syntax.BaseTy Syntax.Unit)),
       [], (("unknown_file", (16, 64), (16, 67)), (Syntax.Prim Syntax.Unit))))
   ]
