valid global environment:
 [(Syntax.RecStructDef
     (false, "Foo", [], [],
      [("bar1",
        (("unknown_file", (2, 8), (2, 11)),
         (Syntax.Struct ("Bar", [], [], None))));
        ("bar2",
         (("unknown_file", (3, 8), (3, 11)),
          (Syntax.Struct ("Bar", [], [], None))))
        ]));
   (Syntax.RecStructDef
      (false, "Bar", [], [],
       [("int1",
         (("unknown_file", (7, 8), (7, 13)), (Syntax.BaseTy Syntax.U32)));
         ("int2",
          (("unknown_file", (8, 8), (8, 13)), (Syntax.BaseTy Syntax.U32)))
         ]));
   (Syntax.FnDef
      ("borrow_both_mut", [], [(("unknown_file", (11, 19), (11, 21)), "a")],
       [],
       [("foo",
         (("unknown_file", (11, 28), (11, 39)),
          (Syntax.Ref ((("unknown_file", (11, 29), (11, 31)), "a"),
             Syntax.Unique,
             (("unknown_file", (11, 36), (11, 39)),
              (Syntax.Struct ("Foo", [], [], None)))
             ))))
         ],
       (("unknown_file", (11, 0), (15, 1)), (Syntax.BaseTy Syntax.Unit)), 
       [],
       (("unknown_file", (12, 4), (12, 47)),
        (Syntax.Let ("_bar1",
           (("unknown_file", (12, 15), (12, 27)),
            (Syntax.Ref ((("unknown_file", (12, 16), (12, 19)), "b1"),
               Syntax.Unique,
               (("unknown_file", (12, 24), (12, 27)),
                (Syntax.Struct ("Bar", [], [], None)))
               ))),
           (("unknown_file", (12, 30), (12, 46)),
            (Syntax.Borrow ((("unknown_file", (12, 30), (12, 46)), "p2"),
               Syntax.Unique,
               (("unknown_file", (12, 37), (12, 40)),
                ("foo", [Syntax.Deref; (Syntax.Field "bar1")]))
               ))),
           (("unknown_file", (13, 4), (13, 47)),
            (Syntax.Let ("_bar2",
               (("unknown_file", (13, 15), (13, 27)),
                (Syntax.Ref ((("unknown_file", (13, 16), (13, 19)), "b2"),
                   Syntax.Unique,
                   (("unknown_file", (13, 24), (13, 27)),
                    (Syntax.Struct ("Bar", [], [], None)))
                   ))),
               (("unknown_file", (13, 30), (13, 46)),
                (Syntax.Borrow ((("unknown_file", (13, 30), (13, 46)), "p1"),
                   Syntax.Unique,
                   (("unknown_file", (13, 37), (13, 40)),
                    ("foo", [Syntax.Deref; (Syntax.Field "bar2")]))
                   ))),
               (("", (0, 0), (0, 0)),
                (Syntax.Seq (
                   (("unknown_file", (14, 4), (14, 30)),
                    (Syntax.App (
                       (("unknown_file", (14, 4), (14, 23)),
                        (Syntax.Fn "use_mut")),
                       [(("unknown_file", (14, 14), (14, 17)), "b1")],
                       [(("unknown_file", (14, 19), (14, 22)),
                         (Syntax.Struct ("Bar", [], [], None)))],
                       [(("unknown_file", (14, 24), (14, 29)),
                         (Syntax.Move
                            (("unknown_file", (14, 24), (14, 29)),
                             ("_bar1", []))))
                         ]
                       ))),
                   (("unknown_file", (14, 30), (14, 31)),
                    (Syntax.Prim Syntax.Unit))
                   )))
               )))
           )))));
   (Syntax.FnDef
      ("main", [], [], [], [],
       (("unknown_file", (16, 0), (16, 12)), (Syntax.BaseTy Syntax.Unit)),
       [], (("unknown_file", (16, 10), (16, 12)), (Syntax.Prim Syntax.Unit))));
   (Syntax.FnDef
      ("use_mut", [], [(("unknown_file", (18, 11), (18, 13)), "a")], 
       ["T"],
       [("",
         (("unknown_file", (18, 21), (18, 30)),
          (Syntax.Ref ((("unknown_file", (18, 22), (18, 24)), "a"),
             Syntax.Unique,
             (("unknown_file", (18, 29), (18, 30)), (Syntax.TyVar "T"))))))
         ],
       (("unknown_file", (18, 0), (18, 35)), (Syntax.BaseTy Syntax.Unit)),
       [], (("unknown_file", (18, 32), (18, 35)), (Syntax.Prim Syntax.Unit))));
   (Syntax.FnDef
      ("use_imm", [], [(("unknown_file", (19, 11), (19, 13)), "a")], 
       ["T"],
       [("",
         (("unknown_file", (19, 21), (19, 26)),
          (Syntax.Ref ((("unknown_file", (19, 22), (19, 24)), "a"),
             Syntax.Shared,
             (("unknown_file", (19, 25), (19, 26)), (Syntax.TyVar "T"))))))
         ],
       (("unknown_file", (19, 0), (19, 31)), (Syntax.BaseTy Syntax.Unit)),
       [], (("unknown_file", (19, 28), (19, 31)), (Syntax.Prim Syntax.Unit))))
   ]
