error: (Syntax.SafetyErr (
          (Syntax.Unique,
           (("unknown_file", (19, 8), (19, 9)), ("p", [(Syntax.Field "x")]))),
          (Syntax.Shared, (("unknown_file", (13, 27), (13, 28)), ("p", [])))
          ))
invalid global environment:
 [(Syntax.RecStructDef
     (false, "Point", [], [],
      [("x", (("unknown_file", (1, 18), (1, 23)), (Syntax.BaseTy Syntax.U32)));
        ("y",
         (("unknown_file", (1, 28), (1, 33)), (Syntax.BaseTy Syntax.U32)))
        ]));
   (Syntax.FnDef
      ("impurem", [(("unknown_file", (3, 11), (3, 12)), "a")], [],
       [("p",
         (("unknown_file", (3, 18), (3, 19)),
          (Syntax.Ref ((("unknown_file", (3, 19), (3, 20)), "a"),
             Syntax.Shared,
             (("unknown_file", (3, 22), (3, 27)),
              (Syntax.Struct ("Point", [], [], None)))
             ))))
         ],
       (("unknown_file", (3, 0), (3, 2)), (Syntax.BaseTy Syntax.Unit)), 
       [], (("unknown_file", (3, 29), (4, 1)), (Syntax.Prim Syntax.Unit))));
   (Syntax.FnDef
      ("blockm", [(("unknown_file", (6, 10), (6, 11)), "a")], [],
       [("p",
         (("unknown_file", (6, 17), (6, 18)),
          (Syntax.Ref ((("unknown_file", (6, 18), (6, 19)), "a"),
             Syntax.Shared,
             (("unknown_file", (6, 21), (6, 26)),
              (Syntax.Struct ("Point", [], [], None)))
             ))));
         ("f",
          (("unknown_file", (6, 31), (6, 33)),
           (Syntax.Fun ([], [], [], [],
              (("unknown_file", (6, 39), (6, 41)),
               (Syntax.BaseTy Syntax.Unit))
              ))))
         ],
       (("unknown_file", (6, 0), (6, 2)), (Syntax.BaseTy Syntax.Unit)), 
       [],
       (("unknown_file", (6, 45), (6, 46)),
        (Syntax.App ((("unknown_file", (6, 45), (6, 46)), (Syntax.Fn "f")),
           [], [], [])))));
   (Syntax.FnDef
      ("a", [], [], [],
       (("unknown_file", (8, 0), (8, 2)), (Syntax.BaseTy Syntax.Unit)), 
       [],
       (("unknown_file", (9, 4), (9, 7)),
        (Syntax.Let ("p",
           (("unknown_file", (9, 15), (9, 20)),
            (Syntax.Struct ("Point", [], [], None))),
           (("unknown_file", (9, 23), (9, 28)),
            (Syntax.RecStruct ("Point", [], [],
               [("x",
                 (("unknown_file", (9, 33), (9, 34)),
                  (Syntax.Prim (Syntax.Num 3))));
                 ("y",
                  (("unknown_file", (9, 39), (9, 40)),
                   (Syntax.Prim (Syntax.Num 4))))
                 ]
               ))),
           (("unknown_file", (13, 4), (13, 7)),
            (Syntax.Let ("tmp0",
               (("unknown_file", (13, 14), (13, 15)),
                (Syntax.Ref ((("unknown_file", (13, 15), (13, 16)), "a"),
                   Syntax.Shared,
                   (("unknown_file", (13, 18), (13, 23)),
                    (Syntax.Struct ("Point", [], [], None)))
                   ))),
               (("unknown_file", (13, 26), (13, 27)),
                (Syntax.Borrow ((("unknown_file", (13, 26), (13, 27)), "p2"),
                   Syntax.Shared,
                   (("unknown_file", (13, 27), (13, 28)), ("p", []))))),
               (("", (1, 0), (1, 0)),
                (Syntax.Seq (
                   (("unknown_file", (14, 4), (14, 11)),
                    (Syntax.App (
                       (("unknown_file", (14, 4), (14, 11)),
                        (Syntax.Fn "impurem")),
                       [(("unknown_file", (14, 14), (14, 15)), "a")], 
                       [],
                       [(("unknown_file", (14, 18), (14, 22)),
                         (Syntax.Move
                            (("unknown_file", (14, 18), (14, 22)),
                             ("tmp0", []))))
                         ]
                       ))),
                   (("unknown_file", (17, 4), (17, 7)),
                    (Syntax.Let ("tmp1",
                       (("unknown_file", (17, 14), (17, 15)),
                        (Syntax.Ref (
                           (("unknown_file", (17, 15), (17, 16)), "b"),
                           Syntax.Shared,
                           (("unknown_file", (17, 18), (17, 23)),
                            (Syntax.Struct ("Point", [], [], None)))
                           ))),
                       (("unknown_file", (17, 26), (17, 27)),
                        (Syntax.Borrow (
                           (("unknown_file", (17, 26), (17, 27)), "p1"),
                           Syntax.Shared,
                           (("unknown_file", (17, 27), (17, 28)), ("p", []))
                           ))),
                       (("unknown_file", (18, 4), (18, 10)),
                        (Syntax.App (
                           (("unknown_file", (18, 4), (18, 10)),
                            (Syntax.Fn "blockm")),
                           [(("unknown_file", (18, 13), (18, 14)), "b")], 
                           [],
                           [(("unknown_file", (18, 17), (18, 21)),
                             (Syntax.Move
                                (("unknown_file", (18, 17), (18, 21)),
                                 ("tmp1", []))));
                             (("unknown_file", (18, 23), (18, 24)),
                              (Syntax.Fun ([], [], [], None,
                                 (("", (0, 0), (0, 0)),
                                  (Syntax.Seq (
                                     (("unknown_file", (19, 8), (19, 9)),
                                      (Syntax.Assign (
                                         (("unknown_file", (19, 8), (19, 9)),
                                          ("p", [(Syntax.Field "x")])),
                                         (("unknown_file", (19, 14), (19, 16)),
                                          (Syntax.Prim (Syntax.Num 10)))
                                         ))),
                                     (("unknown_file", (19, 16), (19, 17)),
                                      (Syntax.Prim Syntax.Unit))
                                     )))
                                 )))
                             ]
                           )))
                       )))
                   )))
               )))
           )))));
   (Syntax.FnDef
      ("main", [], [], [],
       (("unknown_file", (23, 0), (23, 2)), (Syntax.BaseTy Syntax.Unit)), 
       [], (("unknown_file", (23, 10), (24, 1)), (Syntax.Prim Syntax.Unit))))
   ]
