error: (Syntax.SafetyErr (
          (Syntax.Unique, (("unknown_file", (6, 8), (6, 10)), ("_a", []))),
          (Syntax.Shared, (("unknown_file", (3, 30), (3, 32)), ("_a", [])))))
invalid global environment:
 [(Syntax.FnDef
     ("main", [], [], [], [],
      (("unknown_file", (1, 0), (10, 1)), (Syntax.BaseTy Syntax.Unit)), 
      [],
      (("unknown_file", (2, 4), (2, 24)),
       (Syntax.Let ("_a",
          (("unknown_file", (2, 16), (2, 19)), (Syntax.BaseTy Syntax.U32)),
          (("unknown_file", (2, 22), (2, 23)), (Syntax.Prim (Syntax.Num 3))),
          (("unknown_file", (3, 4), (3, 33)),
           (Syntax.Let ("b",
              (("unknown_file", (3, 11), (3, 22)),
               (Syntax.Ref ((("unknown_file", (3, 12), (3, 14)), "b"),
                  Syntax.Unique,
                  (("unknown_file", (3, 19), (3, 22)),
                   (Syntax.BaseTy Syntax.U32))
                  ))),
              (("unknown_file", (3, 25), (3, 32)),
               (Syntax.Borrow ((("unknown_file", (3, 25), (3, 32)), "p2"),
                  Syntax.Unique,
                  (("unknown_file", (3, 30), (3, 32)), ("_a", []))))),
              (("", (3, 0), (3, 0)),
               (Syntax.Seq (
                  (("unknown_file", (5, 8), (5, 29)),
                   (Syntax.Let ("c",
                      (("unknown_file", (5, 15), (5, 22)),
                       (Syntax.Ref (
                          (("unknown_file", (5, 16), (5, 18)), "c"),
                          Syntax.Shared,
                          (("unknown_file", (5, 19), (5, 22)),
                           (Syntax.BaseTy Syntax.U32))
                          ))),
                      (("unknown_file", (5, 25), (5, 28)),
                       (Syntax.Borrow (
                          (("unknown_file", (5, 25), (5, 28)), "p1"),
                          Syntax.Shared,
                          (("unknown_file", (5, 27), (5, 28)),
                           ("b", [Syntax.Deref]))
                          ))),
                      (("", (2, 0), (2, 0)),
                       (Syntax.Seq (
                          (("unknown_file", (6, 8), (6, 14)),
                           (Syntax.Assign (
                              (("unknown_file", (6, 8), (6, 10)), ("_a", [])),
                              (("unknown_file", (6, 13), (6, 14)),
                               (Syntax.Prim (Syntax.Num 4)))
                              ))),
                          (("", (1, 0), (1, 0)),
                           (Syntax.Seq (
                              (("unknown_file", (7, 8), (7, 26)),
                               (Syntax.App (
                                  (("unknown_file", (7, 8), (7, 23)),
                                   (Syntax.Fn "drop")),
                                  [],
                                  [(("unknown_file", (7, 15), (7, 22)),
                                    (Syntax.Ref (
                                       (("unknown_file", (7, 16), (7, 18)),
                                        "c"),
                                       Syntax.Shared,
                                       (("unknown_file", (7, 19), (7, 22)),
                                        (Syntax.BaseTy Syntax.U32))
                                       )))
                                    ],
                                  [(("unknown_file", (7, 24), (7, 25)),
                                    (Syntax.Move
                                       (("unknown_file", (7, 24), (7, 25)),
                                        ("c", []))))
                                    ]
                                  ))),
                              (("unknown_file", (7, 26), (7, 27)),
                               (Syntax.Prim Syntax.Unit))
                              )))
                          )))
                      ))),
                  (("", (0, 0), (0, 0)),
                   (Syntax.Seq (
                      (("unknown_file", (9, 4), (9, 26)),
                       (Syntax.App (
                          (("unknown_file", (9, 4), (9, 23)),
                           (Syntax.Fn "drop")),
                          [],
                          [(("unknown_file", (9, 11), (9, 22)),
                            (Syntax.Ref (
                               (("unknown_file", (9, 12), (9, 14)), "b"),
                               Syntax.Unique,
                               (("unknown_file", (9, 19), (9, 22)),
                                (Syntax.BaseTy Syntax.U32))
                               )))
                            ],
                          [(("unknown_file", (9, 24), (9, 25)),
                            (Syntax.Move
                               (("unknown_file", (9, 24), (9, 25)), ("b", []))))
                            ]
                          ))),
                      (("unknown_file", (9, 26), (9, 27)),
                       (Syntax.Prim Syntax.Unit))
                      )))
                  )))
              )))
          )))))
   ]
