error: (Syntax.SafetyErr (
          (Syntax.Shared, (("unknown_file", (18, 28), (18, 29)), ("x", []))),
          (Syntax.Unique, (("unknown_file", (16, 32), (16, 33)), ("x", [])))
          ))
invalid global environment:
 [(Syntax.FnDef
     ("get", [], [(("unknown_file", (6, 7), (6, 9)), "a")], [],
      [("x",
        (("unknown_file", (6, 14), (6, 23)),
         (Syntax.Ref ((("unknown_file", (6, 15), (6, 17)), "a"),
            Syntax.Shared,
            (("unknown_file", (6, 18), (6, 23)), (Syntax.BaseTy Syntax.U32))
            ))))
        ],
      (("unknown_file", (6, 28), (6, 33)), (Syntax.BaseTy Syntax.U32)), 
      [],
      (("unknown_file", (7, 4), (7, 6)),
       (Syntax.Move (("unknown_file", (7, 5), (7, 6)), ("x", [Syntax.Deref]))))));
   (Syntax.FnDef
      ("set", [], [(("unknown_file", (10, 7), (10, 9)), "a")], [],
       [("x",
         (("unknown_file", (10, 14), (10, 27)),
          (Syntax.Ref ((("unknown_file", (10, 15), (10, 17)), "a"),
             Syntax.Unique,
             (("unknown_file", (10, 22), (10, 27)),
              (Syntax.BaseTy Syntax.U32))
             ))))
         ],
       (("unknown_file", (10, 0), (12, 1)), (Syntax.BaseTy Syntax.Unit)), 
       [],
       (("", (1, 0), (1, 0)),
        (Syntax.Seq (
           (("unknown_file", (11, 4), (11, 10)),
            (Syntax.Assign (
               (("unknown_file", (11, 5), (11, 6)), ("x", [Syntax.Deref])),
               (("unknown_file", (11, 9), (11, 10)),
                (Syntax.Prim (Syntax.Num 4)))
               ))),
           (("unknown_file", (11, 10), (11, 11)), (Syntax.Prim Syntax.Unit))
           )))));
   (Syntax.FnDef
      ("b", [], [], [], [],
       (("unknown_file", (14, 0), (22, 1)), (Syntax.BaseTy Syntax.Unit)), 
       [],
       (("unknown_file", (15, 4), (15, 18)),
        (Syntax.Let ("x", (("unknown_file", (15, 4), (15, 7)), Syntax.Infer),
           (("unknown_file", (15, 16), (15, 17)),
            (Syntax.Prim (Syntax.Num 3))),
           (("unknown_file", (16, 4), (16, 34)),
            (Syntax.Let ("tmp0",
               (("unknown_file", (16, 4), (16, 7)), Syntax.Infer),
               (("unknown_file", (16, 15), (16, 33)),
                (Syntax.Borrow ((("unknown_file", (16, 15), (16, 33)), "t0"),
                   Syntax.Unique,
                   (("unknown_file", (16, 32), (16, 33)), ("x", []))))),
               (("unknown_file", (17, 4), (17, 33)),
                (Syntax.Let ("c1",
                   (("unknown_file", (17, 4), (17, 7)), Syntax.Infer),
                   (("unknown_file", (17, 13), (17, 32)),
                    (Syntax.Fun ([], [], [], None,
                       (("unknown_file", (17, 16), (17, 32)),
                        (Syntax.App (
                           (("unknown_file", (17, 16), (17, 26)),
                            (Syntax.Fn "set")),
                           [],
                           [(("unknown_file", (17, 22), (17, 25)), "t0")],
                           [],
                           [(("unknown_file", (17, 27), (17, 31)),
                             (Syntax.Move
                                (("unknown_file", (17, 27), (17, 31)),
                                 ("tmp0", []))))
                             ]
                           )))
                       ))),
                   (("unknown_file", (18, 4), (18, 30)),
                    (Syntax.Let ("tmp1",
                       (("unknown_file", (18, 4), (18, 7)), Syntax.Infer),
                       (("unknown_file", (18, 15), (18, 29)),
                        (Syntax.Borrow (
                           (("unknown_file", (18, 15), (18, 29)), "t1"),
                           Syntax.Shared,
                           (("unknown_file", (18, 28), (18, 29)), ("x", []))
                           ))),
                       (("unknown_file", (19, 4), (19, 33)),
                        (Syntax.Let ("c2",
                           (("unknown_file", (19, 4), (19, 7)), Syntax.Infer),
                           (("unknown_file", (19, 13), (19, 32)),
                            (Syntax.Fun ([], [], [], None,
                               (("unknown_file", (19, 16), (19, 32)),
                                (Syntax.App (
                                   (("unknown_file", (19, 16), (19, 26)),
                                    (Syntax.Fn "get")),
                                   [],
                                   [(("unknown_file", (19, 22), (19, 25)),
                                     "t1")],
                                   [],
                                   [(("unknown_file", (19, 27), (19, 31)),
                                     (Syntax.Move
                                        (("unknown_file", (19, 27), (19, 31)),
                                         ("tmp1", []))))
                                     ]
                                   )))
                               ))),
                           (("", (0, 0), (0, 0)),
                            (Syntax.Seq (
                               (("unknown_file", (21, 4), (21, 26)),
                                (Syntax.App (
                                   (("unknown_file", (21, 4), (21, 22)),
                                    (Syntax.Fn "drop")),
                                   [], [],
                                   [(("unknown_file", (21, 11), (21, 21)),
                                     (Syntax.Fun ([], [], [], [],
                                        Syntax.Unboxed,
                                        (("unknown_file", (21, 19), (21, 21)),
                                         (Syntax.BaseTy Syntax.Unit)),
                                        [])))
                                     ],
                                   [(("unknown_file", (21, 23), (21, 25)),
                                     (Syntax.Move
                                        (("unknown_file", (21, 23), (21, 25)),
                                         ("c1", []))))
                                     ]
                                   ))),
                               (("unknown_file", (21, 26), (21, 27)),
                                (Syntax.Prim Syntax.Unit))
                               )))
                           )))
                       )))
                   )))
               )))
           )))));
   (Syntax.FnDef
      ("main", [], [], [], [],
       (("unknown_file", (24, 0), (25, 1)), (Syntax.BaseTy Syntax.Unit)), 
       [], (("unknown_file", (24, 10), (25, 1)), (Syntax.Prim Syntax.Unit))))
   ]
