error: (Syntax.PermissionErr (
          (("unknown_file", (6, 20), (6, 37)),
           (Syntax.Ref ((("unknown_file", (6, 21), (6, 23)), "a"),
              Syntax.Shared,
              (("unknown_file", (6, 24), (6, 37)),
               (Syntax.Ref ((("unknown_file", (6, 25), (6, 27)), "b"),
                  Syntax.Unique,
                  (("unknown_file", (6, 32), (6, 37)),
                   (Syntax.BaseTy Syntax.U32))
                  )))
              ))),
          [Syntax.Deref; Syntax.Deref], Syntax.Unique))
invalid global environment:
 [(Syntax.FnDef
     ("foo4", [],
      [(("unknown_file", (6, 8), (6, 10)), "a");
        (("unknown_file", (6, 12), (6, 14)), "b")],
      [],
      [("t0",
        (("unknown_file", (6, 20), (6, 37)),
         (Syntax.Ref ((("unknown_file", (6, 21), (6, 23)), "a"),
            Syntax.Shared,
            (("unknown_file", (6, 24), (6, 37)),
             (Syntax.Ref ((("unknown_file", (6, 25), (6, 27)), "b"),
                Syntax.Unique,
                (("unknown_file", (6, 32), (6, 37)),
                 (Syntax.BaseTy Syntax.U32))
                )))
            ))))
        ],
      (("unknown_file", (6, 0), (9, 1)), (Syntax.BaseTy Syntax.Unit)), 
      [],
      (("unknown_file", (7, 4), (7, 37)),
       (Syntax.Let ("x",
          (("unknown_file", (7, 11), (7, 24)),
           (Syntax.Ref ((("unknown_file", (7, 12), (7, 14)), "c"),
              Syntax.Unique,
              (("unknown_file", (7, 19), (7, 24)), (Syntax.BaseTy Syntax.U32))
              ))),
          (("unknown_file", (7, 27), (7, 36)),
           (Syntax.Borrow ((("unknown_file", (7, 27), (7, 36)), "p1"),
              Syntax.Unique,
              (("unknown_file", (7, 34), (7, 36)),
               ("t0", [Syntax.Deref; Syntax.Deref]))
              ))),
          (("", (0, 0), (0, 0)),
           (Syntax.Seq (
              (("unknown_file", (8, 4), (8, 11)),
               (Syntax.Assign (
                  (("unknown_file", (8, 5), (8, 6)), ("x", [Syntax.Deref])),
                  (("unknown_file", (8, 4), (8, 11)),
                   (Syntax.BinOp (Syntax.Add,
                      (("unknown_file", (8, 4), (8, 6)),
                       (Syntax.Move
                          (("unknown_file", (8, 5), (8, 6)),
                           ("x", [Syntax.Deref])))),
                      (("unknown_file", (8, 10), (8, 11)),
                       (Syntax.Prim (Syntax.Num 1)))
                      )))
                  ))),
              (("unknown_file", (8, 11), (8, 12)), (Syntax.Prim Syntax.Unit))
              )))
          )))));
   (Syntax.FnDef
      ("main", [], [], [], [],
       (("unknown_file", (11, 0), (12, 1)), (Syntax.BaseTy Syntax.Unit)), 
       [], (("unknown_file", (11, 10), (12, 1)), (Syntax.Prim Syntax.Unit))))
   ]
