error: (Syntax.SafetyErr (
          (Syntax.Unique,
           (("unknown_file", (9, 4), (9, 5)), ("p", [(Syntax.Field "y")]))),
          (Syntax.Shared,
           (("unknown_file", (8, 24), (8, 25)), ("p", [(Syntax.Field "y")])))
          ))
invalid global environment:
 [(Syntax.RecStructDef
     (false, "Point", [], [],
      [("x", (("unknown_file", (1, 18), (1, 23)), (Syntax.BaseTy Syntax.U32)));
        ("y",
         (("unknown_file", (1, 28), (1, 33)), (Syntax.BaseTy Syntax.U32)))
        ]));
   (Syntax.FnDef
      ("d", [], [], [],
       (("unknown_file", (3, 0), (3, 2)), (Syntax.BaseTy Syntax.Unit)),
       (("unknown_file", (7, 4), (7, 7)),
        (Syntax.Let ("p",
           (("unknown_file", (7, 15), (7, 20)),
            (Syntax.Struct ("Point", [], [], None))),
           (("unknown_file", (7, 23), (7, 28)),
            (Syntax.RecStruct ("Point", [], [],
               [("x",
                 (("unknown_file", (7, 33), (7, 34)),
                  (Syntax.Prim (Syntax.Num 3))));
                 ("y",
                  (("unknown_file", (7, 39), (7, 40)),
                   (Syntax.Prim (Syntax.Num 4))))
                 ]
               ))),
           (("unknown_file", (8, 4), (8, 7)),
            (Syntax.Let ("q",
               (("unknown_file", (8, 11), (8, 12)),
                (Syntax.Ref ((("unknown_file", (8, 12), (8, 13)), "q"),
                   Syntax.Shared,
                   (("unknown_file", (8, 15), (8, 20)),
                    (Syntax.BaseTy Syntax.U32))
                   ))),
               (("unknown_file", (8, 23), (8, 24)),
                (Syntax.Borrow ((("unknown_file", (8, 23), (8, 24)), "p1"),
                   Syntax.Shared,
                   (("unknown_file", (8, 24), (8, 25)),
                    ("p", [(Syntax.Field "y")]))
                   ))),
               (("", (1, 0), (1, 0)),
                (Syntax.Seq (
                   (("unknown_file", (9, 4), (9, 5)),
                    (Syntax.Assign (
                       (("unknown_file", (9, 4), (9, 5)),
                        ("p", [(Syntax.Field "y")])),
                       (("unknown_file", (9, 10), (9, 11)),
                        (Syntax.Prim (Syntax.Num 5)))
                       ))),
                   (("", (0, 0), (0, 0)),
                    (Syntax.Seq (
                       (("unknown_file", (10, 4), (10, 5)),
                        (Syntax.Move
                           (("unknown_file", (10, 5), (10, 6)),
                            ("q", [Syntax.Deref])))),
                       (("unknown_file", (10, 6), (10, 7)),
                        (Syntax.Prim Syntax.Unit))
                       )))
                   )))
               )))
           )))));
   (Syntax.FnDef
      ("main", [], [], [],
       (("unknown_file", (13, 0), (13, 2)), (Syntax.BaseTy Syntax.Unit)),
       (("unknown_file", (13, 10), (14, 1)), (Syntax.Prim Syntax.Unit))))
   ]
