error: (Syntax.SafetyErr (
          (Syntax.Shared,
           (("unknown_file", (8, 26), (8, 28)),
            ("t0", [Syntax.Deref; Syntax.Deref]))),
          (Syntax.Unique,
           (("unknown_file", (7, 42), (7, 44)), ("t0", [Syntax.Deref])))
          ))
invalid global environment:
 [(Syntax.FnDef
     ("foo3", [],
      [(("unknown_file", (6, 8), (6, 10)), "a");
        (("unknown_file", (6, 12), (6, 14)), "b")],
      [],
      [("t0",
        (("unknown_file", (6, 20), (6, 41)),
         (Syntax.Ref ((("unknown_file", (6, 21), (6, 23)), "a"),
            Syntax.Unique,
            (("unknown_file", (6, 28), (6, 41)),
             (Syntax.Ref ((("unknown_file", (6, 29), (6, 31)), "b"),
                Syntax.Unique,
                (("unknown_file", (6, 36), (6, 41)),
                 (Syntax.BaseTy Syntax.U32))
                )))
            ))))
        ],
      (("unknown_file", (6, 0), (10, 1)), (Syntax.BaseTy Syntax.Unit)), 
      [],
      (("unknown_file", (7, 4), (7, 45)),
       (Syntax.Let ("t1",
          (("unknown_file", (7, 12), (7, 33)),
           (Syntax.Ref ((("unknown_file", (7, 13), (7, 15)), "c"),
              Syntax.Unique,
              (("unknown_file", (7, 20), (7, 33)),
               (Syntax.Ref ((("unknown_file", (7, 21), (7, 23)), "b"),
                  Syntax.Unique,
                  (("unknown_file", (7, 28), (7, 33)),
                   (Syntax.BaseTy Syntax.U32))
                  )))
              ))),
          (("unknown_file", (7, 36), (7, 44)),
           (Syntax.Borrow ((("unknown_file", (7, 36), (7, 44)), "p2"),
              Syntax.Unique,
              (("unknown_file", (7, 42), (7, 44)), ("t0", [Syntax.Deref]))))),
          (("unknown_file", (8, 4), (8, 29)),
           (Syntax.Let ("p",
              (("unknown_file", (8, 11), (8, 20)),
               (Syntax.Ref ((("unknown_file", (8, 12), (8, 14)), "e"),
                  Syntax.Shared,
                  (("unknown_file", (8, 15), (8, 20)),
                   (Syntax.BaseTy Syntax.U32))
                  ))),
              (("unknown_file", (8, 23), (8, 28)),
               (Syntax.Borrow ((("unknown_file", (8, 23), (8, 28)), "p1"),
                  Syntax.Shared,
                  (("unknown_file", (8, 26), (8, 28)),
                   ("t0", [Syntax.Deref; Syntax.Deref]))
                  ))),
              (("", (0, 0), (0, 0)),
               (Syntax.Seq (
                  (("unknown_file", (9, 4), (9, 13)),
                   (Syntax.Assign (
                      (("unknown_file", (9, 6), (9, 8)),
                       ("t1", [Syntax.Deref; Syntax.Deref])),
                      (("unknown_file", (9, 11), (9, 13)),
                       (Syntax.Prim (Syntax.Num 22)))
                      ))),
                  (("unknown_file", (9, 13), (9, 14)),
                   (Syntax.Prim Syntax.Unit))
                  )))
              )))
          )))));
   (Syntax.FnDef
      ("main", [], [], [], [],
       (("unknown_file", (12, 0), (13, 1)), (Syntax.BaseTy Syntax.Unit)), 
       [], (("unknown_file", (12, 10), (13, 1)), (Syntax.Prim Syntax.Unit))))
   ]
