error: (Syntax.SafetyErr (
          (Syntax.Unique,
           (("unknown_file", (12, 15), (12, 19)),
            ("this", [Syntax.Deref; (Syntax.Field "x")]))),
          (Syntax.Shared,
           (("unknown_file", (11, 30), (11, 34)),
            ("this", [Syntax.Deref; (Syntax.Field "x")])))
          ))
invalid global environment:
 [(Syntax.RecStructDef
     (false, "Foo", [], [],
      [("x", (("unknown_file", (2, 7), (2, 12)), (Syntax.BaseTy Syntax.U32)))
        ]));
   (Syntax.FnDef
      ("main", [], [], [],
       (("unknown_file", (5, 0), (5, 3)), (Syntax.BaseTy Syntax.Unit)),
       (("unknown_file", (6, 4), (6, 7)),
        (Syntax.Let ("tmp",
           (("unknown_file", (6, 17), (6, 20)),
            (Syntax.Struct ("Foo", [], [], None))),
           (("unknown_file", (6, 23), (6, 26)),
            (Syntax.RecStruct ("Foo", [], [],
               [("x",
                 (("unknown_file", (7, 11), (7, 12)),
                  (Syntax.Prim (Syntax.Num 1))))
                 ]
               ))),
           (("unknown_file", (9, 4), (9, 7)),
            (Syntax.Let ("this",
               (("unknown_file", (9, 18), (9, 19)),
                (Syntax.Ref ((("unknown_file", (9, 19), (9, 20)), "a"),
                   Syntax.Unique,
                   (("unknown_file", (9, 26), (9, 29)),
                    (Syntax.Struct ("Foo", [], [], None)))
                   ))),
               (("unknown_file", (9, 32), (9, 33)),
                (Syntax.Borrow ((("unknown_file", (9, 32), (9, 33)), "p3"),
                   Syntax.Unique,
                   (("unknown_file", (9, 37), (9, 40)), ("tmp", []))))),
               (("unknown_file", (10, 4), (10, 7)),
                (Syntax.Let ("r",
                   (("unknown_file", (10, 15), (10, 17)),
                    (Syntax.Fun ([], [], [], [],
                       (("unknown_file", (10, 23), (10, 25)),
                        (Syntax.BaseTy Syntax.Unit))
                       ))),
                   (("unknown_file", (10, 28), (10, 29)),
                    (Syntax.Fun ([], [], [], None,
                       (("unknown_file", (11, 8), (11, 11)),
                        (Syntax.Let ("p",
                           (("unknown_file", (11, 15), (11, 16)),
                            (Syntax.Ref (
                               (("unknown_file", (11, 16), (11, 17)), "p"),
                               Syntax.Shared,
                               (("unknown_file", (11, 19), (11, 24)),
                                (Syntax.BaseTy Syntax.U32))
                               ))),
                           (("unknown_file", (11, 27), (11, 28)),
                            (Syntax.Borrow (
                               (("unknown_file", (11, 27), (11, 28)), "p2"),
                               Syntax.Shared,
                               (("unknown_file", (11, 30), (11, 34)),
                                ("this", [Syntax.Deref; (Syntax.Field "x")]))
                               ))),
                           (("", (1, 0), (1, 0)),
                            (Syntax.Seq (
                               (("unknown_file", (12, 8), (12, 9)),
                                (Syntax.Borrow (
                                   (("unknown_file", (12, 8), (12, 9)), "p1"),
                                   Syntax.Unique,
                                   (("unknown_file", (12, 15), (12, 19)),
                                    ("this",
                                     [Syntax.Deref; (Syntax.Field "x")]))
                                   ))),
                               (("", (0, 0), (0, 0)),
                                (Syntax.Seq (
                                   (("unknown_file", (13, 8), (13, 15)),
                                    (Syntax.App (
                                       (("unknown_file", (13, 8), (13, 15)),
                                        (Syntax.Fn "use_ref")),
                                       [(("unknown_file", (13, 18), (13, 19)),
                                         "p")],
                                       [(("unknown_file", (13, 22), (13, 27)),
                                         (Syntax.BaseTy Syntax.U32))],
                                       [(("unknown_file", (13, 29), (13, 30)),
                                         (Syntax.Move
                                            (("unknown_file", (13, 29),
                                              (13, 30)),
                                             ("p", []))))
                                         ]
                                       ))),
                                   (("unknown_file", (13, 31), (13, 32)),
                                    (Syntax.Prim Syntax.Unit))
                                   )))
                               )))
                           )))
                       ))),
                   (("unknown_file", (15, 4), (15, 5)),
                    (Syntax.App (
                       (("unknown_file", (15, 4), (15, 5)), (Syntax.Fn "r")),
                       [], [], [])))
                   )))
               )))
           )))));
   (Syntax.FnDef
      ("use_mut", [(("unknown_file", (18, 11), (18, 12)), "a")], ["T"],
       [("x",
         (("unknown_file", (18, 21), (18, 22)),
          (Syntax.Ref ((("unknown_file", (18, 22), (18, 23)), "a"),
             Syntax.Unique,
             (("unknown_file", (18, 29), (18, 30)), (Syntax.TyVar "T"))))))
         ],
       (("unknown_file", (18, 0), (18, 2)), (Syntax.BaseTy Syntax.Unit)),
       (("unknown_file", (18, 32), (18, 35)), (Syntax.Prim Syntax.Unit))));
   (Syntax.FnDef
      ("use_ref", [(("unknown_file", (18, 47), (18, 48)), "a")], ["T"],
       [("x",
         (("unknown_file", (18, 57), (18, 58)),
          (Syntax.Ref ((("unknown_file", (18, 58), (18, 59)), "a"),
             Syntax.Shared,
             (("unknown_file", (18, 61), (18, 62)), (Syntax.TyVar "T"))))))
         ],
       (("unknown_file", (18, 36), (18, 38)), (Syntax.BaseTy Syntax.Unit)),
       (("unknown_file", (18, 64), (18, 67)), (Syntax.Prim Syntax.Unit))))
   ]
