valid global environment:
 [(Syntax.FnDef
     ("get", [], [(("unknown_file", (9, 7), (9, 9)), "a")], [],
      [("x",
        (("unknown_file", (9, 14), (9, 23)),
         (Syntax.Ref ((("unknown_file", (9, 15), (9, 17)), "a"),
            Syntax.Shared,
            (("unknown_file", (9, 18), (9, 23)), (Syntax.BaseTy Syntax.U32))
            ))))
        ],
      (("unknown_file", (9, 28), (9, 33)), (Syntax.BaseTy Syntax.U32)), 
      [],
      (("unknown_file", (10, 4), (10, 6)),
       (Syntax.Move
          (("unknown_file", (10, 5), (10, 6)), ("x", [Syntax.Deref]))))));
   (Syntax.FnDef
      ("set", [], [(("unknown_file", (13, 7), (13, 9)), "a")], [],
       [("x",
         (("unknown_file", (13, 14), (13, 27)),
          (Syntax.Ref ((("unknown_file", (13, 15), (13, 17)), "a"),
             Syntax.Unique,
             (("unknown_file", (13, 22), (13, 27)),
              (Syntax.BaseTy Syntax.U32))
             ))))
         ],
       (("unknown_file", (13, 32), (13, 37)), (Syntax.BaseTy Syntax.U32)),
       [],
       (("unknown_file", (14, 4), (14, 6)),
        (Syntax.Move
           (("unknown_file", (14, 5), (14, 6)), ("x", [Syntax.Deref]))))));
   (Syntax.FnDef
      ("a", [], [(("unknown_file", (17, 5), (17, 7)), "a")], [],
       [("x",
         (("unknown_file", (17, 12), (17, 25)),
          (Syntax.Ref ((("unknown_file", (17, 13), (17, 15)), "a"),
             Syntax.Unique,
             (("unknown_file", (17, 20), (17, 25)),
              (Syntax.BaseTy Syntax.U32))
             ))))
         ],
       (("unknown_file", (17, 0), (24, 1)), (Syntax.BaseTy Syntax.Unit)), 
       [],
       (("unknown_file", (18, 4), (18, 31)),
        (Syntax.Let ("tmp0",
           (("unknown_file", (18, 4), (18, 7)), Syntax.Infer),
           (("unknown_file", (18, 15), (18, 30)),
            (Syntax.Borrow ((("unknown_file", (18, 15), (18, 30)), "t0"),
               Syntax.Shared,
               (("unknown_file", (18, 29), (18, 30)), ("x", [Syntax.Deref]))
               ))),
           (("unknown_file", (19, 4), (19, 38)),
            (Syntax.Let ("c1",
               (("unknown_file", (19, 4), (19, 7)), Syntax.Infer),
               (("unknown_file", (19, 13), (19, 37)),
                (Syntax.Fun ([], [], [], None,
                   (("unknown_file", (19, 21), (19, 37)),
                    (Syntax.App (
                       (("unknown_file", (19, 21), (19, 31)),
                        (Syntax.Fn "get")),
                       [], [(("unknown_file", (19, 27), (19, 30)), "t0")],
                       [],
                       [(("unknown_file", (19, 32), (19, 36)),
                         (Syntax.Move
                            (("unknown_file", (19, 32), (19, 36)),
                             ("tmp0", []))))
                         ]
                       )))
                   ))),
               (("unknown_file", (20, 4), (20, 31)),
                (Syntax.Let ("tmp1",
                   (("unknown_file", (20, 4), (20, 7)), Syntax.Infer),
                   (("unknown_file", (20, 15), (20, 30)),
                    (Syntax.Borrow (
                       (("unknown_file", (20, 15), (20, 30)), "t1"),
                       Syntax.Shared,
                       (("unknown_file", (20, 29), (20, 30)),
                        ("x", [Syntax.Deref]))
                       ))),
                   (("unknown_file", (21, 4), (21, 38)),
                    (Syntax.Let ("c2",
                       (("unknown_file", (21, 4), (21, 7)), Syntax.Infer),
                       (("unknown_file", (21, 13), (21, 37)),
                        (Syntax.Fun ([], [], [], None,
                           (("unknown_file", (21, 21), (21, 37)),
                            (Syntax.App (
                               (("unknown_file", (21, 21), (21, 31)),
                                (Syntax.Fn "get")),
                               [],
                               [(("unknown_file", (21, 27), (21, 30)), "t1")],
                               [],
                               [(("unknown_file", (21, 32), (21, 36)),
                                 (Syntax.Move
                                    (("unknown_file", (21, 32), (21, 36)),
                                     ("tmp1", []))))
                                 ]
                               )))
                           ))),
                       (("", (1, 0), (1, 0)),
                        (Syntax.Seq (
                           (("unknown_file", (22, 4), (22, 8)),
                            (Syntax.App (
                               (("unknown_file", (22, 4), (22, 6)),
                                (Syntax.Fn "c1")),
                               [], [], [], []))),
                           (("", (0, 0), (0, 0)),
                            (Syntax.Seq (
                               (("unknown_file", (23, 4), (23, 8)),
                                (Syntax.App (
                                   (("unknown_file", (23, 4), (23, 6)),
                                    (Syntax.Fn "c2")),
                                   [], [], [], []))),
                               (("unknown_file", (23, 8), (23, 9)),
                                (Syntax.Prim Syntax.Unit))
                               )))
                           )))
                       )))
                   )))
               )))
           )))));
   (Syntax.FnDef
      ("main", [], [], [], [],
       (("unknown_file", (26, 0), (27, 1)), (Syntax.BaseTy Syntax.Unit)), 
       [], (("unknown_file", (26, 10), (27, 1)), (Syntax.Prim Syntax.Unit))))
   ]
