error: (Syntax.PartiallyMoved (
          (("unknown_file", (10, 6), (10, 9)), ("src", [])),
          (("unknown_file", (8, 17), (8, 35)),
           (Syntax.Ref ((("unknown_file", (8, 18), (8, 20)), "b"),
              Syntax.Unique,
              (("unknown_file", (8, 25), (8, 35)),
               (Syntax.Tup
                  [(("unknown_file", (8, 26), (8, 29)),
                    (Syntax.BaseTy Syntax.U32));
                    (("unknown_file", (8, 31), (8, 34)),
                     (Syntax.BaseTy Syntax.U32))
                    ]))
              )))
          ))
invalid global environment:
 [(Syntax.FnDef
     ("b", [], [], [], [],
      (("unknown_file", (6, 0), (11, 1)), (Syntax.BaseTy Syntax.Unit)), 
      [],
      (("unknown_file", (7, 4), (7, 39)),
       (Syntax.Let ("tmp",
          (("unknown_file", (7, 17), (7, 27)),
           (Syntax.Tup
              [(("unknown_file", (7, 18), (7, 21)),
                (Syntax.BaseTy Syntax.U32));
                (("unknown_file", (7, 23), (7, 26)),
                 (Syntax.BaseTy Syntax.U32))
                ])),
          (("unknown_file", (7, 30), (7, 38)),
           (Syntax.Tup
              [(("unknown_file", (7, 31), (7, 33)),
                (Syntax.Prim (Syntax.Num 22)));
                (("unknown_file", (7, 35), (7, 37)),
                 (Syntax.Prim (Syntax.Num 44)))
                ])),
          (("unknown_file", (8, 4), (8, 47)),
           (Syntax.Let ("src",
              (("unknown_file", (8, 17), (8, 35)),
               (Syntax.Ref ((("unknown_file", (8, 18), (8, 20)), "b"),
                  Syntax.Unique,
                  (("unknown_file", (8, 25), (8, 35)),
                   (Syntax.Tup
                      [(("unknown_file", (8, 26), (8, 29)),
                        (Syntax.BaseTy Syntax.U32));
                        (("unknown_file", (8, 31), (8, 34)),
                         (Syntax.BaseTy Syntax.U32))
                        ]))
                  ))),
              (("unknown_file", (8, 38), (8, 46)),
               (Syntax.Borrow ((("unknown_file", (8, 38), (8, 46)), "p1"),
                  Syntax.Unique,
                  (("unknown_file", (8, 43), (8, 46)), ("tmp", []))))),
              (("", (2, 0), (2, 0)),
               (Syntax.Seq (
                  (("unknown_file", (9, 4), (9, 35)),
                   (Syntax.App (
                      (("unknown_file", (9, 4), (9, 30)), (Syntax.Fn "drop")),
                      [], [],
                      [(("unknown_file", (9, 11), (9, 29)),
                        (Syntax.Ref (
                           (("unknown_file", (9, 12), (9, 14)), "b"),
                           Syntax.Unique,
                           (("unknown_file", (9, 19), (9, 29)),
                            (Syntax.Tup
                               [(("unknown_file", (9, 20), (9, 23)),
                                 (Syntax.BaseTy Syntax.U32));
                                 (("unknown_file", (9, 25), (9, 28)),
                                  (Syntax.BaseTy Syntax.U32))
                                 ]))
                           )))
                        ],
                      [(("unknown_file", (9, 31), (9, 34)),
                        (Syntax.Move
                           (("unknown_file", (9, 31), (9, 34)), ("src", []))))
                        ]
                      ))),
                  (("", (1, 0), (1, 0)),
                   (Syntax.Seq (
                      (("unknown_file", (10, 4), (10, 17)),
                       (Syntax.Assign (
                          (("unknown_file", (10, 6), (10, 9)),
                           ("src", [Syntax.Deref; (Syntax.Index 0)])),
                          (("unknown_file", (10, 15), (10, 17)),
                           (Syntax.Prim (Syntax.Num 66)))
                          ))),
                      (("unknown_file", (10, 17), (10, 18)),
                       (Syntax.Prim Syntax.Unit))
                      )))
                  )))
              )))
          )))));
   (Syntax.FnDef
      ("main", [], [], [], [],
       (("unknown_file", (13, 0), (15, 1)), (Syntax.BaseTy Syntax.Unit)), 
       [],
       (("", (0, 0), (0, 0)),
        (Syntax.Seq (
           (("unknown_file", (14, 4), (14, 7)),
            (Syntax.App (
               (("unknown_file", (14, 4), (14, 5)), (Syntax.Fn "b")), 
               [], [], [], []))),
           (("unknown_file", (14, 7), (14, 8)), (Syntax.Prim Syntax.Unit)))))))
   ]
