error: (Syntax.SafetyErr (
          (Syntax.Unique, (("unknown_file", (12, 22), (12, 24)), ("t0", []))),
          (Syntax.Shared,
           (("unknown_file", (10, 25), (10, 27)), ("t0", [Syntax.Deref])))
          ))
invalid global environment:
 [(Syntax.FnDef
     ("foo", [], [(("unknown_file", (8, 7), (8, 9)), "a")], [],
      [("t0",
        (("unknown_file", (8, 19), (8, 32)),
         (Syntax.Ref ((("unknown_file", (8, 20), (8, 22)), "a"),
            Syntax.Unique,
            (("unknown_file", (8, 27), (8, 32)), (Syntax.BaseTy Syntax.U32))
            ))));
        ("t1",
         (("unknown_file", (9, 19), (9, 32)),
          (Syntax.Ref ((("unknown_file", (9, 20), (9, 22)), "a"),
             Syntax.Unique,
             (("unknown_file", (9, 27), (9, 32)), (Syntax.BaseTy Syntax.U32))
             ))))
        ],
      (("unknown_file", (8, 0), (15, 1)), (Syntax.BaseTy Syntax.Unit)), 
      [],
      (("unknown_file", (10, 4), (10, 28)),
       (Syntax.Let ("p", (("unknown_file", (10, 4), (10, 7)), Syntax.Infer),
          (("unknown_file", (10, 12), (10, 27)),
           (Syntax.Borrow ((("unknown_file", (10, 12), (10, 27)), "p"),
              Syntax.Shared,
              (("unknown_file", (10, 25), (10, 27)), ("t0", [Syntax.Deref]))
              ))),
          (("unknown_file", (11, 4), (11, 17)),
           (Syntax.Let ("w",
              (("unknown_file", (11, 4), (11, 7)), Syntax.Infer),
              (("unknown_file", (11, 12), (11, 16)),
               (Syntax.Borrow ((("unknown_file", (11, 12), (11, 16)), "p2"),
                  Syntax.Shared,
                  (("unknown_file", (11, 14), (11, 16)),
                   ("t1", [Syntax.Deref]))
                  ))),
              (("unknown_file", (12, 4), (12, 25)),
               (Syntax.Let ("t2",
                  (("unknown_file", (12, 4), (12, 7)), Syntax.Infer),
                  (("unknown_file", (12, 17), (12, 24)),
                   (Syntax.Borrow (
                      (("unknown_file", (12, 17), (12, 24)), "p1"),
                      Syntax.Unique,
                      (("unknown_file", (12, 22), (12, 24)), ("t0", []))))),
                  (("", (1, 0), (1, 0)),
                   (Syntax.Seq (
                      (("unknown_file", (13, 4), (13, 13)),
                       (Syntax.Assign (
                          (("unknown_file", (13, 6), (13, 8)),
                           ("t2", [Syntax.Deref; Syntax.Deref])),
                          (("unknown_file", (13, 4), (13, 13)),
                           (Syntax.BinOp (Syntax.Add,
                              (("unknown_file", (13, 4), (13, 8)),
                               (Syntax.Move
                                  (("unknown_file", (13, 6), (13, 8)),
                                   ("t2", [Syntax.Deref; Syntax.Deref])))),
                              (("unknown_file", (13, 12), (13, 13)),
                               (Syntax.Prim (Syntax.Num 1)))
                              )))
                          ))),
                      (("", (0, 0), (0, 0)),
                       (Syntax.Seq (
                          (("unknown_file", (14, 4), (14, 27)),
                           (Syntax.App (
                              (("unknown_file", (14, 4), (14, 24)),
                               (Syntax.Fn "use_ref")),
                              [],
                              [(("unknown_file", (14, 14), (14, 16)), "p")],
                              [(("unknown_file", (14, 18), (14, 23)),
                                (Syntax.BaseTy Syntax.U32))],
                              [(("unknown_file", (14, 25), (14, 26)),
                                (Syntax.Move
                                   (("unknown_file", (14, 25), (14, 26)),
                                    ("p", []))))
                                ]
                              ))),
                          (("unknown_file", (14, 27), (14, 28)),
                           (Syntax.Prim Syntax.Unit))
                          )))
                      )))
                  )))
              )))
          )))));
   (Syntax.FnDef
      ("main", [], [], [], [],
       (("unknown_file", (17, 0), (18, 1)), (Syntax.BaseTy Syntax.Unit)), 
       [], (("unknown_file", (17, 10), (18, 1)), (Syntax.Prim Syntax.Unit))));
   (Syntax.FnDef
      ("use_mut", [], [(("unknown_file", (20, 11), (20, 13)), "a")], 
       ["T"],
       [("x",
         (("unknown_file", (20, 21), (20, 30)),
          (Syntax.Ref ((("unknown_file", (20, 22), (20, 24)), "a"),
             Syntax.Unique,
             (("unknown_file", (20, 29), (20, 30)), (Syntax.TyVar "T"))))))
         ],
       (("unknown_file", (20, 0), (20, 35)), (Syntax.BaseTy Syntax.Unit)),
       [], (("unknown_file", (20, 32), (20, 35)), (Syntax.Prim Syntax.Unit))));
   (Syntax.FnDef
      ("use_ref", [], [(("unknown_file", (20, 47), (20, 49)), "a")], 
       ["T"],
       [("x",
         (("unknown_file", (20, 57), (20, 62)),
          (Syntax.Ref ((("unknown_file", (20, 58), (20, 60)), "a"),
             Syntax.Shared,
             (("unknown_file", (20, 61), (20, 62)), (Syntax.TyVar "T"))))))
         ],
       (("unknown_file", (20, 36), (20, 67)), (Syntax.BaseTy Syntax.Unit)),
       [], (("unknown_file", (20, 64), (20, 67)), (Syntax.Prim Syntax.Unit))))
   ]
