error: (Syntax.SafetyErr (
          (Syntax.Unique, (("unknown_file", (11, 36), (11, 37)), ("x", []))),
          (Syntax.Unique, (("unknown_file", (9, 36), (9, 37)), ("x", [])))))
invalid global environment:
 [(Syntax.FnDef
     ("to_fn_mut", [], [],
      [("f",
        (("unknown_file", (5, 16), (5, 18)),
         (Syntax.Fun ([], [], [], [],
            (("unknown_file", (5, 24), (5, 26)), (Syntax.BaseTy Syntax.Unit))
            ))))
        ],
      (("unknown_file", (5, 31), (5, 33)),
       (Syntax.Fun ([], [], [], [],
          (("unknown_file", (5, 39), (5, 41)), (Syntax.BaseTy Syntax.Unit))))),
      [],
      (("unknown_file", (5, 44), (5, 45)),
       (Syntax.Move (("unknown_file", (5, 44), (5, 45)), ("f", []))))));
   (Syntax.FnDef
      ("a", [], [], [],
       (("unknown_file", (7, 0), (7, 2)), (Syntax.BaseTy Syntax.Unit)), 
       [],
       (("unknown_file", (8, 4), (8, 7)),
        (Syntax.Let ("x",
           (("unknown_file", (8, 15), (8, 20)), (Syntax.BaseTy Syntax.U32)),
           (("unknown_file", (8, 23), (8, 24)), (Syntax.Prim (Syntax.Num 3))),
           (("unknown_file", (9, 4), (9, 7)),
            (Syntax.Let ("tmp0",
               (("unknown_file", (9, 14), (9, 15)),
                (Syntax.Ref ((("unknown_file", (9, 15), (9, 16)), "t0"),
                   Syntax.Unique,
                   (("unknown_file", (9, 23), (9, 28)),
                    (Syntax.BaseTy Syntax.U32))
                   ))),
               (("unknown_file", (9, 31), (9, 32)),
                (Syntax.Borrow ((("unknown_file", (9, 31), (9, 32)), "p2"),
                   Syntax.Unique,
                   (("unknown_file", (9, 36), (9, 37)), ("x", []))))),
               (("unknown_file", (10, 4), (10, 7)),
                (Syntax.Let ("c1",
                   (("unknown_file", (10, 12), (10, 14)),
                    (Syntax.Fun ([], [], [], [],
                       (("unknown_file", (10, 20), (10, 22)),
                        (Syntax.BaseTy Syntax.Unit))
                       ))),
                   (("unknown_file", (10, 25), (10, 34)),
                    (Syntax.App (
                       (("unknown_file", (10, 25), (10, 34)),
                        (Syntax.Fn "to_fn_mut")),
                       [], [],
                       [(("unknown_file", (10, 35), (10, 36)),
                         (Syntax.Fun ([], [], [], None,
                            (("unknown_file", (10, 38), (10, 39)),
                             (Syntax.Assign (
                                (("unknown_file", (10, 39), (10, 43)),
                                 ("tmp0", [Syntax.Deref])),
                                (("unknown_file", (10, 46), (10, 47)),
                                 (Syntax.Prim (Syntax.Num 4)))
                                )))
                            )))
                         ]
                       ))),
                   (("unknown_file", (11, 4), (11, 7)),
                    (Syntax.Let ("tmp1",
                       (("unknown_file", (11, 14), (11, 15)),
                        (Syntax.Ref (
                           (("unknown_file", (11, 15), (11, 16)), "t1"),
                           Syntax.Unique,
                           (("unknown_file", (11, 23), (11, 28)),
                            (Syntax.BaseTy Syntax.U32))
                           ))),
                       (("unknown_file", (11, 31), (11, 32)),
                        (Syntax.Borrow (
                           (("unknown_file", (11, 31), (11, 32)), "p1"),
                           Syntax.Unique,
                           (("unknown_file", (11, 36), (11, 37)), ("x", []))
                           ))),
                       (("unknown_file", (12, 4), (12, 7)),
                        (Syntax.Let ("c2",
                           (("unknown_file", (12, 12), (12, 14)),
                            (Syntax.Fun ([], [], [], [],
                               (("unknown_file", (12, 20), (12, 22)),
                                (Syntax.BaseTy Syntax.Unit))
                               ))),
                           (("unknown_file", (12, 25), (12, 34)),
                            (Syntax.App (
                               (("unknown_file", (12, 25), (12, 34)),
                                (Syntax.Fn "to_fn_mut")),
                               [], [],
                               [(("unknown_file", (12, 35), (12, 36)),
                                 (Syntax.Fun ([], [], [], None,
                                    (("unknown_file", (12, 38), (12, 39)),
                                     (Syntax.Assign (
                                        (("unknown_file", (12, 39), (12, 43)),
                                         ("tmp1", [Syntax.Deref])),
                                        (("unknown_file", (12, 46), (12, 47)),
                                         (Syntax.Prim (Syntax.Num 5)))
                                        )))
                                    )))
                                 ]
                               ))),
                           (("", (0, 0), (0, 0)),
                            (Syntax.Seq (
                               (("unknown_file", (13, 4), (13, 8)),
                                (Syntax.App (
                                   (("unknown_file", (13, 4), (13, 8)),
                                    (Syntax.Fn "drop")),
                                   [],
                                   [(("unknown_file", (13, 11), (13, 35)),
                                     (Syntax.Tup
                                        [(("unknown_file", (13, 12), (13, 14)),
                                          (Syntax.Fun ([], [], [], [],
                                             (("unknown_file", (13, 20),
                                               (13, 22)),
                                              (Syntax.BaseTy Syntax.Unit))
                                             )));
                                          (("unknown_file", (13, 24),
                                            (13, 26)),
                                           (Syntax.Fun ([], [], [], [],
                                              (("unknown_file", (13, 32),
                                                (13, 34)),
                                               (Syntax.BaseTy Syntax.Unit))
                                              )))
                                          ]))
                                     ],
                                   [(("unknown_file", (13, 37), (13, 45)),
                                     (Syntax.Tup
                                        [(("unknown_file", (13, 38), (13, 40)),
                                          (Syntax.Move
                                             (("unknown_file", (13, 38),
                                               (13, 40)),
                                              ("c1", []))));
                                          (("unknown_file", (13, 42),
                                            (13, 44)),
                                           (Syntax.Move
                                              (("unknown_file", (13, 42),
                                                (13, 44)),
                                               ("c2", []))))
                                          ]))
                                     ]
                                   ))),
                               (("unknown_file", (13, 46), (13, 47)),
                                (Syntax.Prim Syntax.Unit))
                               )))
                           )))
                       )))
                   )))
               )))
           )))));
   (Syntax.FnDef
      ("main", [], [], [],
       (("unknown_file", (16, 0), (16, 2)), (Syntax.BaseTy Syntax.Unit)), 
       [], (("unknown_file", (16, 10), (17, 1)), (Syntax.Prim Syntax.Unit))))
   ]
