error: (Syntax.SafetyErr (
          (Syntax.Unique, (("unknown_file", (16, 36), (16, 37)), ("x", []))),
          (Syntax.Unique, (("unknown_file", (13, 36), (13, 37)), ("x", [])))
          ))
invalid global environment:
 [(Syntax.FnDef
     ("to_fn_mut", ["F"], [], [],
      [("f",
        (("unknown_file", (5, 25), (5, 26)),
         (Syntax.Fun ([], [], [], [], (Syntax.EnvVar "F"),
            (("<inferred>", (-1, -1), (-1, -1)), (Syntax.BaseTy Syntax.Unit))
            ))))
        ],
      (("unknown_file", (5, 31), (5, 32)),
       (Syntax.Fun ([], [], [], [], (Syntax.EnvVar "F"),
          (("<inferred>", (-1, -1), (-1, -1)), (Syntax.BaseTy Syntax.Unit))))),
      [],
      (("unknown_file", (5, 35), (5, 36)),
       (Syntax.Move (("unknown_file", (5, 35), (5, 36)), ("f", []))))));
   (Syntax.FnDef
      ("set", [], [(("unknown_file", (7, 7), (7, 9)), "a")], [],
       [("x",
         (("unknown_file", (7, 14), (7, 27)),
          (Syntax.Ref ((("unknown_file", (7, 15), (7, 17)), "a"),
             Syntax.Unique,
             (("unknown_file", (7, 22), (7, 27)), (Syntax.BaseTy Syntax.U32))
             ))))
         ],
       (("unknown_file", (7, 0), (9, 1)), (Syntax.BaseTy Syntax.Unit)), 
       [],
       (("", (1, 0), (1, 0)),
        (Syntax.Seq (
           (("unknown_file", (8, 4), (8, 10)),
            (Syntax.Assign (
               (("unknown_file", (8, 5), (8, 6)), ("x", [Syntax.Deref])),
               (("unknown_file", (8, 9), (8, 10)),
                (Syntax.Prim (Syntax.Num 4)))
               ))),
           (("unknown_file", (8, 10), (8, 11)), (Syntax.Prim Syntax.Unit)))))));
   (Syntax.FnDef
      ("c", [], [], [], [],
       (("unknown_file", (11, 0), (20, 1)), (Syntax.BaseTy Syntax.Unit)), 
       [],
       (("unknown_file", (12, 4), (12, 25)),
        (Syntax.Let ("x",
           (("unknown_file", (12, 15), (12, 20)), (Syntax.BaseTy Syntax.U32)),
           (("unknown_file", (12, 23), (12, 24)),
            (Syntax.Prim (Syntax.Num 3))),
           (("unknown_file", (13, 4), (13, 38)),
            (Syntax.Let ("tmp0",
               (("unknown_file", (13, 14), (13, 28)),
                (Syntax.Ref ((("unknown_file", (13, 15), (13, 18)), "t0"),
                   Syntax.Unique,
                   (("unknown_file", (13, 23), (13, 28)),
                    (Syntax.BaseTy Syntax.U32))
                   ))),
               (("unknown_file", (13, 31), (13, 37)),
                (Syntax.Borrow ((("unknown_file", (13, 31), (13, 37)), "p2"),
                   Syntax.Unique,
                   (("unknown_file", (13, 36), (13, 37)), ("x", []))))),
               (("unknown_file", (14, 4), (14, 36)),
                (Syntax.Let ("c1_tmp",
                   (("unknown_file", (14, 16), (14, 20)),
                    (Syntax.Fun ([], [], [], [], Syntax.Unboxed,
                       (("unknown_file", (14, 16), (14, 20)),
                        (Syntax.BaseTy Syntax.Unit))
                       ))),
                   (("unknown_file", (14, 23), (14, 35)),
                    (Syntax.Fun ([], [], [], None,
                       (("unknown_file", (14, 26), (14, 35)),
                        (Syntax.Assign (
                           (("unknown_file", (14, 27), (14, 31)),
                            ("tmp0", [Syntax.Deref])),
                           (("unknown_file", (14, 34), (14, 35)),
                            (Syntax.Prim (Syntax.Num 5)))
                           )))
                       ))),
                   (("unknown_file", (15, 4), (15, 53)),
                    (Syntax.Let ("c1",
                       (("unknown_file", (15, 12), (15, 16)),
                        (Syntax.Fun ([], [], [], [], Syntax.Unboxed,
                           (("unknown_file", (15, 12), (15, 16)),
                            (Syntax.BaseTy Syntax.Unit))
                           ))),
                       (("unknown_file", (15, 19), (15, 52)),
                        (Syntax.App (
                           (("unknown_file", (15, 35), (15, 44)),
                            (Syntax.Fn "to_fn_mut")),
                           [(Syntax.EnvOf "c1_tmp")], [], [],
                           [(("unknown_file", (15, 45), (15, 51)),
                             (Syntax.Move
                                (("unknown_file", (15, 45), (15, 51)),
                                 ("c1_tmp", []))))
                             ]
                           ))),
                       (("unknown_file", (16, 4), (16, 38)),
                        (Syntax.Let ("tmp1",
                           (("unknown_file", (16, 14), (16, 28)),
                            (Syntax.Ref (
                               (("unknown_file", (16, 15), (16, 18)), "t1"),
                               Syntax.Unique,
                               (("unknown_file", (16, 23), (16, 28)),
                                (Syntax.BaseTy Syntax.U32))
                               ))),
                           (("unknown_file", (16, 31), (16, 37)),
                            (Syntax.Borrow (
                               (("unknown_file", (16, 31), (16, 37)), "p1"),
                               Syntax.Unique,
                               (("unknown_file", (16, 36), (16, 37)),
                                ("x", []))
                               ))),
                           (("unknown_file", (17, 4), (17, 43)),
                            (Syntax.Let ("c2_tmp",
                               (("unknown_file", (17, 16), (17, 20)),
                                (Syntax.Fun ([], [], [], [], Syntax.Unboxed,
                                   (("unknown_file", (17, 16), (17, 20)),
                                    (Syntax.BaseTy Syntax.Unit))
                                   ))),
                               (("unknown_file", (17, 23), (17, 42)),
                                (Syntax.Fun ([], [], [], None,
                                   (("unknown_file", (17, 26), (17, 42)),
                                    (Syntax.App (
                                       (("unknown_file", (17, 26), (17, 36)),
                                        (Syntax.Fn "set")),
                                       [],
                                       [(("unknown_file", (17, 32), (17, 35)),
                                         "t1")],
                                       [],
                                       [(("unknown_file", (17, 37), (17, 41)),
                                         (Syntax.Move
                                            (("unknown_file", (17, 37),
                                              (17, 41)),
                                             ("tmp1", []))))
                                         ]
                                       )))
                                   ))),
                               (("unknown_file", (18, 4), (18, 53)),
                                (Syntax.Let ("c2",
                                   (("unknown_file", (18, 12), (18, 16)),
                                    (Syntax.Fun ([], [], [], [],
                                       Syntax.Unboxed,
                                       (("unknown_file", (18, 12), (18, 16)),
                                        (Syntax.BaseTy Syntax.Unit))
                                       ))),
                                   (("unknown_file", (18, 19), (18, 52)),
                                    (Syntax.App (
                                       (("unknown_file", (18, 35), (18, 44)),
                                        (Syntax.Fn "to_fn_mut")),
                                       [(Syntax.EnvOf "c2_tmp")], [], 
                                       [],
                                       [(("unknown_file", (18, 45), (18, 51)),
                                         (Syntax.Move
                                            (("unknown_file", (18, 45),
                                              (18, 51)),
                                             ("c2_tmp", []))))
                                         ]
                                       ))),
                                   (("", (0, 0), (0, 0)),
                                    (Syntax.Seq (
                                       (("unknown_file", (19, 4), (19, 6)),
                                        (Syntax.Move
                                           (("unknown_file", (19, 4), (19, 6)),
                                            ("c1", [])))),
                                       (("unknown_file", (19, 6), (19, 7)),
                                        (Syntax.Prim Syntax.Unit))
                                       )))
                                   )))
                               )))
                           )))
                       )))
                   )))
               )))
           )))));
   (Syntax.FnDef
      ("main", [], [], [], [],
       (("unknown_file", (22, 0), (23, 1)), (Syntax.BaseTy Syntax.Unit)), 
       [], (("unknown_file", (22, 10), (23, 1)), (Syntax.Prim Syntax.Unit))))
   ]
