error: (Syntax.SafetyErr (
          (Syntax.Unique,
           (("unknown_file", (18, 34), (18, 37)),
            ("foo", [(Syntax.Field "bar1")]))),
          (Syntax.Shared,
           (("unknown_file", (17, 25), (17, 28)),
            ("foo", [(Syntax.Field "bar1")])))
          ))
invalid global environment:
 [(Syntax.RecStructDef
     (true, "Foo", [], [],
      [("bar1",
        (("unknown_file", (3, 8), (3, 11)),
         (Syntax.Struct ("Bar", [], [], None))));
        ("bar2",
         (("unknown_file", (4, 8), (4, 11)),
          (Syntax.Struct ("Bar", [], [], None))))
        ]));
   (Syntax.RecStructDef
      (true, "Bar", [], [],
       [("int1",
         (("unknown_file", (9, 8), (9, 13)), (Syntax.BaseTy Syntax.U32)));
         ("int2",
          (("unknown_file", (10, 8), (10, 13)), (Syntax.BaseTy Syntax.U32)))
         ]));
   (Syntax.FnDef
      ("make_foo", [], [], [], [],
       (("unknown_file", (13, 17), (13, 20)),
        (Syntax.Struct ("Foo", [], [], None))),
       [],
       (("unknown_file", (13, 23), (13, 31)),
        (Syntax.Abort "abort: no message provided"))));
   (Syntax.FnDef
      ("borrow_same_field_twice_imm_mut", [], [], [], [],
       (("unknown_file", (15, 0), (20, 1)), (Syntax.BaseTy Syntax.Unit)), 
       [],
       (("unknown_file", (16, 4), (16, 34)),
        (Syntax.Let ("foo",
           (("unknown_file", (16, 17), (16, 20)),
            (Syntax.Struct ("Foo", [], [], None))),
           (("unknown_file", (16, 23), (16, 33)),
            (Syntax.App (
               (("unknown_file", (16, 23), (16, 31)), (Syntax.Fn "make_foo")),
               [], [], []))),
           (("unknown_file", (17, 4), (17, 34)),
            (Syntax.Let ("bar1",
               (("unknown_file", (17, 14), (17, 21)),
                (Syntax.Ref ((("unknown_file", (17, 15), (17, 17)), "a"),
                   Syntax.Shared,
                   (("unknown_file", (17, 18), (17, 21)),
                    (Syntax.Struct ("Bar", [], [], None)))
                   ))),
               (("unknown_file", (17, 24), (17, 33)),
                (Syntax.Borrow ((("unknown_file", (17, 24), (17, 33)), "p2"),
                   Syntax.Shared,
                   (("unknown_file", (17, 25), (17, 28)),
                    ("foo", [(Syntax.Field "bar1")]))
                   ))),
               (("unknown_file", (18, 4), (18, 43)),
                (Syntax.Let ("_bar2",
                   (("unknown_file", (18, 15), (18, 26)),
                    (Syntax.Ref ((("unknown_file", (18, 16), (18, 18)), "b"),
                       Syntax.Unique,
                       (("unknown_file", (18, 23), (18, 26)),
                        (Syntax.Struct ("Bar", [], [], None)))
                       ))),
                   (("unknown_file", (18, 29), (18, 42)),
                    (Syntax.Borrow (
                       (("unknown_file", (18, 29), (18, 42)), "p1"),
                       Syntax.Unique,
                       (("unknown_file", (18, 34), (18, 37)),
                        ("foo", [(Syntax.Field "bar1")]))
                       ))),
                   (("", (0, 0), (0, 0)),
                    (Syntax.Seq (
                       (("unknown_file", (19, 4), (19, 9)),
                        (Syntax.Move
                           (("unknown_file", (19, 5), (19, 9)),
                            ("bar1", [Syntax.Deref])))),
                       (("unknown_file", (19, 9), (19, 10)),
                        (Syntax.Prim Syntax.Unit))
                       )))
                   )))
               )))
           )))));
   (Syntax.FnDef
      ("main", [], [], [], [],
       (("unknown_file", (22, 0), (22, 12)), (Syntax.BaseTy Syntax.Unit)),
       [], (("unknown_file", (22, 10), (22, 12)), (Syntax.Prim Syntax.Unit))))
   ]
