error: (Syntax.SafetyErr (
          (Syntax.Unique,
           (("unknown_file", (20, 33), (20, 34)), ("x", [Syntax.Deref]))),
          (Syntax.Shared,
           (("unknown_file", (18, 29), (18, 30)), ("x", [Syntax.Deref])))
          ))
invalid global environment:
 [(Syntax.FnDef
     ("get", [], [(("unknown_file", (9, 7), (9, 9)), "a")], [],
      [("x",
        (("unknown_file", (9, 14), (9, 23)),
         (Syntax.Ref ((("unknown_file", (9, 15), (9, 17)), "a"),
            Syntax.Shared,
            (("unknown_file", (9, 18), (9, 23)), (Syntax.BaseTy Syntax.U32))
            ))))
        ],
      (("unknown_file", (9, 28), (9, 33)), (Syntax.BaseTy Syntax.U32)), 
      [],
      (("unknown_file", (10, 4), (10, 6)),
       (Syntax.Move
          (("unknown_file", (10, 5), (10, 6)), ("x", [Syntax.Deref]))))));
   (Syntax.FnDef
      ("set", [], [(("unknown_file", (13, 7), (13, 9)), "a")], [],
       [("x",
         (("unknown_file", (13, 14), (13, 27)),
          (Syntax.Ref ((("unknown_file", (13, 15), (13, 17)), "a"),
             Syntax.Unique,
             (("unknown_file", (13, 22), (13, 27)),
              (Syntax.BaseTy Syntax.U32))
             ))))
         ],
       (("unknown_file", (13, 32), (13, 37)), (Syntax.BaseTy Syntax.U32)),
       [],
       (("unknown_file", (14, 4), (14, 6)),
        (Syntax.Move
           (("unknown_file", (14, 5), (14, 6)), ("x", [Syntax.Deref]))))));
   (Syntax.FnDef
      ("b", [], [(("unknown_file", (17, 5), (17, 7)), "a")], [],
       [("x",
         (("unknown_file", (17, 12), (17, 25)),
          (Syntax.Ref ((("unknown_file", (17, 13), (17, 15)), "a"),
             Syntax.Unique,
             (("unknown_file", (17, 20), (17, 25)),
              (Syntax.BaseTy Syntax.U32))
             ))))
         ],
       (("unknown_file", (17, 0), (23, 1)), (Syntax.BaseTy Syntax.Unit)), 
       [],
       (("unknown_file", (18, 4), (18, 31)),
        (Syntax.Let ("tmp0",
           (("unknown_file", (18, 4), (18, 7)), Syntax.Infer),
           (("unknown_file", (18, 15), (18, 30)),
            (Syntax.Borrow ((("unknown_file", (18, 15), (18, 30)), "t0"),
               Syntax.Shared,
               (("unknown_file", (18, 29), (18, 30)), ("x", [Syntax.Deref]))
               ))),
           (("unknown_file", (19, 4), (19, 33)),
            (Syntax.Let ("c1",
               (("unknown_file", (19, 4), (19, 7)), Syntax.Infer),
               (("unknown_file", (19, 13), (19, 32)),
                (Syntax.Fun ([], [], [], None,
                   (("unknown_file", (19, 16), (19, 32)),
                    (Syntax.App (
                       (("unknown_file", (19, 16), (19, 26)),
                        (Syntax.Fn "get")),
                       [], [(("unknown_file", (19, 22), (19, 25)), "t0")],
                       [],
                       [(("unknown_file", (19, 27), (19, 31)),
                         (Syntax.Move
                            (("unknown_file", (19, 27), (19, 31)),
                             ("tmp0", []))))
                         ]
                       )))
                   ))),
               (("unknown_file", (20, 4), (20, 35)),
                (Syntax.Let ("tmp1",
                   (("unknown_file", (20, 4), (20, 7)), Syntax.Infer),
                   (("unknown_file", (20, 15), (20, 34)),
                    (Syntax.Borrow (
                       (("unknown_file", (20, 15), (20, 34)), "t1"),
                       Syntax.Unique,
                       (("unknown_file", (20, 33), (20, 34)),
                        ("x", [Syntax.Deref]))
                       ))),
                   (("unknown_file", (21, 4), (21, 33)),
                    (Syntax.Let ("c2",
                       (("unknown_file", (21, 4), (21, 7)), Syntax.Infer),
                       (("unknown_file", (21, 13), (21, 32)),
                        (Syntax.Fun ([], [], [], None,
                           (("unknown_file", (21, 16), (21, 32)),
                            (Syntax.App (
                               (("unknown_file", (21, 16), (21, 26)),
                                (Syntax.Fn "set")),
                               [],
                               [(("unknown_file", (21, 22), (21, 25)), "t1")],
                               [],
                               [(("unknown_file", (21, 27), (21, 31)),
                                 (Syntax.Move
                                    (("unknown_file", (21, 27), (21, 31)),
                                     ("tmp1", []))))
                                 ]
                               )))
                           ))),
                       (("", (0, 0), (0, 0)),
                        (Syntax.Seq (
                           (("unknown_file", (22, 4), (22, 6)),
                            (Syntax.Move
                               (("unknown_file", (22, 4), (22, 6)),
                                ("c1", [])))),
                           (("unknown_file", (22, 6), (22, 7)),
                            (Syntax.Prim Syntax.Unit))
                           )))
                       )))
                   )))
               )))
           )))));
   (Syntax.FnDef
      ("main", [], [], [], [],
       (("unknown_file", (25, 0), (26, 1)), (Syntax.BaseTy Syntax.Unit)), 
       [], (("unknown_file", (25, 10), (26, 1)), (Syntax.Prim Syntax.Unit))))
   ]
