error: (Syntax.SafetyErr (
          (Syntax.Unique, (("unknown_file", (20, 42), (20, 43)), ("x", []))),
          (Syntax.Unique, (("unknown_file", (18, 38), (18, 39)), ("x", [])))
          ))
invalid global environment:
 [(Syntax.RecStructDef
     (false, "SS", [(("unknown_file", (4, 10), (4, 12)), "a")], [],
      [("pointer",
        (("unknown_file", (5, 13), (5, 26)),
         (Syntax.Ref ((("unknown_file", (5, 14), (5, 16)), "a"),
            Syntax.Unique,
            (("unknown_file", (5, 21), (5, 26)), (Syntax.BaseTy Syntax.U32))
            ))))
        ]));
   (Syntax.FnDef
      ("copy_borrowed_ptr", [], [(("unknown_file", (8, 21), (8, 23)), "a")],
       [],
       [("p",
         (("unknown_file", (8, 28), (8, 42)),
          (Syntax.Ref ((("unknown_file", (8, 29), (8, 31)), "a"),
             Syntax.Unique,
             (("unknown_file", (8, 36), (8, 42)),
              (Syntax.Struct ("SS",
                 [(("unknown_file", (8, 39), (8, 41)), "a")], [], None)))
             ))))
         ],
       (("unknown_file", (8, 47), (8, 53)),
        (Syntax.Struct ("SS", [(("unknown_file", (8, 50), (8, 52)), "a")],
           [], None))),
       [],
       (("unknown_file", (9, 4), (9, 48)),
        (Syntax.Let ("tmp0",
           (("unknown_file", (9, 4), (9, 7)), Syntax.Infer),
           (("unknown_file", (9, 15), (9, 47)),
            (Syntax.Borrow ((("unknown_file", (9, 15), (9, 47)), "t0"),
               Syntax.Unique,
               (("unknown_file", (9, 37), (9, 38)),
                ("p", [Syntax.Deref; (Syntax.Field "pointer"); Syntax.Deref]))
               ))),
           (("unknown_file", (10, 4), (10, 50)),
            (Syntax.Let ("res",
               (("unknown_file", (10, 13), (10, 19)),
                (Syntax.Struct ("SS",
                   [(("unknown_file", (10, 16), (10, 18)), "a")], [], None))),
               (("unknown_file", (10, 22), (10, 49)),
                (Syntax.RecStruct ("SS",
                   [(("unknown_file", (10, 27), (10, 30)), "t0")], [],
                   [("pointer",
                     (("unknown_file", (10, 43), (10, 47)),
                      (Syntax.Move
                         (("unknown_file", (10, 43), (10, 47)), ("tmp0", [])))))
                     ]
                   ))),
               (("unknown_file", (11, 4), (11, 7)),
                (Syntax.Move
                   (("unknown_file", (11, 4), (11, 7)), ("res", []))))
               )))
           )))));
   (Syntax.FnDef
      ("main", [], [], [], [],
       (("unknown_file", (14, 0), (27, 1)), (Syntax.BaseTy Syntax.Unit)), 
       [],
       (("unknown_file", (15, 4), (15, 23)),
        (Syntax.Let ("x",
           (("unknown_file", (15, 15), (15, 18)), (Syntax.BaseTy Syntax.U32)),
           (("unknown_file", (15, 21), (15, 22)),
            (Syntax.Prim (Syntax.Num 1))),
           (("unknown_file", (18, 8), (18, 40)),
            (Syntax.Let ("tmp0",
               (("unknown_file", (18, 18), (18, 30)),
                (Syntax.Ref ((("unknown_file", (18, 19), (18, 22)), "t0"),
                   Syntax.Unique,
                   (("unknown_file", (18, 27), (18, 30)),
                    (Syntax.BaseTy Syntax.U32))
                   ))),
               (("unknown_file", (18, 33), (18, 39)),
                (Syntax.Borrow ((("unknown_file", (18, 33), (18, 39)), "p3"),
                   Syntax.Unique,
                   (("unknown_file", (18, 38), (18, 39)), ("x", []))))),
               (("unknown_file", (19, 8), (19, 48)),
                (Syntax.Let ("y",
                   (("unknown_file", (19, 8), (19, 11)), Syntax.Infer),
                   (("unknown_file", (19, 20), (19, 47)),
                    (Syntax.RecStruct ("SS",
                       [(("unknown_file", (19, 25), (19, 28)), "t0")], 
                       [],
                       [("pointer",
                         (("unknown_file", (19, 41), (19, 45)),
                          (Syntax.Move
                             (("unknown_file", (19, 41), (19, 45)),
                              ("tmp0", [])))))
                         ]
                       ))),
                   (("unknown_file", (20, 8), (20, 44)),
                    (Syntax.Let ("tmp1",
                       (("unknown_file", (20, 18), (20, 34)),
                        (Syntax.Ref (
                           (("unknown_file", (20, 19), (20, 22)), "t1"),
                           Syntax.Unique,
                           (("unknown_file", (20, 27), (20, 34)),
                            (Syntax.Struct ("SS",
                               [(("unknown_file", (20, 30), (20, 33)), "t0")],
                               [], None)))
                           ))),
                       (("unknown_file", (20, 37), (20, 43)),
                        (Syntax.Borrow (
                           (("unknown_file", (20, 37), (20, 43)), "p2"),
                           Syntax.Unique,
                           (("unknown_file", (20, 42), (20, 43)), ("x", []))
                           ))),
                       (("unknown_file", (21, 8), (21, 56)),
                        (Syntax.Let ("z",
                           (("unknown_file", (21, 15), (21, 22)),
                            (Syntax.Struct ("SS",
                               [(("unknown_file", (21, 18), (21, 21)), "t1")],
                               [], None))),
                           (("unknown_file", (21, 25), (21, 55)),
                            (Syntax.App (
                               (("unknown_file", (21, 25), (21, 49)),
                                (Syntax.Fn "copy_borrowed_ptr")),
                               [],
                               [(("unknown_file", (21, 45), (21, 48)), "t1")],
                               [],
                               [(("unknown_file", (21, 50), (21, 54)),
                                 (Syntax.Move
                                    (("unknown_file", (21, 50), (21, 54)),
                                     ("tmp1", []))))
                                 ]
                               ))),
                           (("", (1, 0), (1, 0)),
                            (Syntax.Seq (
                               (("unknown_file", (22, 8), (22, 23)),
                                (Syntax.Assign (
                                   (("unknown_file", (22, 9), (22, 10)),
                                    ("y",
                                     [(Syntax.Field "pointer"); Syntax.Deref])),
                                   (("unknown_file", (22, 8), (22, 23)),
                                    (Syntax.BinOp (Syntax.Add,
                                       (("unknown_file", (22, 8), (22, 18)),
                                        (Syntax.Move
                                           (("unknown_file", (22, 9),
                                             (22, 10)),
                                            ("y",
                                             [(Syntax.Field "pointer");
                                               Syntax.Deref])))),
                                       (("unknown_file", (22, 22), (22, 23)),
                                        (Syntax.Prim (Syntax.Num 1)))
                                       )))
                                   ))),
                               (("", (0, 0), (0, 0)),
                                (Syntax.Seq (
                                   (("unknown_file", (25, 8), (25, 23)),
                                    (Syntax.Assign (
                                       (("unknown_file", (25, 9), (25, 10)),
                                        ("z",
                                         [(Syntax.Field "pointer");
                                           Syntax.Deref])),
                                       (("unknown_file", (25, 8), (25, 23)),
                                        (Syntax.BinOp (Syntax.Add,
                                           (("unknown_file", (25, 8),
                                             (25, 18)),
                                            (Syntax.Move
                                               (("unknown_file", (25, 9),
                                                 (25, 10)),
                                                ("z",
                                                 [(Syntax.Field "pointer");
                                                   Syntax.Deref])))),
                                           (("unknown_file", (25, 22),
                                             (25, 23)),
                                            (Syntax.Prim (Syntax.Num 1)))
                                           )))
                                       ))),
                                   (("unknown_file", (25, 23), (25, 24)),
                                    (Syntax.Prim Syntax.Unit))
                                   )))
                               )))
                           )))
                       )))
                   )))
               )))
           )))))
   ]
