error: (Syntax.SafetyErr (
          (Syntax.Shared, (("unknown_file", (14, 27), (14, 28)), ("p", []))),
          (Syntax.Unique, (("unknown_file", (13, 32), (13, 33)), ("p", [])))
          ))
invalid global environment:
 [(Syntax.RecStructDef
     (false, "Point", [], [],
      [("x", (("unknown_file", (1, 18), (1, 23)), (Syntax.BaseTy Syntax.U32)));
        ("y",
         (("unknown_file", (1, 28), (1, 33)), (Syntax.BaseTy Syntax.U32)))
        ]));
   (Syntax.FnDef
      ("impurem", [], [(("unknown_file", (3, 11), (3, 13)), "a")], [],
       [("p",
         (("unknown_file", (3, 18), (3, 27)),
          (Syntax.Ref ((("unknown_file", (3, 19), (3, 21)), "a"),
             Syntax.Shared,
             (("unknown_file", (3, 22), (3, 27)),
              (Syntax.Struct ("Point", [], [], None)))
             ))))
         ],
       (("unknown_file", (3, 0), (4, 1)), (Syntax.BaseTy Syntax.Unit)), 
       [], (("unknown_file", (3, 29), (4, 1)), (Syntax.Prim Syntax.Unit))));
   (Syntax.FnDef
      ("blockm", [], [(("unknown_file", (6, 10), (6, 12)), "a")], [],
       [("p",
         (("unknown_file", (6, 17), (6, 26)),
          (Syntax.Ref ((("unknown_file", (6, 18), (6, 20)), "a"),
             Syntax.Shared,
             (("unknown_file", (6, 21), (6, 26)),
              (Syntax.Struct ("Point", [], [], None)))
             ))));
         ("f",
          (("unknown_file", (6, 31), (6, 41)),
           (Syntax.Fun ([], [], [], [], (Syntax.Env []),
              (("unknown_file", (6, 39), (6, 41)),
               (Syntax.BaseTy Syntax.Unit))
              ))))
         ],
       (("unknown_file", (6, 0), (6, 50)), (Syntax.BaseTy Syntax.Unit)), 
       [],
       (("unknown_file", (6, 45), (6, 48)),
        (Syntax.App ((("unknown_file", (6, 45), (6, 46)), (Syntax.Fn "f")),
           [], [], [], [])))));
   (Syntax.FnDef
      ("b", [], [], [], [],
       (("unknown_file", (8, 0), (18, 1)), (Syntax.BaseTy Syntax.Unit)), 
       [],
       (("unknown_file", (9, 4), (9, 42)),
        (Syntax.Let ("p",
           (("unknown_file", (9, 15), (9, 20)),
            (Syntax.Struct ("Point", [], [], None))),
           (("unknown_file", (9, 23), (9, 41)),
            (Syntax.RecStruct ("Point", [], [],
               [("x",
                 (("unknown_file", (9, 33), (9, 34)),
                  (Syntax.Prim (Syntax.Num 3))));
                 ("y",
                  (("unknown_file", (9, 39), (9, 40)),
                   (Syntax.Prim (Syntax.Num 4))))
                 ]
               ))),
           (("unknown_file", (13, 4), (13, 34)),
            (Syntax.Let ("l",
               (("unknown_file", (13, 11), (13, 24)),
                (Syntax.Ref ((("unknown_file", (13, 12), (13, 14)), "l"),
                   Syntax.Unique,
                   (("unknown_file", (13, 19), (13, 24)),
                    (Syntax.Struct ("Point", [], [], None)))
                   ))),
               (("unknown_file", (13, 27), (13, 33)),
                (Syntax.Borrow ((("unknown_file", (13, 27), (13, 33)), "p2"),
                   Syntax.Unique,
                   (("unknown_file", (13, 32), (13, 33)), ("p", []))))),
               (("unknown_file", (14, 4), (14, 29)),
                (Syntax.Let ("tmp0",
                   (("unknown_file", (14, 14), (14, 23)),
                    (Syntax.Ref ((("unknown_file", (14, 15), (14, 17)), "a"),
                       Syntax.Shared,
                       (("unknown_file", (14, 18), (14, 23)),
                        (Syntax.Struct ("Point", [], [], None)))
                       ))),
                   (("unknown_file", (14, 26), (14, 28)),
                    (Syntax.Borrow (
                       (("unknown_file", (14, 26), (14, 28)), "p1"),
                       Syntax.Shared,
                       (("unknown_file", (14, 27), (14, 28)), ("p", []))))),
                   (("", (1, 0), (1, 0)),
                    (Syntax.Seq (
                       (("unknown_file", (15, 4), (15, 23)),
                        (Syntax.App (
                           (("unknown_file", (15, 4), (15, 17)),
                            (Syntax.Fn "impurem")),
                           [], [(("unknown_file", (15, 14), (15, 16)), "a")],
                           [],
                           [(("unknown_file", (15, 18), (15, 22)),
                             (Syntax.Move
                                (("unknown_file", (15, 18), (15, 22)),
                                 ("tmp0", []))))
                             ]
                           ))),
                       (("", (0, 0), (0, 0)),
                        (Syntax.Seq (
                           (("unknown_file", (17, 4), (17, 12)),
                            (Syntax.Assign (
                               (("unknown_file", (17, 4), (17, 5)),
                                ("l", [(Syntax.Field "x")])),
                               (("unknown_file", (17, 4), (17, 12)),
                                (Syntax.BinOp (Syntax.Add,
                                   (("unknown_file", (17, 4), (17, 7)),
                                    (Syntax.Move
                                       (("unknown_file", (17, 4), (17, 5)),
                                        ("l", [(Syntax.Field "x")])))),
                                   (("unknown_file", (17, 11), (17, 12)),
                                    (Syntax.Prim (Syntax.Num 1)))
                                   )))
                               ))),
                           (("unknown_file", (17, 12), (17, 13)),
                            (Syntax.Prim Syntax.Unit))
                           )))
                       )))
                   )))
               )))
           )))));
   (Syntax.FnDef
      ("main", [], [], [], [],
       (("unknown_file", (20, 0), (21, 1)), (Syntax.BaseTy Syntax.Unit)), 
       [], (("unknown_file", (20, 10), (21, 1)), (Syntax.Prim Syntax.Unit))))
   ]
