error: (Syntax.SafetyErr (
          (Syntax.Unique, (("unknown_file", (10, 28), (10, 30)), ("t0", []))),
          (Syntax.Shared,
           (("unknown_file", (9, 25), (9, 27)), ("t0", [Syntax.Deref])))
          ))
invalid global environment:
 [(Syntax.FnDef
     ("foo", [], [(("unknown_file", (8, 7), (8, 8)), "x")], [],
      [("t0",
        (("unknown_file", (8, 15), (8, 16)),
         (Syntax.Ref ((("unknown_file", (8, 16), (8, 17)), "x"),
            Syntax.Unique,
            (("unknown_file", (8, 23), (8, 28)), (Syntax.BaseTy Syntax.U32))
            ))))
        ],
      (("unknown_file", (8, 0), (8, 2)), (Syntax.BaseTy Syntax.Unit)), 
      [],
      (("unknown_file", (9, 4), (9, 7)),
       (Syntax.Let ("p",
          (("unknown_file", (9, 11), (9, 12)),
           (Syntax.Ref ((("unknown_file", (9, 12), (9, 13)), "r"),
              Syntax.Shared,
              (("unknown_file", (9, 15), (9, 20)), (Syntax.BaseTy Syntax.U32))
              ))),
          (("unknown_file", (9, 23), (9, 24)),
           (Syntax.Borrow ((("unknown_file", (9, 23), (9, 24)), "p1"),
              Syntax.Shared,
              (("unknown_file", (9, 25), (9, 27)), ("t0", [Syntax.Deref]))))),
          (("unknown_file", (10, 4), (10, 7)),
           (Syntax.Let ("t1",
              (("unknown_file", (10, 12), (10, 13)),
               (Syntax.Ref ((("unknown_file", (10, 13), (10, 14)), "x"),
                  Syntax.Unique,
                  (("unknown_file", (10, 20), (10, 25)),
                   (Syntax.BaseTy Syntax.U32))
                  ))),
              (("unknown_file", (10, 28), (10, 30)),
               (Syntax.Move
                  (("unknown_file", (10, 28), (10, 30)), ("t0", [])))),
              (("", (1, 0), (1, 0)),
               (Syntax.Seq (
                  (("unknown_file", (11, 4), (11, 5)),
                   (Syntax.Assign (
                      (("unknown_file", (11, 5), (11, 7)),
                       ("t1", [Syntax.Deref])),
                      (("unknown_file", (11, 10), (11, 12)),
                       (Syntax.Prim (Syntax.Num 22)))
                      ))),
                  (("", (0, 0), (0, 0)),
                   (Syntax.Seq (
                      (("unknown_file", (12, 4), (12, 11)),
                       (Syntax.App (
                          (("unknown_file", (12, 4), (12, 11)),
                           (Syntax.Fn "use_ref")),
                          [(("unknown_file", (12, 14), (12, 15)), "r")],
                          [(("unknown_file", (12, 18), (12, 23)),
                            (Syntax.BaseTy Syntax.U32))],
                          [(("unknown_file", (12, 25), (12, 26)),
                            (Syntax.Move
                               (("unknown_file", (12, 25), (12, 26)),
                                ("p", []))))
                            ]
                          ))),
                      (("unknown_file", (12, 27), (12, 28)),
                       (Syntax.Prim Syntax.Unit))
                      )))
                  )))
              )))
          )))));
   (Syntax.FnDef
      ("main", [], [], [], [],
       (("unknown_file", (15, 0), (15, 2)), (Syntax.BaseTy Syntax.Unit)), 
       [], (("unknown_file", (15, 10), (16, 1)), (Syntax.Prim Syntax.Unit))));
   (Syntax.FnDef
      ("use_mut", [], [(("unknown_file", (18, 11), (18, 12)), "a")], 
       ["T"],
       [("x",
         (("unknown_file", (18, 21), (18, 22)),
          (Syntax.Ref ((("unknown_file", (18, 22), (18, 23)), "a"),
             Syntax.Unique,
             (("unknown_file", (18, 29), (18, 30)), (Syntax.TyVar "T"))))))
         ],
       (("unknown_file", (18, 0), (18, 2)), (Syntax.BaseTy Syntax.Unit)), 
       [], (("unknown_file", (18, 32), (18, 35)), (Syntax.Prim Syntax.Unit))));
   (Syntax.FnDef
      ("use_ref", [], [(("unknown_file", (18, 47), (18, 48)), "a")], 
       ["T"],
       [("x",
         (("unknown_file", (18, 57), (18, 58)),
          (Syntax.Ref ((("unknown_file", (18, 58), (18, 59)), "a"),
             Syntax.Shared,
             (("unknown_file", (18, 61), (18, 62)), (Syntax.TyVar "T"))))))
         ],
       (("unknown_file", (18, 36), (18, 38)), (Syntax.BaseTy Syntax.Unit)),
       [], (("unknown_file", (18, 64), (18, 67)), (Syntax.Prim Syntax.Unit))))
   ]
