error: (Syntax.PermissionErr (
          (("unknown_file", (7, 12), (7, 29)),
           (Syntax.Ref ((("unknown_file", (7, 13), (7, 15)), "a"),
              Syntax.Shared,
              (("unknown_file", (7, 16), (7, 29)),
               (Syntax.Ref ((("unknown_file", (7, 17), (7, 19)), "a"),
                  Syntax.Unique,
                  (("unknown_file", (7, 24), (7, 29)),
                   (Syntax.BaseTy Syntax.U32))
                  )))
              ))),
          [Syntax.Deref; Syntax.Deref], Syntax.Unique))
invalid global environment:
 [(Syntax.FnDef
     ("foo", [], [(("unknown_file", (6, 7), (6, 9)), "a")], [],
      [("t0",
        (("unknown_file", (6, 15), (6, 32)),
         (Syntax.Ref ((("unknown_file", (6, 16), (6, 18)), "a"),
            Syntax.Shared,
            (("unknown_file", (6, 19), (6, 32)),
             (Syntax.Ref ((("unknown_file", (6, 20), (6, 22)), "a"),
                Syntax.Unique,
                (("unknown_file", (6, 27), (6, 32)),
                 (Syntax.BaseTy Syntax.U32))
                )))
            ))))
        ],
      (("unknown_file", (6, 0), (10, 1)), (Syntax.BaseTy Syntax.Unit)), 
      [],
      (("unknown_file", (7, 4), (7, 35)),
       (Syntax.Let ("t1",
          (("unknown_file", (7, 12), (7, 29)),
           (Syntax.Ref ((("unknown_file", (7, 13), (7, 15)), "a"),
              Syntax.Shared,
              (("unknown_file", (7, 16), (7, 29)),
               (Syntax.Ref ((("unknown_file", (7, 17), (7, 19)), "a"),
                  Syntax.Unique,
                  (("unknown_file", (7, 24), (7, 29)),
                   (Syntax.BaseTy Syntax.U32))
                  )))
              ))),
          (("unknown_file", (7, 32), (7, 34)),
           (Syntax.Move (("unknown_file", (7, 32), (7, 34)), ("t0", [])))),
          (("unknown_file", (8, 4), (8, 29)),
           (Syntax.Let ("p",
              (("unknown_file", (8, 11), (8, 20)),
               (Syntax.Ref ((("unknown_file", (8, 12), (8, 14)), "c"),
                  Syntax.Shared,
                  (("unknown_file", (8, 15), (8, 20)),
                   (Syntax.BaseTy Syntax.U32))
                  ))),
              (("unknown_file", (8, 23), (8, 28)),
               (Syntax.Borrow ((("unknown_file", (8, 23), (8, 28)), "p1"),
                  Syntax.Shared,
                  (("unknown_file", (8, 26), (8, 28)),
                   ("t0", [Syntax.Deref; Syntax.Deref]))
                  ))),
              (("", (0, 0), (0, 0)),
               (Syntax.Seq (
                  (("unknown_file", (9, 4), (9, 13)),
                   (Syntax.Assign (
                      (("unknown_file", (9, 6), (9, 8)),
                       ("t1", [Syntax.Deref; Syntax.Deref])),
                      (("unknown_file", (9, 11), (9, 13)),
                       (Syntax.Prim (Syntax.Num 22)))
                      ))),
                  (("unknown_file", (9, 13), (9, 14)),
                   (Syntax.Prim Syntax.Unit))
                  )))
              )))
          )))));
   (Syntax.FnDef
      ("main", [], [], [], [],
       (("unknown_file", (12, 0), (13, 1)), (Syntax.BaseTy Syntax.Unit)), 
       [], (("unknown_file", (12, 10), (13, 1)), (Syntax.Prim Syntax.Unit))))
   ]
