error: (Syntax.TypeMismatch (
          (("unknown_file", (6, 14), (6, 27)),
           (Syntax.Ref ((("unknown_file", (14, 34), (14, 36)), "t"),
              Syntax.Unique,
              (("unknown_file", (6, 22), (6, 27)), (Syntax.BaseTy Syntax.U32))
              ))),
          (("unknown_file", (13, 13), (13, 22)),
           (Syntax.Ref ((("unknown_file", (13, 14), (13, 16)), "t"),
              Syntax.Shared,
              (("unknown_file", (13, 17), (13, 22)),
               (Syntax.BaseTy Syntax.U32))
              )))
          ))
invalid global environment:
 [(Syntax.FnDef
     ("set", [], [(("unknown_file", (6, 7), (6, 9)), "a")], [],
      [("x",
        (("unknown_file", (6, 14), (6, 27)),
         (Syntax.Ref ((("unknown_file", (6, 15), (6, 17)), "a"),
            Syntax.Unique,
            (("unknown_file", (6, 22), (6, 27)), (Syntax.BaseTy Syntax.U32))
            ))))
        ],
      (("unknown_file", (6, 0), (6, 40)), (Syntax.BaseTy Syntax.Unit)), 
      [],
      (("", (0, 0), (0, 0)),
       (Syntax.Seq (
          (("unknown_file", (6, 31), (6, 37)),
           (Syntax.Assign (
              (("unknown_file", (6, 32), (6, 33)), ("x", [Syntax.Deref])),
              (("unknown_file", (6, 36), (6, 37)),
               (Syntax.Prim (Syntax.Num 5)))
              ))),
          (("unknown_file", (6, 37), (6, 38)), (Syntax.Prim Syntax.Unit)))))));
   (Syntax.FnDef
      ("to_fn", [], [], [],
       [("f",
         (("unknown_file", (8, 12), (8, 16)),
          (Syntax.Fun ([], [], [], [], Syntax.Unboxed,
             (("unknown_file", (8, 12), (8, 16)), (Syntax.BaseTy Syntax.Unit)),
             []))))
         ],
       (("unknown_file", (8, 21), (8, 25)),
        (Syntax.Fun ([], [], [], [], Syntax.Unboxed,
           (("unknown_file", (8, 21), (8, 25)), (Syntax.BaseTy Syntax.Unit)),
           []))),
       [],
       (("unknown_file", (8, 28), (8, 29)),
        (Syntax.Move (("unknown_file", (8, 28), (8, 29)), ("f", []))))));
   (Syntax.FnDef
      ("main", [], [], [], [],
       (("unknown_file", (10, 0), (15, 1)), (Syntax.BaseTy Syntax.Unit)), 
       [],
       (("unknown_file", (12, 4), (12, 25)),
        (Syntax.Let ("y",
           (("unknown_file", (12, 15), (12, 20)), (Syntax.BaseTy Syntax.U32)),
           (("unknown_file", (12, 23), (12, 24)),
            (Syntax.Prim (Syntax.Num 0))),
           (("unknown_file", (13, 4), (13, 28)),
            (Syntax.Let ("tmp",
               (("unknown_file", (13, 13), (13, 22)),
                (Syntax.Ref ((("unknown_file", (13, 14), (13, 16)), "t"),
                   Syntax.Shared,
                   (("unknown_file", (13, 17), (13, 22)),
                    (Syntax.BaseTy Syntax.U32))
                   ))),
               (("unknown_file", (13, 25), (13, 27)),
                (Syntax.Borrow ((("unknown_file", (13, 25), (13, 27)), "p1"),
                   Syntax.Shared,
                   (("unknown_file", (13, 26), (13, 27)), ("y", []))))),
               (("unknown_file", (14, 4), (14, 44)),
                (Syntax.Let ("_g",
                   (("unknown_file", (14, 12), (14, 16)),
                    (Syntax.Fun ([], [], [], [], Syntax.Unboxed,
                       (("unknown_file", (14, 12), (14, 16)),
                        (Syntax.BaseTy Syntax.Unit)),
                       []))),
                   (("unknown_file", (14, 19), (14, 43)),
                    (Syntax.App (
                       (("unknown_file", (14, 19), (14, 24)),
                        (Syntax.Fn "to_fn")),
                       [], [], [],
                       [(("unknown_file", (14, 25), (14, 42)),
                         (Syntax.Fun ([], [], [], None,
                            (("unknown_file", (14, 28), (14, 42)),
                             (Syntax.App (
                                (("unknown_file", (14, 28), (14, 37)),
                                 (Syntax.Fn "set")),
                                [],
                                [(("unknown_file", (14, 34), (14, 36)), "t")],
                                [],
                                [(("unknown_file", (14, 38), (14, 41)),
                                  (Syntax.Move
                                     (("unknown_file", (14, 38), (14, 41)),
                                      ("tmp", []))))
                                  ]
                                )))
                            )))
                         ]
                       ))),
                   (("unknown_file", (14, 43), (14, 44)),
                    (Syntax.Prim Syntax.Unit))
                   )))
               )))
           )))))
   ]
