error: (Syntax.SafetyErr (
          (Syntax.Unique, (("unknown_file", (18, 4), (18, 5)), ("x", []))),
          (Syntax.Shared, (("unknown_file", (16, 27), (16, 28)), ("x", [])))
          ))
invalid global environment:
 [(Syntax.FnDef
     ("get", [], [(("unknown_file", (6, 7), (6, 9)), "a")], [],
      [("x",
        (("unknown_file", (6, 14), (6, 23)),
         (Syntax.Ref ((("unknown_file", (6, 15), (6, 17)), "a"),
            Syntax.Shared,
            (("unknown_file", (6, 18), (6, 23)), (Syntax.BaseTy Syntax.U32))
            ))))
        ],
      (("unknown_file", (6, 28), (6, 33)), (Syntax.BaseTy Syntax.U32)), 
      [],
      (("unknown_file", (7, 4), (7, 6)),
       (Syntax.Move (("unknown_file", (7, 5), (7, 6)), ("x", [Syntax.Deref]))))));
   (Syntax.FnDef
      ("set", [], [(("unknown_file", (10, 7), (10, 9)), "a")], [],
       [("x",
         (("unknown_file", (10, 14), (10, 27)),
          (Syntax.Ref ((("unknown_file", (10, 15), (10, 17)), "a"),
             Syntax.Unique,
             (("unknown_file", (10, 22), (10, 27)),
              (Syntax.BaseTy Syntax.U32))
             ))))
         ],
       (("unknown_file", (10, 0), (12, 1)), (Syntax.BaseTy Syntax.Unit)), 
       [],
       (("", (2, 0), (2, 0)),
        (Syntax.Seq (
           (("unknown_file", (11, 4), (11, 10)),
            (Syntax.Assign (
               (("unknown_file", (11, 5), (11, 6)), ("x", [Syntax.Deref])),
               (("unknown_file", (11, 9), (11, 10)),
                (Syntax.Prim (Syntax.Num 4)))
               ))),
           (("unknown_file", (11, 10), (11, 11)), (Syntax.Prim Syntax.Unit))
           )))));
   (Syntax.FnDef
      ("d", [], [], [], [],
       (("unknown_file", (14, 0), (21, 1)), (Syntax.BaseTy Syntax.Unit)), 
       [],
       (("unknown_file", (15, 4), (15, 25)),
        (Syntax.Let ("x",
           (("unknown_file", (15, 15), (15, 20)), (Syntax.BaseTy Syntax.U32)),
           (("unknown_file", (15, 23), (15, 24)),
            (Syntax.Prim (Syntax.Num 3))),
           (("unknown_file", (16, 4), (16, 29)),
            (Syntax.Let ("tmp0",
               (("unknown_file", (16, 14), (16, 23)),
                (Syntax.Ref ((("unknown_file", (16, 15), (16, 17)), "a"),
                   Syntax.Shared,
                   (("unknown_file", (16, 18), (16, 23)),
                    (Syntax.BaseTy Syntax.U32))
                   ))),
               (("unknown_file", (16, 26), (16, 28)),
                (Syntax.Borrow ((("unknown_file", (16, 26), (16, 28)), "p1"),
                   Syntax.Shared,
                   (("unknown_file", (16, 27), (16, 28)), ("x", []))))),
               (("unknown_file", (17, 4), (17, 43)),
                (Syntax.Let ("c2",
                   (("unknown_file", (17, 12), (17, 25)),
                    (Syntax.Fun ([], [], [], [], Syntax.Unboxed,
                       (("unknown_file", (17, 20), (17, 25)),
                        (Syntax.BaseTy Syntax.U32))
                       ))),
                   (("unknown_file", (17, 28), (17, 42)),
                    (Syntax.Fun ([], [], [], None,
                       (("unknown_file", (17, 31), (17, 42)),
                        (Syntax.BinOp (Syntax.Mul,
                           (("unknown_file", (17, 32), (17, 37)),
                            (Syntax.Move
                               (("unknown_file", (17, 33), (17, 37)),
                                ("tmp0", [Syntax.Deref])))),
                           (("unknown_file", (17, 41), (17, 42)),
                            (Syntax.Prim (Syntax.Num 5)))
                           )))
                       ))),
                   (("", (1, 0), (1, 0)),
                    (Syntax.Seq (
                       (("unknown_file", (18, 4), (18, 9)),
                        (Syntax.Assign (
                           (("unknown_file", (18, 4), (18, 5)), ("x", [])),
                           (("unknown_file", (18, 8), (18, 9)),
                            (Syntax.Prim (Syntax.Num 5)))
                           ))),
                       (("", (0, 0), (0, 0)),
                        (Syntax.Seq (
                           (("unknown_file", (20, 4), (20, 12)),
                            (Syntax.App (
                               (("unknown_file", (20, 4), (20, 8)),
                                (Syntax.Fn "drop")),
                               [], [], [],
                               [(("unknown_file", (20, 9), (20, 11)),
                                 (Syntax.Move
                                    (("unknown_file", (20, 9), (20, 11)),
                                     ("c2", []))))
                                 ]
                               ))),
                           (("unknown_file", (20, 12), (20, 13)),
                            (Syntax.Prim Syntax.Unit))
                           )))
                       )))
                   )))
               )))
           )))));
   (Syntax.FnDef
      ("main", [], [], [], [],
       (("unknown_file", (23, 0), (24, 1)), (Syntax.BaseTy Syntax.Unit)), 
       [], (("unknown_file", (23, 10), (24, 1)), (Syntax.Prim Syntax.Unit))))
   ]
