error: (Syntax.SafetyErr (
          (Syntax.Unique,
           (("unknown_file", (15, 36), (15, 37)), ("x", [Syntax.Deref]))),
          (Syntax.Unique,
           (("unknown_file", (13, 36), (13, 37)), ("x", [Syntax.Deref])))
          ))
invalid global environment:
 [(Syntax.FnDef
     ("get", [], [(("unknown_file", (4, 7), (4, 9)), "a")], [],
      [("x",
        (("unknown_file", (4, 14), (4, 23)),
         (Syntax.Ref ((("unknown_file", (4, 15), (4, 17)), "a"),
            Syntax.Shared,
            (("unknown_file", (4, 18), (4, 23)), (Syntax.BaseTy Syntax.U32))
            ))))
        ],
      (("unknown_file", (4, 28), (4, 33)), (Syntax.BaseTy Syntax.U32)), 
      [],
      (("unknown_file", (5, 4), (5, 6)),
       (Syntax.Move (("unknown_file", (5, 5), (5, 6)), ("x", [Syntax.Deref]))))));
   (Syntax.FnDef
      ("set", [], [(("unknown_file", (8, 7), (8, 9)), "a")], [],
       [("x",
         (("unknown_file", (8, 14), (8, 27)),
          (Syntax.Ref ((("unknown_file", (8, 15), (8, 17)), "a"),
             Syntax.Unique,
             (("unknown_file", (8, 22), (8, 27)), (Syntax.BaseTy Syntax.U32))
             ))))
         ],
       (("unknown_file", (8, 0), (10, 1)), (Syntax.BaseTy Syntax.Unit)), 
       [],
       (("", (2, 0), (2, 0)),
        (Syntax.Seq (
           (("unknown_file", (9, 4), (9, 10)),
            (Syntax.Assign (
               (("unknown_file", (9, 5), (9, 6)), ("x", [Syntax.Deref])),
               (("unknown_file", (9, 9), (9, 10)),
                (Syntax.Prim (Syntax.Num 4)))
               ))),
           (("unknown_file", (9, 10), (9, 11)), (Syntax.Prim Syntax.Unit)))))));
   (Syntax.FnDef
      ("a", [], [(("unknown_file", (12, 5), (12, 7)), "a")], [],
       [("x",
         (("unknown_file", (12, 12), (12, 25)),
          (Syntax.Ref ((("unknown_file", (12, 13), (12, 15)), "a"),
             Syntax.Unique,
             (("unknown_file", (12, 20), (12, 25)),
              (Syntax.BaseTy Syntax.U32))
             ))))
         ],
       (("unknown_file", (12, 0), (19, 1)), (Syntax.BaseTy Syntax.Unit)), 
       [],
       (("unknown_file", (13, 4), (13, 38)),
        (Syntax.Let ("tmp0",
           (("unknown_file", (13, 14), (13, 27)),
            (Syntax.Ref ((("unknown_file", (13, 15), (13, 17)), "b"),
               Syntax.Unique,
               (("unknown_file", (13, 22), (13, 27)),
                (Syntax.BaseTy Syntax.U32))
               ))),
           (("unknown_file", (13, 30), (13, 37)),
            (Syntax.Borrow ((("unknown_file", (13, 30), (13, 37)), "p2"),
               Syntax.Unique,
               (("unknown_file", (13, 36), (13, 37)), ("x", [Syntax.Deref]))
               ))),
           (("unknown_file", (14, 4), (14, 48)),
            (Syntax.Let ("c1",
               (("unknown_file", (14, 16), (14, 26)),
                (Syntax.Fun ([], [], [], [], (Syntax.Env []),
                   (("unknown_file", (14, 24), (14, 26)),
                    (Syntax.BaseTy Syntax.Unit))
                   ))),
               (("unknown_file", (14, 29), (14, 47)),
                (Syntax.Fun ([], [], [], None,
                   (("unknown_file", (14, 32), (14, 47)),
                    (Syntax.App (
                       (("unknown_file", (14, 32), (14, 41)),
                        (Syntax.Fn "set")),
                       [(("unknown_file", (14, 38), (14, 40)), "b")], 
                       [],
                       [(("unknown_file", (14, 42), (14, 46)),
                         (Syntax.Move
                            (("unknown_file", (14, 42), (14, 46)),
                             ("tmp0", []))))
                         ]
                       )))
                   ))),
               (("unknown_file", (15, 4), (15, 38)),
                (Syntax.Let ("tmp1",
                   (("unknown_file", (15, 14), (15, 27)),
                    (Syntax.Ref ((("unknown_file", (15, 15), (15, 17)), "c"),
                       Syntax.Unique,
                       (("unknown_file", (15, 22), (15, 27)),
                        (Syntax.BaseTy Syntax.U32))
                       ))),
                   (("unknown_file", (15, 30), (15, 37)),
                    (Syntax.Borrow (
                       (("unknown_file", (15, 30), (15, 37)), "p1"),
                       Syntax.Unique,
                       (("unknown_file", (15, 36), (15, 37)),
                        ("x", [Syntax.Deref]))
                       ))),
                   (("unknown_file", (16, 4), (16, 48)),
                    (Syntax.Let ("c2",
                       (("unknown_file", (16, 16), (16, 26)),
                        (Syntax.Fun ([], [], [], [], (Syntax.Env []),
                           (("unknown_file", (16, 24), (16, 26)),
                            (Syntax.BaseTy Syntax.Unit))
                           ))),
                       (("unknown_file", (16, 29), (16, 47)),
                        (Syntax.Fun ([], [], [], None,
                           (("unknown_file", (16, 32), (16, 47)),
                            (Syntax.App (
                               (("unknown_file", (16, 32), (16, 41)),
                                (Syntax.Fn "set")),
                               [(("unknown_file", (16, 38), (16, 40)), "c")],
                               [],
                               [(("unknown_file", (16, 42), (16, 46)),
                                 (Syntax.Move
                                    (("unknown_file", (16, 42), (16, 46)),
                                     ("tmp1", []))))
                                 ]
                               )))
                           ))),
                       (("", (1, 0), (1, 0)),
                        (Syntax.Seq (
                           (("unknown_file", (18, 4), (18, 8)),
                            (Syntax.App (
                               (("unknown_file", (18, 4), (18, 6)),
                                (Syntax.Fn "c2")),
                               [], [], []))),
                           (("", (0, 0), (0, 0)),
                            (Syntax.Seq (
                               (("unknown_file", (18, 10), (18, 14)),
                                (Syntax.App (
                                   (("unknown_file", (18, 10), (18, 12)),
                                    (Syntax.Fn "c1")),
                                   [], [], []))),
                               (("unknown_file", (18, 14), (18, 15)),
                                (Syntax.Prim Syntax.Unit))
                               )))
                           )))
                       )))
                   )))
               )))
           )))));
   (Syntax.FnDef
      ("main", [], [], [], [],
       (("unknown_file", (21, 0), (22, 1)), (Syntax.BaseTy Syntax.Unit)), 
       [], (("unknown_file", (21, 10), (22, 1)), (Syntax.Prim Syntax.Unit))))
   ]
