error: (Syntax.SafetyErr (
          (Syntax.Unique, (("unknown_file", (25, 39), (25, 40)), ("x", []))),
          (Syntax.Unique, (("unknown_file", (18, 39), (18, 40)), ("x", [])))
          ))
invalid global environment:
 [(Syntax.FnDef
     ("get", [(("unknown_file", (6, 7), (6, 8)), "a")], [],
      [("x",
        (("unknown_file", (6, 14), (6, 15)),
         (Syntax.Ref ((("unknown_file", (6, 15), (6, 16)), "a"),
            Syntax.Shared,
            (("unknown_file", (6, 18), (6, 23)), (Syntax.BaseTy Syntax.U32))
            ))))
        ],
      (("unknown_file", (6, 28), (6, 33)), (Syntax.BaseTy Syntax.U32)), 
      [],
      (("unknown_file", (7, 4), (7, 5)),
       (Syntax.Move (("unknown_file", (7, 5), (7, 6)), ("x", [Syntax.Deref]))))));
   (Syntax.FnDef
      ("set", [(("unknown_file", (10, 7), (10, 8)), "a")], [],
       [("x",
         (("unknown_file", (10, 14), (10, 15)),
          (Syntax.Ref ((("unknown_file", (10, 15), (10, 16)), "a"),
             Syntax.Unique,
             (("unknown_file", (10, 22), (10, 27)),
              (Syntax.BaseTy Syntax.U32))
             ))))
         ],
       (("unknown_file", (10, 0), (10, 2)), (Syntax.BaseTy Syntax.Unit)), 
       [],
       (("", (1, 0), (1, 0)),
        (Syntax.Seq (
           (("unknown_file", (11, 4), (11, 5)),
            (Syntax.Assign (
               (("unknown_file", (11, 5), (11, 6)), ("x", [Syntax.Deref])),
               (("unknown_file", (11, 9), (11, 10)),
                (Syntax.Prim (Syntax.Num 4)))
               ))),
           (("unknown_file", (11, 10), (11, 11)), (Syntax.Prim Syntax.Unit))
           )))));
   (Syntax.FnDef
      ("a", [], [], [],
       (("unknown_file", (14, 0), (14, 2)), (Syntax.BaseTy Syntax.Unit)), 
       [],
       (("unknown_file", (15, 4), (15, 7)),
        (Syntax.Let ("x",
           (("unknown_file", (15, 15), (15, 20)), (Syntax.BaseTy Syntax.U32)),
           (("unknown_file", (15, 23), (15, 24)),
            (Syntax.Prim (Syntax.Num 3))),
           (("unknown_file", (17, 4), (17, 7)),
            (Syntax.Let ("c1",
               (("unknown_file", (17, 12), (17, 14)),
                (Syntax.Fun ([], [], [], [],
                   (("unknown_file", (17, 20), (17, 22)),
                    (Syntax.BaseTy Syntax.Unit))
                   ))),
               (("unknown_file", (18, 8), (18, 11)),
                (Syntax.Let ("tmp0",
                   (("unknown_file", (18, 18), (18, 19)),
                    (Syntax.Ref ((("unknown_file", (18, 19), (18, 20)), "a"),
                       Syntax.Unique,
                       (("unknown_file", (18, 26), (18, 31)),
                        (Syntax.BaseTy Syntax.U32))
                       ))),
                   (("unknown_file", (18, 34), (18, 35)),
                    (Syntax.Borrow (
                       (("unknown_file", (18, 34), (18, 35)), "p2"),
                       Syntax.Unique,
                       (("unknown_file", (18, 39), (18, 40)), ("x", []))))),
                   (("unknown_file", (19, 8), (19, 9)),
                    (Syntax.Fun ([], [], [], None,
                       (("unknown_file", (20, 12), (20, 15)),
                        (Syntax.Let ("tmp1",
                           (("unknown_file", (20, 22), (20, 23)),
                            (Syntax.Ref (
                               (("unknown_file", (20, 23), (20, 24)), "b"),
                               Syntax.Unique,
                               (("unknown_file", (20, 30), (20, 35)),
                                (Syntax.BaseTy Syntax.U32))
                               ))),
                           (("unknown_file", (20, 38), (20, 42)),
                            (Syntax.Move
                               (("unknown_file", (20, 38), (20, 42)),
                                ("tmp0", [])))),
                           (("unknown_file", (21, 12), (21, 13)),
                            (Syntax.Assign (
                               (("unknown_file", (21, 13), (21, 17)),
                                ("tmp1", [Syntax.Deref])),
                               (("unknown_file", (21, 20), (21, 21)),
                                (Syntax.Prim (Syntax.Num 4)))
                               )))
                           )))
                       )))
                   ))),
               (("unknown_file", (24, 4), (24, 7)),
                (Syntax.Let ("c2",
                   (("unknown_file", (24, 12), (24, 14)),
                    (Syntax.Fun ([], [], [], [],
                       (("unknown_file", (24, 20), (24, 25)),
                        (Syntax.BaseTy Syntax.U32))
                       ))),
                   (("unknown_file", (25, 8), (25, 11)),
                    (Syntax.Let ("tmp0",
                       (("unknown_file", (25, 18), (25, 19)),
                        (Syntax.Ref (
                           (("unknown_file", (25, 19), (25, 20)), "c"),
                           Syntax.Unique,
                           (("unknown_file", (25, 26), (25, 31)),
                            (Syntax.BaseTy Syntax.U32))
                           ))),
                       (("unknown_file", (25, 34), (25, 35)),
                        (Syntax.Borrow (
                           (("unknown_file", (25, 34), (25, 35)), "p1"),
                           Syntax.Unique,
                           (("unknown_file", (25, 39), (25, 40)), ("x", []))
                           ))),
                       (("unknown_file", (26, 8), (26, 9)),
                        (Syntax.Fun ([], [], [], None,
                           (("unknown_file", (27, 12), (27, 15)),
                            (Syntax.Let ("tmp1",
                               (("unknown_file", (27, 22), (27, 23)),
                                (Syntax.Ref (
                                   (("unknown_file", (27, 23), (27, 24)), "d"),
                                   Syntax.Unique,
                                   (("unknown_file", (27, 30), (27, 35)),
                                    (Syntax.BaseTy Syntax.U32))
                                   ))),
                               (("unknown_file", (27, 38), (27, 42)),
                                (Syntax.Move
                                   (("unknown_file", (27, 38), (27, 42)),
                                    ("tmp0", [])))),
                               (("unknown_file", (28, 12), (28, 13)),
                                (Syntax.BinOp (Syntax.Mul,
                                   (("unknown_file", (28, 12), (28, 13)),
                                    (Syntax.Move
                                       (("unknown_file", (28, 13), (28, 17)),
                                        ("tmp1", [Syntax.Deref])))),
                                   (("unknown_file", (28, 20), (28, 21)),
                                    (Syntax.Prim (Syntax.Num 5)))
                                   )))
                               )))
                           )))
                       ))),
                   (("", (0, 0), (0, 0)),
                    (Syntax.Seq (
                       (("unknown_file", (32, 4), (32, 8)),
                        (Syntax.App (
                           (("unknown_file", (32, 4), (32, 8)),
                            (Syntax.Fn "drop")),
                           [],
                           [(("unknown_file", (32, 11), (32, 13)),
                             (Syntax.Fun ([], [], [], [],
                                (("unknown_file", (32, 19), (32, 21)),
                                 (Syntax.BaseTy Syntax.Unit))
                                )))
                             ],
                           [(("unknown_file", (32, 23), (32, 25)),
                             (Syntax.Move
                                (("unknown_file", (32, 23), (32, 25)),
                                 ("c1", []))))
                             ]
                           ))),
                       (("unknown_file", (32, 26), (32, 27)),
                        (Syntax.Prim Syntax.Unit))
                       )))
                   )))
               )))
           )))));
   (Syntax.FnDef
      ("main", [], [], [],
       (("unknown_file", (35, 0), (35, 2)), (Syntax.BaseTy Syntax.Unit)), 
       [], (("unknown_file", (35, 10), (36, 1)), (Syntax.Prim Syntax.Unit))))
   ]
