error: (Syntax.PermissionErr (
          (("unknown_file", (8, 12), (8, 22)),
           (Syntax.Ref ((("unknown_file", (8, 13), (8, 15)), "a"),
              Syntax.Shared,
              (("unknown_file", (8, 16), (8, 22)),
               (Syntax.Struct ("SS",
                  [(("unknown_file", (8, 19), (8, 21)), "a")], [],
                  (Some (("<inferred>", (-1, -1), (-1, -1)),
                         (Syntax.Rec
                            [("pointer",
                              (("unknown_file", (5, 13), (5, 26)),
                               (Syntax.Ref (
                                  (("unknown_file", (8, 19), (8, 21)), "a"),
                                  Syntax.Unique,
                                  (("unknown_file", (5, 21), (5, 26)),
                                   (Syntax.BaseTy Syntax.U32))
                                  ))))
                              ])))
                  )))
              ))),
          [Syntax.Deref; (Syntax.Field "pointer"); Syntax.Deref],
          Syntax.Unique))
invalid global environment:
 [(Syntax.RecStructDef
     (false, "SS", [(("unknown_file", (4, 10), (4, 12)), "a")], [],
      [("pointer",
        (("unknown_file", (5, 13), (5, 26)),
         (Syntax.Ref ((("unknown_file", (5, 14), (5, 16)), "a"),
            Syntax.Unique,
            (("unknown_file", (5, 21), (5, 26)), (Syntax.BaseTy Syntax.U32))
            ))))
        ]));
   (Syntax.FnDef
      ("a", [], [(("unknown_file", (8, 5), (8, 7)), "a")], [],
       [("s",
         (("unknown_file", (8, 12), (8, 22)),
          (Syntax.Ref ((("unknown_file", (8, 13), (8, 15)), "a"),
             Syntax.Shared,
             (("unknown_file", (8, 16), (8, 22)),
              (Syntax.Struct ("SS",
                 [(("unknown_file", (8, 19), (8, 21)), "a")], [], None)))
             ))))
         ],
       (("unknown_file", (8, 0), (10, 1)), (Syntax.BaseTy Syntax.Unit)), 
       [],
       (("", (0, 0), (0, 0)),
        (Syntax.Seq (
           (("unknown_file", (9, 4), (9, 22)),
            (Syntax.Assign (
               (("unknown_file", (9, 7), (9, 8)),
                ("s", [Syntax.Deref; (Syntax.Field "pointer"); Syntax.Deref])),
               (("unknown_file", (9, 4), (9, 22)),
                (Syntax.BinOp (Syntax.Add,
                   (("unknown_file", (9, 4), (9, 17)),
                    (Syntax.Move
                       (("unknown_file", (9, 7), (9, 8)),
                        ("s",
                         [Syntax.Deref; (Syntax.Field "pointer");
                           Syntax.Deref])))),
                   (("unknown_file", (9, 21), (9, 22)),
                    (Syntax.Prim (Syntax.Num 1)))
                   )))
               ))),
           (("unknown_file", (9, 22), (9, 23)), (Syntax.Prim Syntax.Unit)))))));
   (Syntax.FnDef
      ("main", [], [], [], [],
       (("unknown_file", (12, 0), (12, 12)), (Syntax.BaseTy Syntax.Unit)),
       [], (("unknown_file", (12, 10), (12, 12)), (Syntax.Prim Syntax.Unit))))
   ]
