valid global environment:
 [(Syntax.RecStructDef
     (true, "Foo", [], [],
      [("bar1",
        (("unknown_file", (3, 8), (3, 11)),
         (Syntax.Struct ("Bar", [], [], None))));
        ("bar2",
         (("unknown_file", (4, 8), (4, 11)),
          (Syntax.Struct ("Bar", [], [], None))))
        ]));
   (Syntax.RecStructDef
      (true, "Bar", [], [],
       [("int1",
         (("unknown_file", (9, 8), (9, 13)), (Syntax.BaseTy Syntax.U32)));
         ("int2",
          (("unknown_file", (10, 8), (10, 13)), (Syntax.BaseTy Syntax.U32)))
         ]));
   (Syntax.FnDef
      ("make_foo", [], [], [], [],
       (("unknown_file", (13, 17), (13, 20)),
        (Syntax.Struct ("Foo", [], [], None))),
       [],
       (("unknown_file", (13, 23), (13, 28)),
        (Syntax.Abort "abort: no message provided"))));
   (Syntax.FnDef
      ("borrow_mut_and_imm", [], [], [], [],
       (("unknown_file", (15, 0), (15, 2)), (Syntax.BaseTy Syntax.Unit)), 
       [],
       (("unknown_file", (16, 4), (16, 7)),
        (Syntax.Let ("foo",
           (("unknown_file", (16, 17), (16, 20)),
            (Syntax.Struct ("Foo", [], [], None))),
           (("unknown_file", (16, 23), (16, 31)),
            (Syntax.App (
               (("unknown_file", (16, 23), (16, 31)), (Syntax.Fn "make_foo")),
               [], [], []))),
           (("unknown_file", (17, 4), (17, 7)),
            (Syntax.Let ("bar1",
               (("unknown_file", (17, 14), (17, 15)),
                (Syntax.Ref ((("unknown_file", (17, 15), (17, 16)), "a"),
                   Syntax.Unique,
                   (("unknown_file", (17, 22), (17, 25)),
                    (Syntax.Struct ("Bar", [], [], None)))
                   ))),
               (("unknown_file", (17, 28), (17, 29)),
                (Syntax.Borrow ((("unknown_file", (17, 28), (17, 29)), "p2"),
                   Syntax.Unique,
                   (("unknown_file", (17, 33), (17, 36)),
                    ("foo", [(Syntax.Field "bar1")]))
                   ))),
               (("unknown_file", (18, 4), (18, 7)),
                (Syntax.Let ("_foo1",
                   (("unknown_file", (18, 15), (18, 16)),
                    (Syntax.Ref ((("unknown_file", (18, 16), (18, 17)), "b"),
                       Syntax.Shared,
                       (("unknown_file", (18, 19), (18, 22)),
                        (Syntax.Struct ("Bar", [], [], None)))
                       ))),
                   (("unknown_file", (18, 25), (18, 26)),
                    (Syntax.Borrow (
                       (("unknown_file", (18, 25), (18, 26)), "p1"),
                       Syntax.Shared,
                       (("unknown_file", (18, 26), (18, 29)),
                        ("foo", [(Syntax.Field "bar2")]))
                       ))),
                   (("", (0, 0), (0, 0)),
                    (Syntax.Seq (
                       (("unknown_file", (19, 4), (19, 5)),
                        (Syntax.Move
                           (("unknown_file", (19, 5), (19, 9)),
                            ("bar1", [Syntax.Deref])))),
                       (("unknown_file", (19, 9), (19, 10)),
                        (Syntax.Prim Syntax.Unit))
                       )))
                   )))
               )))
           )))));
   (Syntax.FnDef
      ("main", [], [], [], [],
       (("unknown_file", (22, 0), (22, 2)), (Syntax.BaseTy Syntax.Unit)), 
       [], (("unknown_file", (22, 10), (22, 12)), (Syntax.Prim Syntax.Unit))))
   ]
