valid global environment:
 [(Syntax.RecStructDef
     (true, "Foo", [], [],
      [("bar1",
        (("unknown_file", (3, 8), (3, 11)),
         (Syntax.Struct ("Bar", [], [], None))));
        ("bar2",
         (("unknown_file", (4, 8), (4, 11)),
          (Syntax.Struct ("Bar", [], [], None))))
        ]));
   (Syntax.RecStructDef
      (true, "Bar", [], [],
       [("int1",
         (("unknown_file", (9, 8), (9, 13)), (Syntax.BaseTy Syntax.U32)));
         ("int2",
          (("unknown_file", (10, 8), (10, 13)), (Syntax.BaseTy Syntax.U32)))
         ]));
   (Syntax.FnDef
      ("make_foo", [], [], [], [],
       (("unknown_file", (13, 17), (13, 20)),
        (Syntax.Struct ("Foo", [], [], None))),
       [],
       (("unknown_file", (13, 23), (13, 31)),
        (Syntax.Abort "abort: no message provided"))));
   (Syntax.FnDef
      ("borrow_imm_and_base_imm", [], [], [], [],
       (("unknown_file", (15, 0), (21, 1)), (Syntax.BaseTy Syntax.Unit)), 
       [],
       (("unknown_file", (16, 4), (16, 34)),
        (Syntax.Let ("foo",
           (("unknown_file", (16, 17), (16, 20)),
            (Syntax.Struct ("Foo", [], [], None))),
           (("unknown_file", (16, 23), (16, 33)),
            (Syntax.App (
               (("unknown_file", (16, 23), (16, 31)), (Syntax.Fn "make_foo")),
               [], [], [], []))),
           (("unknown_file", (17, 4), (17, 41)),
            (Syntax.Let ("bar1",
               (("unknown_file", (17, 14), (17, 23)),
                (Syntax.Ref ((("unknown_file", (17, 15), (17, 17)), "a"),
                   Syntax.Shared,
                   (("unknown_file", (17, 18), (17, 23)),
                    (Syntax.BaseTy Syntax.U32))
                   ))),
               (("unknown_file", (17, 26), (17, 40)),
                (Syntax.Borrow ((("unknown_file", (17, 26), (17, 40)), "p3"),
                   Syntax.Shared,
                   (("unknown_file", (17, 27), (17, 30)),
                    ("foo", [(Syntax.Field "bar1"); (Syntax.Field "int1")]))
                   ))),
               (("unknown_file", (18, 4), (18, 35)),
                (Syntax.Let ("_foo1",
                   (("unknown_file", (18, 15), (18, 22)),
                    (Syntax.Ref ((("unknown_file", (18, 16), (18, 18)), "b"),
                       Syntax.Shared,
                       (("unknown_file", (18, 19), (18, 22)),
                        (Syntax.Struct ("Bar", [], [], None)))
                       ))),
                   (("unknown_file", (18, 25), (18, 34)),
                    (Syntax.Borrow (
                       (("unknown_file", (18, 25), (18, 34)), "p2"),
                       Syntax.Shared,
                       (("unknown_file", (18, 26), (18, 29)),
                        ("foo", [(Syntax.Field "bar1")]))
                       ))),
                   (("unknown_file", (19, 4), (19, 30)),
                    (Syntax.Let ("_foo2",
                       (("unknown_file", (19, 15), (19, 22)),
                        (Syntax.Ref (
                           (("unknown_file", (19, 16), (19, 18)), "c"),
                           Syntax.Shared,
                           (("unknown_file", (19, 19), (19, 22)),
                            (Syntax.Struct ("Foo", [], [], None)))
                           ))),
                       (("unknown_file", (19, 25), (19, 29)),
                        (Syntax.Borrow (
                           (("unknown_file", (19, 25), (19, 29)), "p1"),
                           Syntax.Shared,
                           (("unknown_file", (19, 26), (19, 29)), ("foo", []))
                           ))),
                       (("", (0, 0), (0, 0)),
                        (Syntax.Seq (
                           (("unknown_file", (20, 4), (20, 9)),
                            (Syntax.Move
                               (("unknown_file", (20, 5), (20, 9)),
                                ("bar1", [Syntax.Deref])))),
                           (("unknown_file", (20, 9), (20, 10)),
                            (Syntax.Prim Syntax.Unit))
                           )))
                       )))
                   )))
               )))
           )))));
   (Syntax.FnDef
      ("main", [], [], [], [],
       (("unknown_file", (23, 0), (23, 12)), (Syntax.BaseTy Syntax.Unit)),
       [], (("unknown_file", (23, 10), (23, 12)), (Syntax.Prim Syntax.Unit))))
   ]
