error: (Syntax.PartiallyMovedExprPath (
          (("unknown_file", (10, 19), (10, 28)),
           (Syntax.Tup
              [(("unknown_file", (10, 20), (10, 22)),
                (Syntax.Struct ("Sn", [], [],
                   (Some (("<inferred>", (-1, -1), (-1, -1)),
                          (Syntax.Tup
                             [(("unknown_file", (3, 10), (3, 13)),
                               (Syntax.BaseTy Syntax.U32))])))
                   )));
                (("unknown_file", (10, 24), (10, 27)),
                 (Syntax.BaseTy Syntax.U32))
                ])),
          [(Syntax.Index 0)]))
invalid global environment:
 [(Syntax.TupStructDef
     (false, "Sn", [], [],
      [(("unknown_file", (3, 10), (3, 13)), (Syntax.BaseTy Syntax.U32))]));
   (Syntax.TupStructDef
      (false, "Tpair", [], [],
       [(("unknown_file", (5, 13), (5, 15)),
         (Syntax.Struct ("Sn", [], [], None)));
         (("unknown_file", (5, 17), (5, 20)), (Syntax.BaseTy Syntax.U32))]));
   (Syntax.RecStructDef
      (false, "Spair", [], [],
       [("x",
         (("unknown_file", (6, 18), (6, 20)),
          (Syntax.Struct ("Sn", [], [], None))));
         ("y",
          (("unknown_file", (6, 25), (6, 28)), (Syntax.BaseTy Syntax.U32)))
         ]));
   (Syntax.FnDef
      ("main", [], [], [], [],
       (("unknown_file", (8, 0), (8, 2)), (Syntax.BaseTy Syntax.Unit)), 
       [],
       (("unknown_file", (10, 8), (10, 11)),
        (Syntax.Let ("t",
           (("unknown_file", (10, 19), (10, 28)),
            (Syntax.Tup
               [(("unknown_file", (10, 20), (10, 22)),
                 (Syntax.Struct ("Sn", [], [], None)));
                 (("unknown_file", (10, 24), (10, 27)),
                  (Syntax.BaseTy Syntax.U32))
                 ])),
           (("unknown_file", (10, 31), (10, 41)),
            (Syntax.Tup
               [(("unknown_file", (10, 32), (10, 34)),
                 (Syntax.TupStruct ("Sn", [], [],
                    [(("unknown_file", (10, 35), (10, 36)),
                      (Syntax.Prim (Syntax.Num 0)))]
                    )));
                 (("unknown_file", (10, 39), (10, 40)),
                  (Syntax.Prim (Syntax.Num 0)))
                 ])),
           (("", (2, 0), (2, 0)),
            (Syntax.Seq (
               (("unknown_file", (11, 8), (11, 12)),
                (Syntax.App (
                   (("unknown_file", (11, 8), (11, 12)), (Syntax.Fn "drop")),
                   [],
                   [(("unknown_file", (11, 15), (11, 24)),
                     (Syntax.Tup
                        [(("unknown_file", (11, 16), (11, 18)),
                          (Syntax.Struct ("Sn", [], [], None)));
                          (("unknown_file", (11, 20), (11, 23)),
                           (Syntax.BaseTy Syntax.U32))
                          ]))
                     ],
                   [(("unknown_file", (11, 26), (11, 27)),
                     (Syntax.Move
                        (("unknown_file", (11, 26), (11, 27)), ("t", []))))
                     ]
                   ))),
               (("", (1, 0), (1, 0)),
                (Syntax.Seq (
                   (("unknown_file", (12, 8), (12, 9)),
                    (Syntax.Assign (
                       (("unknown_file", (12, 8), (12, 9)),
                        ("t", [(Syntax.Index 0)])),
                       (("unknown_file", (12, 14), (12, 16)),
                        (Syntax.TupStruct ("Sn", [], [],
                           [(("unknown_file", (12, 17), (12, 18)),
                             (Syntax.Prim (Syntax.Num 1)))]
                           )))
                       ))),
                   (("", (0, 0), (0, 0)),
                    (Syntax.Seq (
                       (("unknown_file", (14, 8), (14, 9)),
                        (Syntax.Assign (
                           (("unknown_file", (14, 8), (14, 9)),
                            ("t", [(Syntax.Index 1)])),
                           (("unknown_file", (14, 14), (14, 15)),
                            (Syntax.Prim (Syntax.Num 2)))
                           ))),
                       (("unknown_file", (14, 15), (14, 16)),
                        (Syntax.Prim Syntax.Unit))
                       )))
                   )))
               )))
           )))))
   ]
