error: (Syntax.SafetyErr (
          (Syntax.Unique, (("unknown_file", (11, 8), (11, 9)), ("x", []))),
          (Syntax.Shared, (("unknown_file", (7, 22), (7, 23)), ("x", [])))))
invalid global environment:
 [(Syntax.FnDef
     ("foo", [], [(("unknown_file", (5, 7), (5, 9)), "a")], [],
      [("x",
        (("unknown_file", (5, 14), (5, 25)),
         (Syntax.Ref ((("unknown_file", (5, 15), (5, 17)), "a"),
            Syntax.Unique,
            (("unknown_file", (5, 22), (5, 25)), (Syntax.BaseTy Syntax.U32))
            ))))
        ],
      (("unknown_file", (5, 30), (5, 33)), (Syntax.BaseTy Syntax.U32)), 
      [],
      (("unknown_file", (6, 4), (6, 24)),
       (Syntax.Let ("x",
          (("unknown_file", (6, 15), (6, 18)), (Syntax.BaseTy Syntax.U32)),
          (("unknown_file", (6, 21), (6, 23)), (Syntax.Prim (Syntax.Num 22))),
          (("unknown_file", (7, 4), (7, 24)),
           (Syntax.Let ("y",
              (("unknown_file", (7, 11), (7, 18)),
               (Syntax.Ref ((("unknown_file", (7, 12), (7, 14)), "b"),
                  Syntax.Shared,
                  (("unknown_file", (7, 15), (7, 18)),
                   (Syntax.BaseTy Syntax.U32))
                  ))),
              (("unknown_file", (7, 21), (7, 23)),
               (Syntax.Borrow ((("unknown_file", (7, 21), (7, 23)), "p1"),
                  Syntax.Shared,
                  (("unknown_file", (7, 22), (7, 23)), ("x", []))))),
              (("unknown_file", (8, 4), (15, 5)),
               (Syntax.Branch (
                  (("unknown_file", (8, 7), (8, 12)),
                   (Syntax.Prim Syntax.False)),
                  (("unknown_file", (9, 8), (9, 9)),
                   (Syntax.Move (("unknown_file", (9, 8), (9, 9)), ("x", [])))),
                  (("", (1, 0), (1, 0)),
                   (Syntax.Seq (
                      (("unknown_file", (11, 8), (11, 14)),
                       (Syntax.Assign (
                          (("unknown_file", (11, 8), (11, 9)), ("x", [])),
                          (("unknown_file", (11, 8), (11, 14)),
                           (Syntax.BinOp (Syntax.Add,
                              (("unknown_file", (11, 8), (11, 9)),
                               (Syntax.Move
                                  (("unknown_file", (11, 8), (11, 9)),
                                   ("x", [])))),
                              (("unknown_file", (11, 13), (11, 14)),
                               (Syntax.Prim (Syntax.Num 1)))
                              )))
                          ))),
                      (("", (0, 0), (0, 0)),
                       (Syntax.Seq (
                          (("unknown_file", (13, 8), (13, 17)),
                           (Syntax.App (
                              (("unknown_file", (13, 8), (13, 14)),
                               (Syntax.Fn "use_it")),
                              [], [],
                              [(("unknown_file", (13, 15), (13, 16)),
                                (Syntax.Move
                                   (("unknown_file", (13, 15), (13, 16)),
                                    ("y", []))))
                                ]
                              ))),
                          (("unknown_file", (14, 8), (14, 9)),
                           (Syntax.Prim (Syntax.Num 0)))
                          )))
                      )))
                  )))
              )))
          )))));
   (Syntax.FnDef
      ("main", [], [], [], [],
       (("unknown_file", (18, 0), (18, 13)), (Syntax.BaseTy Syntax.Unit)),
       [], (("unknown_file", (18, 10), (18, 13)), (Syntax.Prim Syntax.Unit))));
   (Syntax.FnDef
      ("use_it", [], [], ["T"],
       [("x", (("unknown_file", (20, 16), (20, 17)), (Syntax.TyVar "T")))],
       (("unknown_file", (20, 0), (20, 21)), (Syntax.BaseTy Syntax.Unit)),
       [], (("unknown_file", (20, 19), (20, 21)), (Syntax.Prim Syntax.Unit))))
   ]
