error: (Syntax.SafetyErr (
          (Syntax.Unique, (("unknown_file", (7, 34), (7, 38)), ("void", []))),
          (Syntax.Unique, (("unknown_file", (6, 33), (6, 37)), ("void", [])))
          ))
invalid global environment:
 [(Syntax.FnDef
     ("main", [], [], [],
      (("unknown_file", (3, 0), (3, 2)), (Syntax.BaseTy Syntax.Unit)),
      (("unknown_file", (4, 4), (4, 7)),
       (Syntax.Let ("void",
          (("unknown_file", (4, 18), (4, 20)), (Syntax.BaseTy Syntax.Unit)),
          (("unknown_file", (4, 23), (4, 25)), (Syntax.Prim Syntax.Unit)),
          (("unknown_file", (6, 4), (6, 7)),
           (Syntax.Let ("first",
              (("unknown_file", (6, 15), (6, 16)),
               (Syntax.Ref ((("unknown_file", (6, 16), (6, 17)), "a"),
                  Syntax.Unique,
                  (("unknown_file", (6, 23), (6, 25)),
                   (Syntax.BaseTy Syntax.Unit))
                  ))),
              (("unknown_file", (6, 28), (6, 29)),
               (Syntax.Borrow ((("unknown_file", (6, 28), (6, 29)), "p2"),
                  Syntax.Unique,
                  (("unknown_file", (6, 33), (6, 37)), ("void", []))))),
              (("unknown_file", (7, 4), (7, 7)),
               (Syntax.Let ("second",
                  (("unknown_file", (7, 16), (7, 17)),
                   (Syntax.Ref ((("unknown_file", (7, 17), (7, 18)), "b"),
                      Syntax.Unique,
                      (("unknown_file", (7, 24), (7, 26)),
                       (Syntax.BaseTy Syntax.Unit))
                      ))),
                  (("unknown_file", (7, 29), (7, 30)),
                   (Syntax.Borrow (
                      (("unknown_file", (7, 29), (7, 30)), "p1"),
                      Syntax.Unique,
                      (("unknown_file", (7, 34), (7, 38)), ("void", []))))),
                  (("", (1, 0), (1, 0)),
                   (Syntax.Seq (
                      (("unknown_file", (8, 4), (8, 11)),
                       (Syntax.App (
                          (("unknown_file", (8, 4), (8, 11)),
                           (Syntax.Fn "use_mut")),
                          [], [],
                          [(("unknown_file", (8, 12), (8, 17)),
                            (Syntax.Move
                               (("unknown_file", (8, 12), (8, 17)),
                                ("first", []))))
                            ]
                          ))),
                      (("", (0, 0), (0, 0)),
                       (Syntax.Seq (
                          (("unknown_file", (9, 4), (9, 11)),
                           (Syntax.App (
                              (("unknown_file", (9, 4), (9, 11)),
                               (Syntax.Fn "use_mut")),
                              [], [],
                              [(("unknown_file", (9, 12), (9, 18)),
                                (Syntax.Move
                                   (("unknown_file", (9, 12), (9, 18)),
                                    ("second", []))))
                                ]
                              ))),
                          (("unknown_file", (9, 19), (9, 20)),
                           (Syntax.Prim Syntax.Unit))
                          )))
                      )))
                  )))
              )))
          )))));
   (Syntax.FnDef
      ("use_mut", [(("unknown_file", (12, 11), (12, 12)), "a")], ["T"],
       [("x",
         (("unknown_file", (12, 21), (12, 22)),
          (Syntax.Ref ((("unknown_file", (12, 22), (12, 23)), "a"),
             Syntax.Unique,
             (("unknown_file", (12, 29), (12, 30)), (Syntax.TyVar "T"))))))
         ],
       (("unknown_file", (12, 0), (12, 2)), (Syntax.BaseTy Syntax.Unit)),
       (("unknown_file", (12, 32), (12, 35)), (Syntax.Prim Syntax.Unit))));
   (Syntax.FnDef
      ("use_ref", [(("unknown_file", (12, 47), (12, 48)), "a")], ["T"],
       [("x",
         (("unknown_file", (12, 57), (12, 58)),
          (Syntax.Ref ((("unknown_file", (12, 58), (12, 59)), "a"),
             Syntax.Shared,
             (("unknown_file", (12, 61), (12, 62)), (Syntax.TyVar "T"))))))
         ],
       (("unknown_file", (12, 36), (12, 38)), (Syntax.BaseTy Syntax.Unit)),
       (("unknown_file", (12, 64), (12, 67)), (Syntax.Prim Syntax.Unit))))
   ]
