error: (Syntax.PartiallyMoved (
          (("unknown_file", (10, 12), (10, 15)), ("arg", [])),
          (("unknown_file", (7, 53), (7, 62)),
           (Syntax.Uninit
              (("unknown_file", (7, 53), (7, 62)),
               (Syntax.Ref ((("unknown_file", (7, 54), (7, 56)), "a"),
                  Syntax.Unique,
                  (("unknown_file", (7, 61), (7, 62)), (Syntax.TyVar "T")))))))
          ))
invalid global environment:
 [(Syntax.RecStructDef
     (false, "FuncWrapper", [(("unknown_file", (3, 19), (3, 21)), "a")],
      ["T"],
      [("func",
        (("unknown_file", (4, 11), (4, 30)),
         (Syntax.Fun ([], [], [],
            [(("unknown_file", (4, 14), (4, 23)),
              (Syntax.Ref ((("unknown_file", (4, 15), (4, 17)), "a"),
                 Syntax.Unique,
                 (("unknown_file", (4, 22), (4, 23)), (Syntax.TyVar "T")))))
              ],
            Syntax.Unboxed,
            (("unknown_file", (4, 28), (4, 30)), (Syntax.BaseTy Syntax.Unit)),
            []))))
        ]));
   (Syntax.FnDef
      ("in_loop", [], [(("unknown_file", (7, 11), (7, 13)), "a")], ["T"],
       [("wrapper",
         (("unknown_file", (7, 27), (7, 45)),
          (Syntax.Struct ("FuncWrapper",
             [(("unknown_file", (7, 39), (7, 41)), "a")],
             [(("unknown_file", (7, 43), (7, 44)), (Syntax.TyVar "T"))], None
             ))));
         ("arg",
          (("unknown_file", (7, 53), (7, 62)),
           (Syntax.Ref ((("unknown_file", (7, 54), (7, 56)), "a"),
              Syntax.Unique,
              (("unknown_file", (7, 61), (7, 62)), (Syntax.TyVar "T"))))))
         ],
       (("unknown_file", (7, 0), (12, 1)), (Syntax.BaseTy Syntax.Unit)), 
       [],
       (("unknown_file", (8, 4), (8, 54)),
        (Syntax.Let ("tmp",
           (("unknown_file", (8, 13), (8, 37)),
            (Syntax.Ref ((("unknown_file", (8, 14), (8, 17)), "t0"),
               Syntax.Shared,
               (("unknown_file", (8, 18), (8, 37)),
                (Syntax.Fun ([], [], [],
                   [(("unknown_file", (8, 21), (8, 30)),
                     (Syntax.Ref ((("unknown_file", (8, 22), (8, 24)), "a"),
                        Syntax.Unique,
                        (("unknown_file", (8, 29), (8, 30)),
                         (Syntax.TyVar "T"))
                        )))
                     ],
                   Syntax.Unboxed,
                   (("unknown_file", (8, 35), (8, 37)),
                    (Syntax.BaseTy Syntax.Unit)),
                   [])))
               ))),
           (("unknown_file", (8, 40), (8, 53)),
            (Syntax.Borrow ((("unknown_file", (8, 40), (8, 53)), "p1"),
               Syntax.Shared,
               (("unknown_file", (8, 41), (8, 48)),
                ("wrapper", [(Syntax.Field "func")]))
               ))),
           (("unknown_file", (9, 4), (11, 5)),
            (Syntax.While (
               (("unknown_file", (9, 4), (9, 8)), (Syntax.Prim Syntax.True)),
               (("unknown_file", (10, 8), (10, 16)),
                (Syntax.App (
                   (("unknown_file", (10, 8), (10, 11)), (Syntax.Fn "tmp")),
                   [], [], [],
                   [(("unknown_file", (10, 12), (10, 15)),
                     (Syntax.Move
                        (("unknown_file", (10, 12), (10, 15)), ("arg", []))))
                     ]
                   )))
               )))
           )))));
   (Syntax.FnDef
      ("main", [], [], [], [],
       (("unknown_file", (14, 0), (15, 1)), (Syntax.BaseTy Syntax.Unit)), 
       [], (("unknown_file", (14, 10), (15, 1)), (Syntax.Prim Syntax.Unit))))
   ]
