error: (Syntax.PartiallyMoved (
          (("unknown_file", (10, 12), (10, 15)), ("arg", [])),
          (("unknown_file", (7, 54), (7, 63)),
           (Syntax.Uninit
              (("unknown_file", (7, 54), (7, 63)),
               (Syntax.Ref ((("unknown_file", (7, 55), (7, 57)), "a"),
                  Syntax.Unique,
                  (("unknown_file", (7, 62), (7, 63)), (Syntax.TyVar "T")))))))
          ))
invalid global environment:
 [(Syntax.RecStructDef
     (false, "FuncWrapper", [(("unknown_file", (3, 19), (3, 21)), "a")],
      ["T"],
      [("func",
        (("unknown_file", (4, 11), (4, 30)),
         (Syntax.Fun ([], [], [],
            [(("unknown_file", (4, 14), (4, 23)),
              (Syntax.Ref ((("unknown_file", (4, 15), (4, 17)), "a"),
                 Syntax.Unique,
                 (("unknown_file", (4, 22), (4, 23)), (Syntax.TyVar "T")))))
              ],
            Syntax.Unboxed,
            (("unknown_file", (4, 28), (4, 30)), (Syntax.BaseTy Syntax.Unit))
            ))))
        ]));
   (Syntax.FnDef
      ("in_while", [], [(("unknown_file", (7, 12), (7, 14)), "a")], ["T"],
       [("wrapper",
         (("unknown_file", (7, 28), (7, 46)),
          (Syntax.Struct ("FuncWrapper",
             [(("unknown_file", (7, 40), (7, 42)), "a")],
             [(("unknown_file", (7, 44), (7, 45)), (Syntax.TyVar "T"))], None
             ))));
         ("arg",
          (("unknown_file", (7, 54), (7, 63)),
           (Syntax.Ref ((("unknown_file", (7, 55), (7, 57)), "a"),
              Syntax.Unique,
              (("unknown_file", (7, 62), (7, 63)), (Syntax.TyVar "T"))))))
         ],
       (("unknown_file", (7, 0), (12, 1)), (Syntax.BaseTy Syntax.Unit)), 
       [],
       (("unknown_file", (8, 4), (8, 53)),
        (Syntax.Let ("tmp",
           (("unknown_file", (8, 13), (8, 36)),
            (Syntax.Ref ((("unknown_file", (8, 14), (8, 16)), "t"),
               Syntax.Shared,
               (("unknown_file", (8, 17), (8, 36)),
                (Syntax.Fun ([], [], [],
                   [(("unknown_file", (8, 20), (8, 29)),
                     (Syntax.Ref ((("unknown_file", (8, 21), (8, 23)), "a"),
                        Syntax.Unique,
                        (("unknown_file", (8, 28), (8, 29)),
                         (Syntax.TyVar "T"))
                        )))
                     ],
                   Syntax.Unboxed,
                   (("unknown_file", (8, 34), (8, 36)),
                    (Syntax.BaseTy Syntax.Unit))
                   )))
               ))),
           (("unknown_file", (8, 39), (8, 52)),
            (Syntax.Borrow ((("unknown_file", (8, 39), (8, 52)), "p1"),
               Syntax.Shared,
               (("unknown_file", (8, 40), (8, 47)),
                ("wrapper", [(Syntax.Field "func")]))
               ))),
           (("unknown_file", (9, 4), (11, 5)),
            (Syntax.While (
               (("unknown_file", (9, 10), (9, 14)), (Syntax.Prim Syntax.True)),
               (("unknown_file", (10, 8), (10, 16)),
                (Syntax.App (
                   (("unknown_file", (10, 8), (10, 11)), (Syntax.Fn "tmp")),
                   [], [], [],
                   [(("unknown_file", (10, 12), (10, 15)),
                     (Syntax.Move
                        (("unknown_file", (10, 12), (10, 15)), ("arg", []))))
                     ]
                   )))
               )))
           )))));
   (Syntax.FnDef
      ("main", [], [], [], [],
       (("unknown_file", (14, 0), (15, 1)), (Syntax.BaseTy Syntax.Unit)), 
       [], (("unknown_file", (14, 10), (15, 1)), (Syntax.Prim Syntax.Unit))))
   ]
