valid global environment:
 [(Syntax.FnDef
     ("main", [], [], [],
      (("unknown_file", (3, 0), (3, 2)), (Syntax.BaseTy Syntax.Unit)),
      (("unknown_file", (4, 4), (4, 7)),
       (Syntax.Let ("tmp",
          (("unknown_file", (4, 13), (4, 16)), (Syntax.BaseTy Syntax.U32)),
          (("unknown_file", (4, 19), (4, 20)), (Syntax.Prim (Syntax.Num 0))),
          (("unknown_file", (5, 4), (5, 5)),
           (Syntax.App ((("unknown_file", (5, 4), (5, 5)), (Syntax.Fn "f")),
              [(("unknown_file", (5, 8), (5, 9)), "tmp")], [],
              [(("unknown_file", (5, 14), (5, 15)),
                (Syntax.Borrow ((("unknown_file", (5, 14), (5, 15)), "p1"),
                   Syntax.Unique,
                   (("unknown_file", (5, 19), (5, 22)), ("tmp", [])))))
                ]
              )))
          )))));
   (Syntax.FnDef
      ("f", [(("unknown_file", (8, 5), (8, 6)), "b")], [],
       [("b",
         (("unknown_file", (8, 12), (8, 13)),
          (Syntax.Ref ((("unknown_file", (8, 13), (8, 14)), "b"),
             Syntax.Unique,
             (("unknown_file", (8, 20), (8, 23)), (Syntax.BaseTy Syntax.U32))
             ))))
         ],
       (("unknown_file", (8, 0), (8, 2)), (Syntax.BaseTy Syntax.Unit)),
       (("unknown_file", (9, 4), (9, 5)),
        (Syntax.App ((("unknown_file", (9, 4), (9, 5)), (Syntax.Fn "g")),
           [(("unknown_file", (9, 8), (9, 9)), "b")], [],
           [(("unknown_file", (9, 12), (9, 13)),
             (Syntax.Borrow ((("unknown_file", (9, 12), (9, 13)), "p2"),
                Syntax.Unique,
                (("unknown_file", (9, 17), (9, 18)), ("b", [])))))
             ]
           )))));
   (Syntax.FnDef
      ("g", [(("unknown_file", (12, 5), (12, 6)), "a")], [],
       [("",
         (("unknown_file", (12, 12), (12, 13)),
          (Syntax.Ref ((("unknown_file", (12, 13), (12, 14)), "a"),
             Syntax.Unique,
             (("unknown_file", (12, 20), (12, 23)),
              (Syntax.BaseTy Syntax.U32))
             ))))
         ],
       (("unknown_file", (12, 0), (12, 2)), (Syntax.BaseTy Syntax.Unit)),
       (("unknown_file", (12, 25), (12, 27)), (Syntax.Prim Syntax.Unit))))
   ]
