error: (Syntax.UnboundLoanInProv (
          (Syntax.Shared, (("unknown_file", (21, 20), (21, 21)), ("y", []))),
          (("unknown_file", (15, 16), (15, 29)), "p")))
invalid global environment:
 [(Syntax.FnDef
     ("test", [], [], [], [],
      (("unknown_file", (12, 0), (31, 1)), (Syntax.BaseTy Syntax.Unit)), 
      [],
      (("unknown_file", (14, 4), (14, 15)),
       (Syntax.Let ("x", (("unknown_file", (14, 4), (14, 7)), Syntax.Infer),
          (("unknown_file", (14, 12), (14, 14)),
           (Syntax.Prim (Syntax.Num 44))),
          (("unknown_file", (15, 4), (15, 30)),
           (Syntax.Let ("p",
              (("unknown_file", (15, 4), (15, 7)), Syntax.Infer),
              (("unknown_file", (15, 16), (15, 29)),
               (Syntax.Borrow ((("unknown_file", (15, 16), (15, 29)), "p"),
                  Syntax.Shared,
                  (("unknown_file", (15, 28), (15, 29)), ("x", []))))),
              (("", (3, 0), (3, 0)),
               (Syntax.Seq (
                  (("unknown_file", (18, 8), (18, 19)),
                   (Syntax.Let ("y",
                      (("unknown_file", (18, 8), (18, 11)), Syntax.Infer),
                      (("unknown_file", (18, 16), (18, 18)),
                       (Syntax.Prim (Syntax.Num 22))),
                      (("unknown_file", (20, 8), (20, 26)),
                       (Syntax.Let ("tmp0",
                          (("unknown_file", (20, 8), (20, 11)), Syntax.Infer),
                          (("unknown_file", (20, 19), (20, 25)),
                           (Syntax.Borrow (
                              (("unknown_file", (20, 19), (20, 25)), "p2"),
                              Syntax.Unique,
                              (("unknown_file", (20, 24), (20, 25)),
                               ("p", []))
                              ))),
                          (("unknown_file", (21, 8), (21, 22)),
                           (Syntax.Let ("tmp1",
                              (("unknown_file", (21, 8), (21, 11)),
                               Syntax.Infer),
                              (("unknown_file", (21, 19), (21, 21)),
                               (Syntax.Borrow (
                                  (("unknown_file", (21, 19), (21, 21)), "p1"),
                                  Syntax.Shared,
                                  (("unknown_file", (21, 20), (21, 21)),
                                   ("y", []))
                                  ))),
                              (("unknown_file", (22, 8), (25, 10)),
                               (Syntax.Let ("closure",
                                  (("unknown_file", (22, 8), (22, 11)),
                                   Syntax.Infer),
                                  (("unknown_file", (22, 26), (25, 9)),
                                   (Syntax.Fun ([], [], [], None,
                                      (("unknown_file", (23, 12), (23, 47)),
                                       (Syntax.Let ("closure1",
                                          (("unknown_file", (23, 12),
                                            (23, 15)),
                                           Syntax.Infer),
                                          (("unknown_file", (23, 31),
                                            (23, 46)),
                                           (Syntax.Fun ([], [], [], None,
                                              (("unknown_file", (23, 34),
                                                (23, 46)),
                                               (Syntax.Assign (
                                                  (("unknown_file", (
                                                    23, 35), (23, 39)),
                                                   ("tmp0", [Syntax.Deref])),
                                                  (("unknown_file", (
                                                    23, 42), (23, 46)),
                                                   (Syntax.Move
                                                      (("unknown_file",
                                                        (23, 42), (23, 46)),
                                                       ("tmp1", []))))
                                                  )))
                                              ))),
                                          (("", (2, 0), (2, 0)),
                                           (Syntax.Seq (
                                              (("unknown_file", (24, 12),
                                                (24, 22)),
                                               (Syntax.App (
                                                  (("unknown_file", (
                                                    24, 12), (24, 20)),
                                                   (Syntax.Fn "closure1")),
                                                  [], [], [], []))),
                                              (("unknown_file", (24, 22),
                                                (24, 23)),
                                               (Syntax.Prim Syntax.Unit))
                                              )))
                                          )))
                                      ))),
                                  (("", (1, 0), (1, 0)),
                                   (Syntax.Seq (
                                      (("unknown_file", (27, 8), (27, 17)),
                                       (Syntax.App (
                                          (("unknown_file", (27, 8), (27, 15)),
                                           (Syntax.Fn "closure")),
                                          [], [], [], []))),
                                      (("unknown_file", (27, 17), (27, 18)),
                                       (Syntax.Prim Syntax.Unit))
                                      )))
                                  )))
                              )))
                          )))
                      ))),
                  (("", (0, 0), (0, 0)),
                   (Syntax.Seq (
                      (("unknown_file", (30, 4), (30, 18)),
                       (Syntax.App (
                          (("unknown_file", (30, 4), (30, 15)),
                           (Syntax.Fn "deref")),
                          [], [(("unknown_file", (30, 12), (30, 14)), "p")],
                          [],
                          [(("unknown_file", (30, 16), (30, 17)),
                            (Syntax.Move
                               (("unknown_file", (30, 16), (30, 17)),
                                ("p", []))))
                            ]
                          ))),
                      (("unknown_file", (30, 18), (30, 19)),
                       (Syntax.Prim Syntax.Unit))
                      )))
                  )))
              )))
          )))));
   (Syntax.FnDef
      ("deref", [], [(("unknown_file", (33, 9), (33, 11)), "a")], [],
       [("_p",
         (("unknown_file", (33, 17), (33, 24)),
          (Syntax.Ref ((("unknown_file", (33, 18), (33, 20)), "a"),
             Syntax.Shared,
             (("unknown_file", (33, 21), (33, 24)),
              (Syntax.BaseTy Syntax.U32))
             ))))
         ],
       (("unknown_file", (33, 0), (33, 29)), (Syntax.BaseTy Syntax.Unit)),
       [], (("unknown_file", (33, 26), (33, 29)), (Syntax.Prim Syntax.Unit))));
   (Syntax.FnDef
      ("main", [], [], [], [],
       (("unknown_file", (35, 0), (35, 13)), (Syntax.BaseTy Syntax.Unit)),
       [], (("unknown_file", (35, 10), (35, 13)), (Syntax.Prim Syntax.Unit))))
   ]
