error: (Syntax.UnboundLoanInProv (
          (("unknown_file", (24, 20), (24, 21)), ("y", [])),
          (("unknown_file", (19, 16), (19, 31)), "p")))
invalid global environment:
 [(Syntax.FnDef
     ("test", [], [], [], [],
      (("unknown_file", (16, 0), (31, 1)), (Syntax.BaseTy Syntax.Unit)), 
      [],
      (("unknown_file", (18, 4), (18, 15)),
       (Syntax.Let ("x", (("unknown_file", (18, 4), (18, 7)), Syntax.Infer),
          (("unknown_file", (18, 12), (18, 14)),
           (Syntax.Prim (Syntax.Num 44))),
          (("unknown_file", (19, 4), (19, 32)),
           (Syntax.Let ("p",
              (("unknown_file", (19, 4), (19, 7)), Syntax.Infer),
              (("unknown_file", (19, 16), (19, 31)),
               (Syntax.Borrow ((("unknown_file", (19, 16), (19, 31)), "p"),
                  Syntax.Shared,
                  (("unknown_file", (19, 30), (19, 31)), ("x", []))))),
              (("", (2, 0), (2, 0)),
               (Syntax.Seq (
                  (("unknown_file", (22, 8), (22, 19)),
                   (Syntax.Let ("y",
                      (("unknown_file", (22, 8), (22, 11)), Syntax.Infer),
                      (("unknown_file", (22, 16), (22, 18)),
                       (Syntax.Prim (Syntax.Num 22))),
                      (("unknown_file", (23, 8), (23, 26)),
                       (Syntax.Let ("tmp0",
                          (("unknown_file", (23, 8), (23, 11)), Syntax.Infer),
                          (("unknown_file", (23, 19), (23, 25)),
                           (Syntax.Borrow (
                              (("unknown_file", (23, 19), (23, 25)), "p2"),
                              Syntax.Unique,
                              (("unknown_file", (23, 24), (23, 25)),
                               ("p", []))
                              ))),
                          (("unknown_file", (24, 8), (24, 22)),
                           (Syntax.Let ("tmp1",
                              (("unknown_file", (24, 8), (24, 11)),
                               Syntax.Infer),
                              (("unknown_file", (24, 19), (24, 21)),
                               (Syntax.Borrow (
                                  (("unknown_file", (24, 19), (24, 21)), "p1"),
                                  Syntax.Shared,
                                  (("unknown_file", (24, 20), (24, 21)),
                                   ("y", []))
                                  ))),
                              (("unknown_file", (25, 8), (25, 42)),
                               (Syntax.Let ("closure",
                                  (("unknown_file", (25, 8), (25, 11)),
                                   Syntax.Infer),
                                  (("unknown_file", (25, 26), (25, 41)),
                                   (Syntax.Fun ([], [], [], None,
                                      (("unknown_file", (25, 29), (25, 41)),
                                       (Syntax.Assign (
                                          (("unknown_file", (25, 30),
                                            (25, 34)),
                                           ("tmp0", [Syntax.Deref])),
                                          (("unknown_file", (25, 37),
                                            (25, 41)),
                                           (Syntax.Move
                                              (("unknown_file", (25, 37),
                                                (25, 41)),
                                               ("tmp1", []))))
                                          )))
                                      ))),
                                  (("", (1, 0), (1, 0)),
                                   (Syntax.Seq (
                                      (("unknown_file", (27, 8), (27, 17)),
                                       (Syntax.App (
                                          (("unknown_file", (27, 8), (27, 15)),
                                           (Syntax.Fn "closure")),
                                          [], [], [], []))),
                                      (("unknown_file", (27, 17), (27, 18)),
                                       (Syntax.Prim Syntax.Unit))
                                      )))
                                  )))
                              )))
                          )))
                      ))),
                  (("", (0, 0), (0, 0)),
                   (Syntax.Seq (
                      (("unknown_file", (30, 4), (30, 18)),
                       (Syntax.App (
                          (("unknown_file", (30, 4), (30, 15)),
                           (Syntax.Fn "deref")),
                          [], [(("unknown_file", (30, 12), (30, 14)), "p")],
                          [],
                          [(("unknown_file", (30, 16), (30, 17)),
                            (Syntax.Move
                               (("unknown_file", (30, 16), (30, 17)),
                                ("p", []))))
                            ]
                          ))),
                      (("unknown_file", (30, 18), (30, 19)),
                       (Syntax.Prim Syntax.Unit))
                      )))
                  )))
              )))
          )))));
   (Syntax.FnDef
      ("deref", [], [(("unknown_file", (33, 9), (33, 11)), "a")], [],
       [("_p",
         (("unknown_file", (33, 17), (33, 24)),
          (Syntax.Ref ((("unknown_file", (33, 18), (33, 20)), "a"),
             Syntax.Shared,
             (("unknown_file", (33, 21), (33, 24)),
              (Syntax.BaseTy Syntax.U32))
             ))))
         ],
       (("unknown_file", (33, 0), (33, 29)), (Syntax.BaseTy Syntax.Unit)),
       [], (("unknown_file", (33, 26), (33, 29)), (Syntax.Prim Syntax.Unit))));
   (Syntax.FnDef
      ("main", [], [], [], [],
       (("unknown_file", (35, 0), (35, 13)), (Syntax.BaseTy Syntax.Unit)),
       [], (("unknown_file", (35, 10), (35, 13)), (Syntax.Prim Syntax.Unit))))
   ]
