valid global environment:
 [(Syntax.FnDef
     ("foo", [],
      [(("unknown_file", (7, 7), (7, 9)), "a");
        (("unknown_file", (7, 11), (7, 13)), "b")],
      [],
      [("x",
        (("unknown_file", (7, 18), (7, 29)),
         (Syntax.Ref ((("unknown_file", (7, 19), (7, 21)), "a"),
            Syntax.Shared,
            (("unknown_file", (7, 22), (7, 29)),
             (Syntax.Ref ((("unknown_file", (7, 23), (7, 25)), "b"),
                Syntax.Shared,
                (("unknown_file", (7, 26), (7, 29)),
                 (Syntax.BaseTy Syntax.U32))
                )))
            ))))
        ],
      (("unknown_file", (7, 34), (7, 41)),
       (Syntax.Ref ((("unknown_file", (7, 35), (7, 37)), "a"), Syntax.Shared,
          (("unknown_file", (7, 38), (7, 41)), (Syntax.BaseTy Syntax.U32))))),
      [((("unknown_file", (7, 52), (7, 54)), "a"),
        (("unknown_file", (7, 48), (7, 50)), "b"))],
      (("unknown_file", (8, 4), (8, 8)),
       (Syntax.Borrow ((("unknown_file", (8, 4), (8, 8)), "p1"),
          Syntax.Shared,
          (("unknown_file", (8, 7), (8, 8)),
           ("x", [Syntax.Deref; Syntax.Deref]))
          )))));
   (Syntax.FnDef
      ("main", [], [], [], [],
       (("unknown_file", (11, 0), (11, 12)), (Syntax.BaseTy Syntax.Unit)),
       [], (("unknown_file", (11, 10), (11, 12)), (Syntax.Prim Syntax.Unit))))
   ]
